{"/Users/julianbowman/Desktop/JavaScript/catwalk/catwalk/API/config.js": {"path":"/Users/julianbowman/Desktop/JavaScript/catwalk/catwalk/API/config.js","statementMap":{"0":{"start":{"line":1,"column":0},"end":{"line":3,"column":2}}},"fnMap":{},"branchMap":{},"s":{"0":5},"f":{},"b":{},"_coverageSchema":"1a1c01bbd47fc00a2c39e90264f33305004495a9","hash":"31d9600ce788cad505c1d39d3f37de296dbb22a2"}
,"/Users/julianbowman/Desktop/JavaScript/catwalk/catwalk/API/helper.js": {"path":"/Users/julianbowman/Desktop/JavaScript/catwalk/catwalk/API/helper.js","statementMap":{"0":{"start":{"line":6,"column":14},"end":{"line":6,"column":30}},"1":{"start":{"line":7,"column":15},"end":{"line":7,"column":37}},"2":{"start":{"line":9,"column":22},"end":{"line":21,"column":2}},"3":{"start":{"line":9,"column":36},"end":{"line":21,"column":2}},"4":{"start":{"line":10,"column":2},"end":{"line":20,"column":7}},"5":{"start":{"line":16,"column":6},"end":{"line":16,"column":24}},"6":{"start":{"line":19,"column":6},"end":{"line":19,"column":20}},"7":{"start":{"line":23,"column":0},"end":{"line":23,"column":45}}},"fnMap":{"0":{"name":"(anonymous_0)","decl":{"start":{"line":9,"column":22},"end":{"line":9,"column":23}},"loc":{"start":{"line":9,"column":36},"end":{"line":21,"column":2}},"line":9},"1":{"name":"(anonymous_1)","decl":{"start":{"line":9,"column":48},"end":{"line":9,"column":49}},"loc":{"start":{"line":9,"column":69},"end":{"line":21,"column":1}},"line":9},"2":{"name":"(anonymous_2)","decl":{"start":{"line":15,"column":10},"end":{"line":15,"column":11}},"loc":{"start":{"line":15,"column":19},"end":{"line":17,"column":5}},"line":15},"3":{"name":"(anonymous_3)","decl":{"start":{"line":18,"column":11},"end":{"line":18,"column":12}},"loc":{"start":{"line":18,"column":22},"end":{"line":20,"column":5}},"line":18}},"branchMap":{},"s":{"0":5,"1":5,"2":5,"3":0,"4":0,"5":0,"6":0,"7":5},"f":{"0":0,"1":0,"2":0,"3":0},"b":{},"_coverageSchema":"1a1c01bbd47fc00a2c39e90264f33305004495a9","hash":"c270bbde450b11621b2760f0703716830ae8462b"}
,"/Users/julianbowman/Desktop/JavaScript/catwalk/catwalk/client/src/App.jsx": {"path":"/Users/julianbowman/Desktop/JavaScript/catwalk/catwalk/client/src/App.jsx","statementMap":{"0":{"start":{"line":22,"column":12},"end":{"line":73,"column":1}},"1":{"start":{"line":23,"column":39},"end":{"line":23,"column":56}},"2":{"start":{"line":24,"column":35},"end":{"line":24,"column":45}},"3":{"start":{"line":25,"column":33},"end":{"line":25,"column":43}},"4":{"start":{"line":26,"column":40},"end":{"line":26,"column":50}},"5":{"start":{"line":28,"column":2},"end":{"line":44,"column":18}},"6":{"start":{"line":29,"column":4},"end":{"line":43,"column":9}},"7":{"start":{"line":31,"column":8},"end":{"line":31,"column":35}},"8":{"start":{"line":32,"column":8},"end":{"line":39,"column":13}},"9":{"start":{"line":34,"column":12},"end":{"line":34,"column":45}},"10":{"start":{"line":35,"column":12},"end":{"line":38,"column":17}},"11":{"start":{"line":37,"column":16},"end":{"line":37,"column":43}},"12":{"start":{"line":42,"column":8},"end":{"line":42,"column":50}},"13":{"start":{"line":46,"column":2},"end":{"line":72,"column":4}}},"fnMap":{"0":{"name":"(anonymous_0)","decl":{"start":{"line":22,"column":12},"end":{"line":22,"column":13}},"loc":{"start":{"line":22,"column":23},"end":{"line":73,"column":1}},"line":22},"1":{"name":"(anonymous_1)","decl":{"start":{"line":28,"column":12},"end":{"line":28,"column":13}},"loc":{"start":{"line":28,"column":18},"end":{"line":44,"column":3}},"line":28},"2":{"name":"(anonymous_2)","decl":{"start":{"line":30,"column":12},"end":{"line":30,"column":13}},"loc":{"start":{"line":30,"column":29},"end":{"line":40,"column":7}},"line":30},"3":{"name":"(anonymous_3)","decl":{"start":{"line":33,"column":16},"end":{"line":33,"column":17}},"loc":{"start":{"line":33,"column":32},"end":{"line":39,"column":11}},"line":33},"4":{"name":"(anonymous_4)","decl":{"start":{"line":36,"column":20},"end":{"line":36,"column":21}},"loc":{"start":{"line":36,"column":36},"end":{"line":38,"column":15}},"line":36},"5":{"name":"(anonymous_5)","decl":{"start":{"line":41,"column":13},"end":{"line":41,"column":14}},"loc":{"start":{"line":41,"column":24},"end":{"line":43,"column":7}},"line":41}},"branchMap":{},"s":{"0":1,"1":1,"2":1,"3":1,"4":1,"5":1,"6":0,"7":0,"8":0,"9":0,"10":0,"11":0,"12":0,"13":1},"f":{"0":1,"1":0,"2":0,"3":0,"4":0,"5":0},"b":{},"_coverageSchema":"1a1c01bbd47fc00a2c39e90264f33305004495a9","hash":"6dfe200cf279bcf1fe71c880035f446e5a7042a5"}
,"/Users/julianbowman/Desktop/JavaScript/catwalk/catwalk/client/src/Stars.jsx": {"path":"/Users/julianbowman/Desktop/JavaScript/catwalk/catwalk/client/src/Stars.jsx","statementMap":{"0":{"start":{"line":12,"column":14},"end":{"line":56,"column":1}},"1":{"start":{"line":13,"column":18},"end":{"line":13,"column":44}},"2":{"start":{"line":15,"column":2},"end":{"line":50,"column":3}},"3":{"start":{"line":16,"column":25},"end":{"line":17,"column":51}},"4":{"start":{"line":19,"column":31},"end":{"line":19,"column":73}},"5":{"start":{"line":20,"column":25},"end":{"line":22,"column":6}},"6":{"start":{"line":21,"column":6},"end":{"line":21,"column":20}},"7":{"start":{"line":23,"column":25},"end":{"line":23,"column":50}},"8":{"start":{"line":25,"column":20},"end":{"line":29,"column":66}},"9":{"start":{"line":31,"column":25},"end":{"line":31,"column":54}},"10":{"start":{"line":33,"column":4},"end":{"line":49,"column":6}},"11":{"start":{"line":51,"column":2},"end":{"line":55,"column":4}}},"fnMap":{"0":{"name":"(anonymous_0)","decl":{"start":{"line":12,"column":14},"end":{"line":12,"column":15}},"loc":{"start":{"line":12,"column":25},"end":{"line":56,"column":1}},"line":12},"1":{"name":"(anonymous_1)","decl":{"start":{"line":20,"column":47},"end":{"line":20,"column":48}},"loc":{"start":{"line":21,"column":6},"end":{"line":21,"column":20}},"line":21}},"branchMap":{"0":{"loc":{"start":{"line":15,"column":2},"end":{"line":50,"column":3}},"type":"if","locations":[{"start":{"line":15,"column":2},"end":{"line":50,"column":3}},{"start":{"line":15,"column":2},"end":{"line":50,"column":3}}],"line":15},"1":{"loc":{"start":{"line":15,"column":6},"end":{"line":15,"column":80}},"type":"binary-expr","locations":[{"start":{"line":15,"column":6},"end":{"line":15,"column":25}},{"start":{"line":15,"column":29},"end":{"line":15,"column":80}}],"line":15}},"s":{"0":3,"1":0,"2":0,"3":0,"4":0,"5":0,"6":0,"7":0,"8":0,"9":0,"10":0,"11":0},"f":{"0":0,"1":0},"b":{"0":[0,0],"1":[0,0]},"_coverageSchema":"1a1c01bbd47fc00a2c39e90264f33305004495a9","hash":"52337cc35244ff2d19797fc283a997450eb14a1d"}
,"/Users/julianbowman/Desktop/JavaScript/catwalk/catwalk/client/src/contexts/ProductContext.js": {"path":"/Users/julianbowman/Desktop/JavaScript/catwalk/catwalk/client/src/contexts/ProductContext.js","statementMap":{"0":{"start":{"line":10,"column":30},"end":{"line":10,"column":45}}},"fnMap":{},"branchMap":{},"s":{"0":4},"f":{},"b":{},"_coverageSchema":"1a1c01bbd47fc00a2c39e90264f33305004495a9","hash":"b6a56e716b9e63b50f6e819c14a1e786ce9fd563"}
,"/Users/julianbowman/Desktop/JavaScript/catwalk/catwalk/client/src/contexts/QaContext.js": {"path":"/Users/julianbowman/Desktop/JavaScript/catwalk/catwalk/client/src/contexts/QaContext.js","statementMap":{"0":{"start":{"line":3,"column":18},"end":{"line":10,"column":2}}},"fnMap":{"0":{"name":"(anonymous_0)","decl":{"start":{"line":5,"column":19},"end":{"line":5,"column":20}},"loc":{"start":{"line":5,"column":25},"end":{"line":5,"column":27}},"line":5},"1":{"name":"(anonymous_1)","decl":{"start":{"line":7,"column":15},"end":{"line":7,"column":16}},"loc":{"start":{"line":7,"column":21},"end":{"line":7,"column":23}},"line":7},"2":{"name":"(anonymous_2)","decl":{"start":{"line":9,"column":14},"end":{"line":9,"column":15}},"loc":{"start":{"line":9,"column":20},"end":{"line":9,"column":22}},"line":9}},"branchMap":{},"s":{"0":2},"f":{"0":0,"1":0,"2":0},"b":{},"_coverageSchema":"1a1c01bbd47fc00a2c39e90264f33305004495a9","hash":"39d04101563ae8e662d4729863901ac74dae75be"}
,"/Users/julianbowman/Desktop/JavaScript/catwalk/catwalk/client/src/contexts/ReviewContext.js": {"path":"/Users/julianbowman/Desktop/JavaScript/catwalk/catwalk/client/src/contexts/ReviewContext.js","statementMap":{"0":{"start":{"line":3,"column":22},"end":{"line":3,"column":43}}},"fnMap":{},"branchMap":{},"s":{"0":3},"f":{},"b":{},"_coverageSchema":"1a1c01bbd47fc00a2c39e90264f33305004495a9","hash":"6b3b2710e3bdc9a080fb49435662ab5312945172"}
,"/Users/julianbowman/Desktop/JavaScript/catwalk/catwalk/client/src/contexts/StyleContext.js": {"path":"/Users/julianbowman/Desktop/JavaScript/catwalk/catwalk/client/src/contexts/StyleContext.js","statementMap":{"0":{"start":{"line":5,"column":28},"end":{"line":5,"column":43}}},"fnMap":{},"branchMap":{},"s":{"0":2},"f":{},"b":{},"_coverageSchema":"1a1c01bbd47fc00a2c39e90264f33305004495a9","hash":"84ecced19611f0a3b78f3688bdf1628264e7500e"}
,"/Users/julianbowman/Desktop/JavaScript/catwalk/catwalk/client/src/widgets/overview/AddToCart.jsx": {"path":"/Users/julianbowman/Desktop/JavaScript/catwalk/catwalk/client/src/widgets/overview/AddToCart.jsx","statementMap":{"0":{"start":{"line":21,"column":24},"end":{"line":21,"column":50}},"1":{"start":{"line":22,"column":27},"end":{"line":22,"column":51}},"2":{"start":{"line":23,"column":34},"end":{"line":23,"column":76}},"3":{"start":{"line":24,"column":36},"end":{"line":24,"column":76}},"4":{"start":{"line":25,"column":42},"end":{"line":25,"column":57}},"5":{"start":{"line":26,"column":32},"end":{"line":26,"column":44}},"6":{"start":{"line":27,"column":36},"end":{"line":27,"column":47}},"7":{"start":{"line":28,"column":32},"end":{"line":28,"column":47}},"8":{"start":{"line":29,"column":42},"end":{"line":29,"column":53}},"9":{"start":{"line":30,"column":30},"end":{"line":30,"column":41}},"10":{"start":{"line":31,"column":19},"end":{"line":43,"column":3}},"11":{"start":{"line":32,"column":22},"end":{"line":32,"column":24}},"12":{"start":{"line":33,"column":4},"end":{"line":41,"column":5}},"13":{"start":{"line":34,"column":6},"end":{"line":36,"column":7}},"14":{"start":{"line":34,"column":19},"end":{"line":34,"column":20}},"15":{"start":{"line":35,"column":8},"end":{"line":35,"column":26}},"16":{"start":{"line":38,"column":6},"end":{"line":40,"column":7}},"17":{"start":{"line":38,"column":19},"end":{"line":38,"column":20}},"18":{"start":{"line":39,"column":8},"end":{"line":39,"column":26}},"19":{"start":{"line":42,"column":4},"end":{"line":42,"column":21}},"20":{"start":{"line":44,"column":36},"end":{"line":46,"column":24}},"21":{"start":{"line":45,"column":4},"end":{"line":45,"column":26}},"22":{"start":{"line":48,"column":26},"end":{"line":53,"column":3}},"23":{"start":{"line":49,"column":4},"end":{"line":49,"column":29}},"24":{"start":{"line":50,"column":4},"end":{"line":50,"column":23}},"25":{"start":{"line":51,"column":4},"end":{"line":51,"column":22}},"26":{"start":{"line":52,"column":4},"end":{"line":52,"column":20}},"27":{"start":{"line":54,"column":30},"end":{"line":56,"column":3}},"28":{"start":{"line":55,"column":4},"end":{"line":55,"column":25}},"29":{"start":{"line":57,"column":35},"end":{"line":62,"column":3}},"30":{"start":{"line":58,"column":4},"end":{"line":58,"column":38}},"31":{"start":{"line":59,"column":4},"end":{"line":61,"column":7}},"32":{"start":{"line":63,"column":25},"end":{"line":81,"column":3}},"33":{"start":{"line":64,"column":4},"end":{"line":80,"column":9}},"34":{"start":{"line":75,"column":8},"end":{"line":75,"column":31}},"35":{"start":{"line":76,"column":8},"end":{"line":76,"column":59}},"36":{"start":{"line":79,"column":8},"end":{"line":79,"column":50}},"37":{"start":{"line":83,"column":2},"end":{"line":127,"column":3}},"38":{"start":{"line":84,"column":4},"end":{"line":126,"column":6}},"39":{"start":{"line":102,"column":16},"end":{"line":102,"column":193}},"40":{"start":{"line":102,"column":93},"end":{"line":102,"column":155}},"41":{"start":{"line":123,"column":78},"end":{"line":123,"column":106}},"42":{"start":{"line":128,"column":2},"end":{"line":172,"column":3}},"43":{"start":{"line":129,"column":4},"end":{"line":171,"column":6}},"44":{"start":{"line":145,"column":16},"end":{"line":145,"column":178}},"45":{"start":{"line":145,"column":74},"end":{"line":145,"column":136}},"46":{"start":{"line":162,"column":16},"end":{"line":162,"column":146}},"47":{"start":{"line":162,"column":81},"end":{"line":162,"column":112}},"48":{"start":{"line":168,"column":77},"end":{"line":168,"column":100}},"49":{"start":{"line":173,"column":2},"end":{"line":223,"column":4}},"50":{"start":{"line":197,"column":14},"end":{"line":197,"column":191}},"51":{"start":{"line":197,"column":91},"end":{"line":197,"column":153}},"52":{"start":{"line":214,"column":14},"end":{"line":214,"column":87}},"53":{"start":{"line":220,"column":76},"end":{"line":220,"column":104}}},"fnMap":{"0":{"name":"AddToCart","decl":{"start":{"line":20,"column":9},"end":{"line":20,"column":18}},"loc":{"start":{"line":20,"column":21},"end":{"line":224,"column":1}},"line":20},"1":{"name":"(anonymous_1)","decl":{"start":{"line":31,"column":19},"end":{"line":31,"column":20}},"loc":{"start":{"line":31,"column":28},"end":{"line":43,"column":3}},"line":31},"2":{"name":"(anonymous_2)","decl":{"start":{"line":44,"column":69},"end":{"line":44,"column":70}},"loc":{"start":{"line":45,"column":4},"end":{"line":45,"column":26}},"line":45},"3":{"name":"(anonymous_3)","decl":{"start":{"line":48,"column":26},"end":{"line":48,"column":27}},"loc":{"start":{"line":48,"column":58},"end":{"line":53,"column":3}},"line":48},"4":{"name":"(anonymous_4)","decl":{"start":{"line":54,"column":30},"end":{"line":54,"column":31}},"loc":{"start":{"line":54,"column":39},"end":{"line":56,"column":3}},"line":54},"5":{"name":"(anonymous_5)","decl":{"start":{"line":57,"column":35},"end":{"line":57,"column":36}},"loc":{"start":{"line":57,"column":42},"end":{"line":62,"column":3}},"line":57},"6":{"name":"(anonymous_6)","decl":{"start":{"line":63,"column":25},"end":{"line":63,"column":26}},"loc":{"start":{"line":63,"column":34},"end":{"line":81,"column":3}},"line":63},"7":{"name":"(anonymous_7)","decl":{"start":{"line":74,"column":12},"end":{"line":74,"column":13}},"loc":{"start":{"line":74,"column":21},"end":{"line":77,"column":7}},"line":74},"8":{"name":"(anonymous_8)","decl":{"start":{"line":78,"column":13},"end":{"line":78,"column":14}},"loc":{"start":{"line":78,"column":24},"end":{"line":80,"column":7}},"line":78},"9":{"name":"(anonymous_9)","decl":{"start":{"line":101,"column":28},"end":{"line":101,"column":29}},"loc":{"start":{"line":102,"column":16},"end":{"line":102,"column":193}},"line":102},"10":{"name":"(anonymous_10)","decl":{"start":{"line":102,"column":85},"end":{"line":102,"column":86}},"loc":{"start":{"line":102,"column":91},"end":{"line":102,"column":157}},"line":102},"11":{"name":"(anonymous_11)","decl":{"start":{"line":123,"column":69},"end":{"line":123,"column":70}},"loc":{"start":{"line":123,"column":76},"end":{"line":123,"column":108}},"line":123},"12":{"name":"(anonymous_12)","decl":{"start":{"line":144,"column":28},"end":{"line":144,"column":29}},"loc":{"start":{"line":145,"column":16},"end":{"line":145,"column":178}},"line":145},"13":{"name":"(anonymous_13)","decl":{"start":{"line":145,"column":66},"end":{"line":145,"column":67}},"loc":{"start":{"line":145,"column":72},"end":{"line":145,"column":138}},"line":145},"14":{"name":"(anonymous_14)","decl":{"start":{"line":161,"column":40},"end":{"line":161,"column":41}},"loc":{"start":{"line":162,"column":16},"end":{"line":162,"column":146}},"line":162},"15":{"name":"(anonymous_15)","decl":{"start":{"line":162,"column":73},"end":{"line":162,"column":74}},"loc":{"start":{"line":162,"column":79},"end":{"line":162,"column":114}},"line":162},"16":{"name":"(anonymous_16)","decl":{"start":{"line":168,"column":69},"end":{"line":168,"column":70}},"loc":{"start":{"line":168,"column":75},"end":{"line":168,"column":102}},"line":168},"17":{"name":"(anonymous_17)","decl":{"start":{"line":196,"column":26},"end":{"line":196,"column":27}},"loc":{"start":{"line":197,"column":14},"end":{"line":197,"column":191}},"line":197},"18":{"name":"(anonymous_18)","decl":{"start":{"line":197,"column":83},"end":{"line":197,"column":84}},"loc":{"start":{"line":197,"column":89},"end":{"line":197,"column":155}},"line":197},"19":{"name":"(anonymous_19)","decl":{"start":{"line":213,"column":26},"end":{"line":213,"column":27}},"loc":{"start":{"line":214,"column":14},"end":{"line":214,"column":87}},"line":214},"20":{"name":"(anonymous_20)","decl":{"start":{"line":220,"column":67},"end":{"line":220,"column":68}},"loc":{"start":{"line":220,"column":74},"end":{"line":220,"column":106}},"line":220}},"branchMap":{"0":{"loc":{"start":{"line":33,"column":4},"end":{"line":41,"column":5}},"type":"if","locations":[{"start":{"line":33,"column":4},"end":{"line":41,"column":5}},{"start":{"line":33,"column":4},"end":{"line":41,"column":5}}],"line":33},"1":{"loc":{"start":{"line":44,"column":45},"end":{"line":46,"column":23}},"type":"cond-expr","locations":[{"start":{"line":44,"column":56},"end":{"line":46,"column":4}},{"start":{"line":46,"column":7},"end":{"line":46,"column":23}}],"line":44},"2":{"loc":{"start":{"line":83,"column":2},"end":{"line":127,"column":3}},"type":"if","locations":[{"start":{"line":83,"column":2},"end":{"line":127,"column":3}},{"start":{"line":83,"column":2},"end":{"line":127,"column":3}}],"line":83},"3":{"loc":{"start":{"line":128,"column":2},"end":{"line":172,"column":3}},"type":"if","locations":[{"start":{"line":128,"column":2},"end":{"line":172,"column":3}},{"start":{"line":128,"column":2},"end":{"line":172,"column":3}}],"line":128}},"s":{"0":0,"1":0,"2":0,"3":0,"4":0,"5":0,"6":0,"7":0,"8":0,"9":0,"10":0,"11":0,"12":0,"13":0,"14":0,"15":0,"16":0,"17":0,"18":0,"19":0,"20":0,"21":0,"22":0,"23":0,"24":0,"25":0,"26":0,"27":0,"28":0,"29":0,"30":0,"31":0,"32":0,"33":0,"34":0,"35":0,"36":0,"37":0,"38":0,"39":0,"40":0,"41":0,"42":0,"43":0,"44":0,"45":0,"46":0,"47":0,"48":0,"49":0,"50":0,"51":0,"52":0,"53":0},"f":{"0":0,"1":0,"2":0,"3":0,"4":0,"5":0,"6":0,"7":0,"8":0,"9":0,"10":0,"11":0,"12":0,"13":0,"14":0,"15":0,"16":0,"17":0,"18":0,"19":0,"20":0},"b":{"0":[0,0],"1":[0,0],"2":[0,0],"3":[0,0]},"_coverageSchema":"1a1c01bbd47fc00a2c39e90264f33305004495a9","hash":"77fadd8c7c2b801f78e712bfc9b5ea76994d7946"}
,"/Users/julianbowman/Desktop/JavaScript/catwalk/catwalk/client/src/widgets/overview/ExpandedImageGallery.jsx": {"path":"/Users/julianbowman/Desktop/JavaScript/catwalk/catwalk/client/src/widgets/overview/ExpandedImageGallery.jsx","statementMap":{"0":{"start":{"line":23,"column":6},"end":{"line":23,"column":30}},"1":{"start":{"line":25,"column":48},"end":{"line":25,"column":63}},"2":{"start":{"line":26,"column":30},"end":{"line":28,"column":3}},"3":{"start":{"line":27,"column":4},"end":{"line":27,"column":26}},"4":{"start":{"line":29,"column":30},"end":{"line":31,"column":3}},"5":{"start":{"line":30,"column":4},"end":{"line":30,"column":32}},"6":{"start":{"line":33,"column":2},"end":{"line":54,"column":3}},"7":{"start":{"line":34,"column":4},"end":{"line":53,"column":6}},"8":{"start":{"line":37,"column":10},"end":{"line":50,"column":16}},"9":{"start":{"line":46,"column":36},"end":{"line":46,"column":58}},"10":{"start":{"line":55,"column":2},"end":{"line":126,"column":3}},"11":{"start":{"line":56,"column":4},"end":{"line":125,"column":6}},"12":{"start":{"line":62,"column":12},"end":{"line":75,"column":18}},"13":{"start":{"line":71,"column":33},"end":{"line":71,"column":58}},"14":{"start":{"line":72,"column":38},"end":{"line":72,"column":65}},"15":{"start":{"line":103,"column":12},"end":{"line":119,"column":17}},"16":{"start":{"line":127,"column":2},"end":{"line":127,"column":35}}},"fnMap":{"0":{"name":"ExpandedImageGallery","decl":{"start":{"line":20,"column":9},"end":{"line":20,"column":29}},"loc":{"start":{"line":20,"column":37},"end":{"line":128,"column":1}},"line":20},"1":{"name":"(anonymous_1)","decl":{"start":{"line":26,"column":30},"end":{"line":26,"column":31}},"loc":{"start":{"line":26,"column":43},"end":{"line":28,"column":3}},"line":26},"2":{"name":"(anonymous_2)","decl":{"start":{"line":29,"column":30},"end":{"line":29,"column":31}},"loc":{"start":{"line":29,"column":43},"end":{"line":31,"column":3}},"line":29},"3":{"name":"(anonymous_3)","decl":{"start":{"line":36,"column":33},"end":{"line":36,"column":34}},"loc":{"start":{"line":37,"column":10},"end":{"line":50,"column":16}},"line":37},"4":{"name":"(anonymous_4)","decl":{"start":{"line":46,"column":28},"end":{"line":46,"column":29}},"loc":{"start":{"line":46,"column":34},"end":{"line":46,"column":60}},"line":46},"5":{"name":"(anonymous_5)","decl":{"start":{"line":61,"column":35},"end":{"line":61,"column":36}},"loc":{"start":{"line":62,"column":12},"end":{"line":75,"column":18}},"line":62},"6":{"name":"(anonymous_6)","decl":{"start":{"line":71,"column":25},"end":{"line":71,"column":26}},"loc":{"start":{"line":71,"column":31},"end":{"line":71,"column":60}},"line":71},"7":{"name":"(anonymous_7)","decl":{"start":{"line":72,"column":30},"end":{"line":72,"column":31}},"loc":{"start":{"line":72,"column":36},"end":{"line":72,"column":67}},"line":72},"8":{"name":"(anonymous_8)","decl":{"start":{"line":102,"column":35},"end":{"line":102,"column":36}},"loc":{"start":{"line":103,"column":12},"end":{"line":119,"column":17}},"line":103}},"branchMap":{"0":{"loc":{"start":{"line":33,"column":2},"end":{"line":54,"column":3}},"type":"if","locations":[{"start":{"line":33,"column":2},"end":{"line":54,"column":3}},{"start":{"line":33,"column":2},"end":{"line":54,"column":3}}],"line":33},"1":{"loc":{"start":{"line":37,"column":43},"end":{"line":37,"column":68}},"type":"binary-expr","locations":[{"start":{"line":37,"column":44},"end":{"line":37,"column":55}},{"start":{"line":37,"column":60},"end":{"line":37,"column":68}}],"line":37},"2":{"loc":{"start":{"line":55,"column":2},"end":{"line":126,"column":3}},"type":"if","locations":[{"start":{"line":55,"column":2},"end":{"line":126,"column":3}},{"start":{"line":55,"column":2},"end":{"line":126,"column":3}}],"line":55},"3":{"loc":{"start":{"line":62,"column":45},"end":{"line":62,"column":70}},"type":"binary-expr","locations":[{"start":{"line":62,"column":46},"end":{"line":62,"column":57}},{"start":{"line":62,"column":62},"end":{"line":62,"column":70}}],"line":62},"4":{"loc":{"start":{"line":103,"column":79},"end":{"line":103,"column":102}},"type":"binary-expr","locations":[{"start":{"line":103,"column":79},"end":{"line":103,"column":90}},{"start":{"line":103,"column":94},"end":{"line":103,"column":102}}],"line":103}},"s":{"0":0,"1":0,"2":0,"3":0,"4":0,"5":0,"6":0,"7":0,"8":0,"9":0,"10":0,"11":0,"12":0,"13":0,"14":0,"15":0,"16":0},"f":{"0":0,"1":0,"2":0,"3":0,"4":0,"5":0,"6":0,"7":0,"8":0},"b":{"0":[0,0],"1":[0,0],"2":[0,0],"3":[0,0],"4":[0,0]},"_coverageSchema":"1a1c01bbd47fc00a2c39e90264f33305004495a9","hash":"d0559ecd055fce0397e6a5853135fd4e2391f768"}
,"/Users/julianbowman/Desktop/JavaScript/catwalk/catwalk/client/src/widgets/overview/ImageGallery.jsx": {"path":"/Users/julianbowman/Desktop/JavaScript/catwalk/catwalk/client/src/widgets/overview/ImageGallery.jsx","statementMap":{"0":{"start":{"line":25,"column":6},"end":{"line":25,"column":30}},"1":{"start":{"line":26,"column":31},"end":{"line":28,"column":3}},"2":{"start":{"line":27,"column":4},"end":{"line":27,"column":26}},"3":{"start":{"line":30,"column":2},"end":{"line":102,"column":3}},"4":{"start":{"line":31,"column":4},"end":{"line":101,"column":6}},"5":{"start":{"line":37,"column":12},"end":{"line":51,"column":18}},"6":{"start":{"line":48,"column":18},"end":{"line":48,"column":45}},"7":{"start":{"line":79,"column":12},"end":{"line":95,"column":17}},"8":{"start":{"line":103,"column":2},"end":{"line":103,"column":35}}},"fnMap":{"0":{"name":"ImageGallery","decl":{"start":{"line":22,"column":9},"end":{"line":22,"column":21}},"loc":{"start":{"line":22,"column":29},"end":{"line":104,"column":1}},"line":22},"1":{"name":"(anonymous_1)","decl":{"start":{"line":26,"column":31},"end":{"line":26,"column":32}},"loc":{"start":{"line":26,"column":49},"end":{"line":28,"column":3}},"line":26},"2":{"name":"(anonymous_2)","decl":{"start":{"line":36,"column":35},"end":{"line":36,"column":36}},"loc":{"start":{"line":37,"column":12},"end":{"line":51,"column":18}},"line":37},"3":{"name":"(anonymous_3)","decl":{"start":{"line":47,"column":25},"end":{"line":47,"column":26}},"loc":{"start":{"line":47,"column":36},"end":{"line":49,"column":17}},"line":47},"4":{"name":"(anonymous_4)","decl":{"start":{"line":78,"column":35},"end":{"line":78,"column":36}},"loc":{"start":{"line":79,"column":12},"end":{"line":95,"column":17}},"line":79}},"branchMap":{"0":{"loc":{"start":{"line":30,"column":2},"end":{"line":102,"column":3}},"type":"if","locations":[{"start":{"line":30,"column":2},"end":{"line":102,"column":3}},{"start":{"line":30,"column":2},"end":{"line":102,"column":3}}],"line":30},"1":{"loc":{"start":{"line":37,"column":45},"end":{"line":37,"column":70}},"type":"binary-expr","locations":[{"start":{"line":37,"column":46},"end":{"line":37,"column":57}},{"start":{"line":37,"column":62},"end":{"line":37,"column":70}}],"line":37},"2":{"loc":{"start":{"line":79,"column":79},"end":{"line":79,"column":102}},"type":"binary-expr","locations":[{"start":{"line":79,"column":79},"end":{"line":79,"column":90}},{"start":{"line":79,"column":94},"end":{"line":79,"column":102}}],"line":79}},"s":{"0":0,"1":0,"2":0,"3":0,"4":0,"5":0,"6":0,"7":0,"8":0},"f":{"0":0,"1":0,"2":0,"3":0,"4":0},"b":{"0":[0,0],"1":[0,0],"2":[0,0]},"_coverageSchema":"1a1c01bbd47fc00a2c39e90264f33305004495a9","hash":"d6602db09c435a62b309d526f52463cb857fa067"}
,"/Users/julianbowman/Desktop/JavaScript/catwalk/catwalk/client/src/widgets/overview/Overview.jsx": {"path":"/Users/julianbowman/Desktop/JavaScript/catwalk/catwalk/client/src/widgets/overview/Overview.jsx","statementMap":{"0":{"start":{"line":26,"column":33},"end":{"line":26,"column":59}},"1":{"start":{"line":27,"column":33},"end":{"line":27,"column":43}},"2":{"start":{"line":28,"column":35},"end":{"line":28,"column":45}},"3":{"start":{"line":29,"column":35},"end":{"line":29,"column":45}},"4":{"start":{"line":30,"column":36},"end":{"line":30,"column":51}},"5":{"start":{"line":31,"column":52},"end":{"line":31,"column":63}},"6":{"start":{"line":32,"column":32},"end":{"line":32,"column":42}},"7":{"start":{"line":34,"column":2},"end":{"line":49,"column":18}},"8":{"start":{"line":35,"column":4},"end":{"line":48,"column":9}},"9":{"start":{"line":37,"column":8},"end":{"line":37,"column":56}},"10":{"start":{"line":38,"column":8},"end":{"line":38,"column":41}},"11":{"start":{"line":39,"column":8},"end":{"line":39,"column":40}},"12":{"start":{"line":40,"column":8},"end":{"line":40,"column":54}},"13":{"start":{"line":41,"column":8},"end":{"line":44,"column":13}},"14":{"start":{"line":43,"column":12},"end":{"line":43,"column":36}},"15":{"start":{"line":47,"column":8},"end":{"line":47,"column":50}},"16":{"start":{"line":60,"column":2},"end":{"line":78,"column":3}},"17":{"start":{"line":61,"column":4},"end":{"line":77,"column":6}},"18":{"start":{"line":79,"column":2},"end":{"line":102,"column":3}},"19":{"start":{"line":80,"column":4},"end":{"line":101,"column":6}},"20":{"start":{"line":103,"column":2},"end":{"line":103,"column":43}}},"fnMap":{"0":{"name":"Overview","decl":{"start":{"line":25,"column":9},"end":{"line":25,"column":17}},"loc":{"start":{"line":25,"column":25},"end":{"line":104,"column":1}},"line":25},"1":{"name":"(anonymous_1)","decl":{"start":{"line":34,"column":12},"end":{"line":34,"column":13}},"loc":{"start":{"line":34,"column":18},"end":{"line":49,"column":3}},"line":34},"2":{"name":"(anonymous_2)","decl":{"start":{"line":36,"column":12},"end":{"line":36,"column":13}},"loc":{"start":{"line":36,"column":28},"end":{"line":45,"column":7}},"line":36},"3":{"name":"(anonymous_3)","decl":{"start":{"line":42,"column":16},"end":{"line":42,"column":17}},"loc":{"start":{"line":42,"column":33},"end":{"line":44,"column":11}},"line":42},"4":{"name":"(anonymous_4)","decl":{"start":{"line":46,"column":13},"end":{"line":46,"column":14}},"loc":{"start":{"line":46,"column":24},"end":{"line":48,"column":7}},"line":46}},"branchMap":{"0":{"loc":{"start":{"line":60,"column":2},"end":{"line":78,"column":3}},"type":"if","locations":[{"start":{"line":60,"column":2},"end":{"line":78,"column":3}},{"start":{"line":60,"column":2},"end":{"line":78,"column":3}}],"line":60},"1":{"loc":{"start":{"line":79,"column":2},"end":{"line":102,"column":3}},"type":"if","locations":[{"start":{"line":79,"column":2},"end":{"line":102,"column":3}},{"start":{"line":79,"column":2},"end":{"line":102,"column":3}}],"line":79}},"s":{"0":1,"1":0,"2":0,"3":0,"4":0,"5":0,"6":0,"7":0,"8":0,"9":0,"10":0,"11":0,"12":0,"13":0,"14":0,"15":0,"16":0,"17":0,"18":0,"19":0,"20":0},"f":{"0":1,"1":0,"2":0,"3":0,"4":0},"b":{"0":[0,0],"1":[0,0]},"_coverageSchema":"1a1c01bbd47fc00a2c39e90264f33305004495a9","hash":"34119b516a07d671a82035205dd8a983a3a55c57"}
,"/Users/julianbowman/Desktop/JavaScript/catwalk/catwalk/client/src/widgets/overview/ProductInfoBottom.jsx": {"path":"/Users/julianbowman/Desktop/JavaScript/catwalk/catwalk/client/src/widgets/overview/ProductInfoBottom.jsx","statementMap":{"0":{"start":{"line":13,"column":30},"end":{"line":13,"column":56}},"1":{"start":{"line":15,"column":2},"end":{"line":37,"column":3}},"2":{"start":{"line":16,"column":4},"end":{"line":36,"column":6}},"3":{"start":{"line":38,"column":2},"end":{"line":38,"column":42}}},"fnMap":{"0":{"name":"ProductInfoBottom","decl":{"start":{"line":12,"column":9},"end":{"line":12,"column":26}},"loc":{"start":{"line":12,"column":34},"end":{"line":39,"column":1}},"line":12}},"branchMap":{"0":{"loc":{"start":{"line":15,"column":2},"end":{"line":37,"column":3}},"type":"if","locations":[{"start":{"line":15,"column":2},"end":{"line":37,"column":3}},{"start":{"line":15,"column":2},"end":{"line":37,"column":3}}],"line":15}},"s":{"0":0,"1":0,"2":0,"3":0},"f":{"0":0},"b":{"0":[0,0]},"_coverageSchema":"1a1c01bbd47fc00a2c39e90264f33305004495a9","hash":"4253d77bfa5802b6a5af894716bd403c9d134083"}
,"/Users/julianbowman/Desktop/JavaScript/catwalk/catwalk/client/src/widgets/overview/ProductInfoTop.jsx": {"path":"/Users/julianbowman/Desktop/JavaScript/catwalk/catwalk/client/src/widgets/overview/ProductInfoTop.jsx","statementMap":{"0":{"start":{"line":11,"column":18},"end":{"line":11,"column":44}},"1":{"start":{"line":12,"column":36},"end":{"line":12,"column":60}},"2":{"start":{"line":14,"column":2},"end":{"line":26,"column":3}},"3":{"start":{"line":15,"column":4},"end":{"line":25,"column":6}},"4":{"start":{"line":27,"column":2},"end":{"line":27,"column":42}}},"fnMap":{"0":{"name":"ProductInfoTop","decl":{"start":{"line":10,"column":9},"end":{"line":10,"column":23}},"loc":{"start":{"line":10,"column":31},"end":{"line":28,"column":1}},"line":10}},"branchMap":{"0":{"loc":{"start":{"line":14,"column":2},"end":{"line":26,"column":3}},"type":"if","locations":[{"start":{"line":14,"column":2},"end":{"line":26,"column":3}},{"start":{"line":14,"column":2},"end":{"line":26,"column":3}}],"line":14},"1":{"loc":{"start":{"line":14,"column":6},"end":{"line":14,"column":41}},"type":"binary-expr","locations":[{"start":{"line":14,"column":6},"end":{"line":14,"column":18}},{"start":{"line":14,"column":22},"end":{"line":14,"column":41}}],"line":14},"2":{"loc":{"start":{"line":22,"column":11},"end":{"line":22,"column":99}},"type":"cond-expr","locations":[{"start":{"line":22,"column":46},"end":{"line":22,"column":73}},{"start":{"line":22,"column":76},"end":{"line":22,"column":99}}],"line":22}},"s":{"0":0,"1":0,"2":0,"3":0,"4":0},"f":{"0":0},"b":{"0":[0,0],"1":[0,0],"2":[0,0]},"_coverageSchema":"1a1c01bbd47fc00a2c39e90264f33305004495a9","hash":"6ca27a67c46ada443c68ee226a2b0a548ecc4586"}
,"/Users/julianbowman/Desktop/JavaScript/catwalk/catwalk/client/src/widgets/overview/Styles.jsx": {"path":"/Users/julianbowman/Desktop/JavaScript/catwalk/catwalk/client/src/widgets/overview/Styles.jsx","statementMap":{"0":{"start":{"line":22,"column":6},"end":{"line":22,"column":30}},"1":{"start":{"line":23,"column":22},"end":{"line":26,"column":3}},"2":{"start":{"line":24,"column":4},"end":{"line":24,"column":20}},"3":{"start":{"line":25,"column":4},"end":{"line":25,"column":18}},"4":{"start":{"line":28,"column":2},"end":{"line":53,"column":3}},"5":{"start":{"line":29,"column":4},"end":{"line":52,"column":6}},"6":{"start":{"line":41,"column":12},"end":{"line":47,"column":14}},"7":{"start":{"line":46,"column":31},"end":{"line":46,"column":71}},"8":{"start":{"line":54,"column":2},"end":{"line":54,"column":36}}},"fnMap":{"0":{"name":"Styles","decl":{"start":{"line":19,"column":9},"end":{"line":19,"column":15}},"loc":{"start":{"line":19,"column":23},"end":{"line":55,"column":1}},"line":19},"1":{"name":"(anonymous_1)","decl":{"start":{"line":23,"column":22},"end":{"line":23,"column":23}},"loc":{"start":{"line":23,"column":38},"end":{"line":26,"column":3}},"line":23},"2":{"name":"(anonymous_2)","decl":{"start":{"line":39,"column":22},"end":{"line":39,"column":23}},"loc":{"start":{"line":41,"column":12},"end":{"line":47,"column":14}},"line":41},"3":{"name":"(anonymous_3)","decl":{"start":{"line":46,"column":23},"end":{"line":46,"column":24}},"loc":{"start":{"line":46,"column":29},"end":{"line":46,"column":73}},"line":46}},"branchMap":{"0":{"loc":{"start":{"line":28,"column":2},"end":{"line":53,"column":3}},"type":"if","locations":[{"start":{"line":28,"column":2},"end":{"line":53,"column":3}},{"start":{"line":28,"column":2},"end":{"line":53,"column":3}}],"line":28},"1":{"loc":{"start":{"line":28,"column":6},"end":{"line":28,"column":28}},"type":"binary-expr","locations":[{"start":{"line":28,"column":6},"end":{"line":28,"column":18}},{"start":{"line":28,"column":22},"end":{"line":28,"column":28}}],"line":28}},"s":{"0":0,"1":0,"2":0,"3":0,"4":0,"5":0,"6":0,"7":0,"8":0},"f":{"0":0,"1":0,"2":0,"3":0},"b":{"0":[0,0],"1":[0,0]},"_coverageSchema":"1a1c01bbd47fc00a2c39e90264f33305004495a9","hash":"f3fbb5dc96bf9e194a8fbb01758691423e33a03f"}
,"/Users/julianbowman/Desktop/JavaScript/catwalk/catwalk/client/src/widgets/qa/AddAnswer.jsx": {"path":"/Users/julianbowman/Desktop/JavaScript/catwalk/catwalk/client/src/widgets/qa/AddAnswer.jsx","statementMap":{"0":{"start":{"line":8,"column":15},"end":{"line":8,"column":51}},"1":{"start":{"line":10,"column":21},"end":{"line":22,"column":1}},"2":{"start":{"line":26,"column":18},"end":{"line":174,"column":1}},"3":{"start":{"line":31,"column":6},"end":{"line":31,"column":11}},"4":{"start":{"line":33,"column":35},"end":{"line":33,"column":50}},"5":{"start":{"line":34,"column":33},"end":{"line":34,"column":45}},"6":{"start":{"line":35,"column":37},"end":{"line":35,"column":49}},"7":{"start":{"line":36,"column":31},"end":{"line":36,"column":43}},"8":{"start":{"line":37,"column":33},"end":{"line":37,"column":45}},"9":{"start":{"line":38,"column":20},"end":{"line":40,"column":3}},"10":{"start":{"line":39,"column":4},"end":{"line":39,"column":20}},"11":{"start":{"line":41,"column":19},"end":{"line":48,"column":3}},"12":{"start":{"line":42,"column":4},"end":{"line":42,"column":23}},"13":{"start":{"line":43,"column":4},"end":{"line":43,"column":21}},"14":{"start":{"line":44,"column":4},"end":{"line":44,"column":23}},"15":{"start":{"line":45,"column":4},"end":{"line":45,"column":20}},"16":{"start":{"line":46,"column":4},"end":{"line":46,"column":21}},"17":{"start":{"line":47,"column":4},"end":{"line":47,"column":21}},"18":{"start":{"line":49,"column":19},"end":{"line":94,"column":3}},"19":{"start":{"line":50,"column":4},"end":{"line":50,"column":23}},"20":{"start":{"line":51,"column":22},"end":{"line":56,"column":5}},"21":{"start":{"line":57,"column":4},"end":{"line":93,"column":5}},"22":{"start":{"line":58,"column":6},"end":{"line":89,"column":11}},"23":{"start":{"line":67,"column":10},"end":{"line":67,"column":27}},"24":{"start":{"line":68,"column":10},"end":{"line":68,"column":29}},"25":{"start":{"line":69,"column":10},"end":{"line":69,"column":26}},"26":{"start":{"line":70,"column":10},"end":{"line":70,"column":27}},"27":{"start":{"line":71,"column":10},"end":{"line":85,"column":15}},"28":{"start":{"line":79,"column":14},"end":{"line":81,"column":18}},"29":{"start":{"line":80,"column":16},"end":{"line":80,"column":59}},"30":{"start":{"line":84,"column":14},"end":{"line":84,"column":64}},"31":{"start":{"line":88,"column":10},"end":{"line":88,"column":38}},"32":{"start":{"line":90,"column":6},"end":{"line":90,"column":23}},"33":{"start":{"line":92,"column":6},"end":{"line":92,"column":36}},"34":{"start":{"line":95,"column":23},"end":{"line":98,"column":3}},"35":{"start":{"line":96,"column":4},"end":{"line":96,"column":23}},"36":{"start":{"line":97,"column":4},"end":{"line":97,"column":33}},"37":{"start":{"line":100,"column":25},"end":{"line":103,"column":3}},"38":{"start":{"line":101,"column":4},"end":{"line":101,"column":23}},"39":{"start":{"line":102,"column":4},"end":{"line":102,"column":35}},"40":{"start":{"line":105,"column":22},"end":{"line":108,"column":3}},"41":{"start":{"line":106,"column":4},"end":{"line":106,"column":23}},"42":{"start":{"line":107,"column":4},"end":{"line":107,"column":32}},"43":{"start":{"line":110,"column":23},"end":{"line":118,"column":3}},"44":{"start":{"line":111,"column":4},"end":{"line":111,"column":23}},"45":{"start":{"line":112,"column":4},"end":{"line":112,"column":32}},"46":{"start":{"line":113,"column":4},"end":{"line":116,"column":7}},"47":{"start":{"line":114,"column":6},"end":{"line":114,"column":49}},"48":{"start":{"line":115,"column":6},"end":{"line":115,"column":24}},"49":{"start":{"line":120,"column":2},"end":{"line":173,"column":4}}},"fnMap":{"0":{"name":"(anonymous_0)","decl":{"start":{"line":26,"column":18},"end":{"line":26,"column":19}},"loc":{"start":{"line":26,"column":29},"end":{"line":174,"column":1}},"line":26},"1":{"name":"(anonymous_1)","decl":{"start":{"line":38,"column":20},"end":{"line":38,"column":21}},"loc":{"start":{"line":38,"column":26},"end":{"line":40,"column":3}},"line":38},"2":{"name":"(anonymous_2)","decl":{"start":{"line":41,"column":19},"end":{"line":41,"column":20}},"loc":{"start":{"line":41,"column":26},"end":{"line":48,"column":3}},"line":41},"3":{"name":"(anonymous_3)","decl":{"start":{"line":49,"column":19},"end":{"line":49,"column":20}},"loc":{"start":{"line":49,"column":26},"end":{"line":94,"column":3}},"line":49},"4":{"name":"(anonymous_4)","decl":{"start":{"line":66,"column":14},"end":{"line":66,"column":15}},"loc":{"start":{"line":66,"column":20},"end":{"line":86,"column":9}},"line":66},"5":{"name":"(anonymous_5)","decl":{"start":{"line":78,"column":18},"end":{"line":78,"column":19}},"loc":{"start":{"line":78,"column":31},"end":{"line":82,"column":13}},"line":78},"6":{"name":"(anonymous_6)","decl":{"start":{"line":79,"column":56},"end":{"line":79,"column":57}},"loc":{"start":{"line":80,"column":16},"end":{"line":80,"column":59}},"line":80},"7":{"name":"(anonymous_7)","decl":{"start":{"line":83,"column":19},"end":{"line":83,"column":20}},"loc":{"start":{"line":83,"column":28},"end":{"line":85,"column":13}},"line":83},"8":{"name":"(anonymous_8)","decl":{"start":{"line":87,"column":15},"end":{"line":87,"column":16}},"loc":{"start":{"line":87,"column":24},"end":{"line":89,"column":9}},"line":87},"9":{"name":"(anonymous_9)","decl":{"start":{"line":95,"column":23},"end":{"line":95,"column":24}},"loc":{"start":{"line":95,"column":30},"end":{"line":98,"column":3}},"line":95},"10":{"name":"(anonymous_10)","decl":{"start":{"line":100,"column":25},"end":{"line":100,"column":26}},"loc":{"start":{"line":100,"column":32},"end":{"line":103,"column":3}},"line":100},"11":{"name":"(anonymous_11)","decl":{"start":{"line":105,"column":22},"end":{"line":105,"column":23}},"loc":{"start":{"line":105,"column":29},"end":{"line":108,"column":3}},"line":105},"12":{"name":"(anonymous_12)","decl":{"start":{"line":110,"column":23},"end":{"line":110,"column":24}},"loc":{"start":{"line":110,"column":30},"end":{"line":118,"column":3}},"line":110},"13":{"name":"(anonymous_13)","decl":{"start":{"line":113,"column":27},"end":{"line":113,"column":28}},"loc":{"start":{"line":113,"column":37},"end":{"line":116,"column":5}},"line":113}},"branchMap":{"0":{"loc":{"start":{"line":57,"column":4},"end":{"line":93,"column":5}},"type":"if","locations":[{"start":{"line":57,"column":4},"end":{"line":93,"column":5}},{"start":{"line":57,"column":4},"end":{"line":93,"column":5}}],"line":57}},"s":{"0":2,"1":2,"2":2,"3":36,"4":36,"5":36,"6":36,"7":36,"8":36,"9":36,"10":0,"11":36,"12":0,"13":0,"14":0,"15":0,"16":0,"17":0,"18":36,"19":0,"20":0,"21":0,"22":0,"23":0,"24":0,"25":0,"26":0,"27":0,"28":0,"29":0,"30":0,"31":0,"32":0,"33":0,"34":36,"35":0,"36":0,"37":36,"38":0,"39":0,"40":36,"41":0,"42":0,"43":36,"44":0,"45":0,"46":0,"47":0,"48":0,"49":36},"f":{"0":36,"1":0,"2":0,"3":0,"4":0,"5":0,"6":0,"7":0,"8":0,"9":0,"10":0,"11":0,"12":0,"13":0},"b":{"0":[0,0]},"_coverageSchema":"1a1c01bbd47fc00a2c39e90264f33305004495a9","hash":"2fe96b3eb7480badc51b8bf88da85bfb3f546c27"}
,"/Users/julianbowman/Desktop/JavaScript/catwalk/catwalk/client/src/widgets/qa/AddQuestion.jsx": {"path":"/Users/julianbowman/Desktop/JavaScript/catwalk/catwalk/client/src/widgets/qa/AddQuestion.jsx","statementMap":{"0":{"start":{"line":7,"column":15},"end":{"line":7,"column":51}},"1":{"start":{"line":12,"column":21},"end":{"line":24,"column":1}},"2":{"start":{"line":28,"column":20},"end":{"line":146,"column":1}},"3":{"start":{"line":32,"column":6},"end":{"line":32,"column":27}},"4":{"start":{"line":33,"column":47},"end":{"line":33,"column":52}},"5":{"start":{"line":35,"column":35},"end":{"line":35,"column":50}},"6":{"start":{"line":36,"column":37},"end":{"line":36,"column":49}},"7":{"start":{"line":37,"column":37},"end":{"line":37,"column":49}},"8":{"start":{"line":38,"column":31},"end":{"line":38,"column":43}},"9":{"start":{"line":40,"column":20},"end":{"line":42,"column":3}},"10":{"start":{"line":41,"column":4},"end":{"line":41,"column":20}},"11":{"start":{"line":43,"column":19},"end":{"line":49,"column":3}},"12":{"start":{"line":44,"column":4},"end":{"line":44,"column":23}},"13":{"start":{"line":45,"column":4},"end":{"line":45,"column":23}},"14":{"start":{"line":46,"column":4},"end":{"line":46,"column":23}},"15":{"start":{"line":47,"column":4},"end":{"line":47,"column":20}},"16":{"start":{"line":48,"column":4},"end":{"line":48,"column":21}},"17":{"start":{"line":50,"column":19},"end":{"line":86,"column":3}},"18":{"start":{"line":51,"column":4},"end":{"line":51,"column":23}},"19":{"start":{"line":52,"column":24},"end":{"line":57,"column":5}},"20":{"start":{"line":58,"column":4},"end":{"line":85,"column":5}},"21":{"start":{"line":59,"column":6},"end":{"line":81,"column":11}},"22":{"start":{"line":68,"column":10},"end":{"line":68,"column":29}},"23":{"start":{"line":69,"column":10},"end":{"line":69,"column":29}},"24":{"start":{"line":70,"column":10},"end":{"line":70,"column":26}},"25":{"start":{"line":71,"column":10},"end":{"line":77,"column":15}},"26":{"start":{"line":73,"column":14},"end":{"line":73,"column":56}},"27":{"start":{"line":76,"column":14},"end":{"line":76,"column":62}},"28":{"start":{"line":80,"column":10},"end":{"line":80,"column":38}},"29":{"start":{"line":82,"column":6},"end":{"line":82,"column":23}},"30":{"start":{"line":84,"column":6},"end":{"line":84,"column":36}},"31":{"start":{"line":87,"column":25},"end":{"line":90,"column":3}},"32":{"start":{"line":88,"column":4},"end":{"line":88,"column":23}},"33":{"start":{"line":89,"column":4},"end":{"line":89,"column":35}},"34":{"start":{"line":92,"column":25},"end":{"line":95,"column":3}},"35":{"start":{"line":93,"column":4},"end":{"line":93,"column":23}},"36":{"start":{"line":94,"column":4},"end":{"line":94,"column":35}},"37":{"start":{"line":97,"column":22},"end":{"line":100,"column":3}},"38":{"start":{"line":98,"column":4},"end":{"line":98,"column":23}},"39":{"start":{"line":99,"column":4},"end":{"line":99,"column":32}},"40":{"start":{"line":102,"column":2},"end":{"line":145,"column":4}}},"fnMap":{"0":{"name":"(anonymous_0)","decl":{"start":{"line":28,"column":20},"end":{"line":28,"column":21}},"loc":{"start":{"line":28,"column":31},"end":{"line":146,"column":1}},"line":28},"1":{"name":"(anonymous_1)","decl":{"start":{"line":40,"column":20},"end":{"line":40,"column":21}},"loc":{"start":{"line":40,"column":26},"end":{"line":42,"column":3}},"line":40},"2":{"name":"(anonymous_2)","decl":{"start":{"line":43,"column":19},"end":{"line":43,"column":20}},"loc":{"start":{"line":43,"column":26},"end":{"line":49,"column":3}},"line":43},"3":{"name":"(anonymous_3)","decl":{"start":{"line":50,"column":19},"end":{"line":50,"column":20}},"loc":{"start":{"line":50,"column":26},"end":{"line":86,"column":3}},"line":50},"4":{"name":"(anonymous_4)","decl":{"start":{"line":67,"column":14},"end":{"line":67,"column":15}},"loc":{"start":{"line":67,"column":23},"end":{"line":78,"column":9}},"line":67},"5":{"name":"(anonymous_5)","decl":{"start":{"line":72,"column":18},"end":{"line":72,"column":19}},"loc":{"start":{"line":72,"column":37},"end":{"line":74,"column":13}},"line":72},"6":{"name":"(anonymous_6)","decl":{"start":{"line":75,"column":19},"end":{"line":75,"column":20}},"loc":{"start":{"line":75,"column":30},"end":{"line":77,"column":13}},"line":75},"7":{"name":"(anonymous_7)","decl":{"start":{"line":79,"column":15},"end":{"line":79,"column":16}},"loc":{"start":{"line":79,"column":24},"end":{"line":81,"column":9}},"line":79},"8":{"name":"(anonymous_8)","decl":{"start":{"line":87,"column":25},"end":{"line":87,"column":26}},"loc":{"start":{"line":87,"column":32},"end":{"line":90,"column":3}},"line":87},"9":{"name":"(anonymous_9)","decl":{"start":{"line":92,"column":25},"end":{"line":92,"column":26}},"loc":{"start":{"line":92,"column":32},"end":{"line":95,"column":3}},"line":92},"10":{"name":"(anonymous_10)","decl":{"start":{"line":97,"column":22},"end":{"line":97,"column":23}},"loc":{"start":{"line":97,"column":29},"end":{"line":100,"column":3}},"line":97}},"branchMap":{"0":{"loc":{"start":{"line":58,"column":4},"end":{"line":85,"column":5}},"type":"if","locations":[{"start":{"line":58,"column":4},"end":{"line":85,"column":5}},{"start":{"line":58,"column":4},"end":{"line":85,"column":5}}],"line":58}},"s":{"0":2,"1":2,"2":2,"3":6,"4":6,"5":6,"6":6,"7":6,"8":6,"9":6,"10":0,"11":6,"12":0,"13":0,"14":0,"15":0,"16":0,"17":6,"18":0,"19":0,"20":0,"21":0,"22":0,"23":0,"24":0,"25":0,"26":0,"27":0,"28":0,"29":0,"30":0,"31":6,"32":0,"33":0,"34":6,"35":0,"36":0,"37":6,"38":0,"39":0,"40":6},"f":{"0":6,"1":0,"2":0,"3":0,"4":0,"5":0,"6":0,"7":0,"8":0,"9":0,"10":0},"b":{"0":[0,0]},"_coverageSchema":"1a1c01bbd47fc00a2c39e90264f33305004495a9","hash":"e8baf6410f07dc30bb2f62f17528256a257a02b3"}
,"/Users/julianbowman/Desktop/JavaScript/catwalk/catwalk/client/src/widgets/qa/Answer.jsx": {"path":"/Users/julianbowman/Desktop/JavaScript/catwalk/catwalk/client/src/widgets/qa/Answer.jsx","statementMap":{"0":{"start":{"line":8,"column":15},"end":{"line":30,"column":1}},"1":{"start":{"line":9,"column":45},"end":{"line":9,"column":50}},"2":{"start":{"line":10,"column":40},"end":{"line":10,"column":46}},"3":{"start":{"line":11,"column":2},"end":{"line":29,"column":4}}},"fnMap":{"0":{"name":"(anonymous_0)","decl":{"start":{"line":8,"column":15},"end":{"line":8,"column":16}},"loc":{"start":{"line":8,"column":26},"end":{"line":30,"column":1}},"line":8}},"branchMap":{},"s":{"0":2,"1":18,"2":18,"3":18},"f":{"0":18},"b":{},"_coverageSchema":"1a1c01bbd47fc00a2c39e90264f33305004495a9","hash":"2807ba069fe609973955bc489dc76ea02e06f0bf"}
,"/Users/julianbowman/Desktop/JavaScript/catwalk/catwalk/client/src/widgets/qa/Helpful.jsx": {"path":"/Users/julianbowman/Desktop/JavaScript/catwalk/catwalk/client/src/widgets/qa/Helpful.jsx","statementMap":{"0":{"start":{"line":9,"column":16},"end":{"line":91,"column":1}},"1":{"start":{"line":10,"column":20},"end":{"line":10,"column":25}},"2":{"start":{"line":11,"column":31},"end":{"line":11,"column":42}},"3":{"start":{"line":12,"column":36},"end":{"line":12,"column":51}},"4":{"start":{"line":14,"column":2},"end":{"line":20,"column":14}},"5":{"start":{"line":15,"column":4},"end":{"line":19,"column":5}},"6":{"start":{"line":16,"column":6},"end":{"line":16,"column":46}},"7":{"start":{"line":18,"column":6},"end":{"line":18,"column":37}},"8":{"start":{"line":22,"column":25},"end":{"line":41,"column":3}},"9":{"start":{"line":23,"column":4},"end":{"line":23,"column":23}},"10":{"start":{"line":24,"column":4},"end":{"line":40,"column":9}},"11":{"start":{"line":35,"column":8},"end":{"line":35,"column":31}},"12":{"start":{"line":36,"column":8},"end":{"line":36,"column":29}},"13":{"start":{"line":39,"column":8},"end":{"line":39,"column":32}},"14":{"start":{"line":42,"column":23},"end":{"line":61,"column":3}},"15":{"start":{"line":43,"column":4},"end":{"line":43,"column":23}},"16":{"start":{"line":44,"column":4},"end":{"line":60,"column":9}},"17":{"start":{"line":55,"column":8},"end":{"line":55,"column":31}},"18":{"start":{"line":56,"column":8},"end":{"line":56,"column":29}},"19":{"start":{"line":59,"column":8},"end":{"line":59,"column":32}},"20":{"start":{"line":63,"column":2},"end":{"line":77,"column":3}},"21":{"start":{"line":64,"column":4},"end":{"line":71,"column":5}},"22":{"start":{"line":65,"column":6},"end":{"line":70,"column":8}},"23":{"start":{"line":72,"column":4},"end":{"line":76,"column":6}},"24":{"start":{"line":78,"column":2},"end":{"line":85,"column":3}},"25":{"start":{"line":79,"column":4},"end":{"line":84,"column":6}},"26":{"start":{"line":86,"column":2},"end":{"line":90,"column":4}}},"fnMap":{"0":{"name":"(anonymous_0)","decl":{"start":{"line":9,"column":16},"end":{"line":9,"column":17}},"loc":{"start":{"line":9,"column":27},"end":{"line":91,"column":1}},"line":9},"1":{"name":"(anonymous_1)","decl":{"start":{"line":14,"column":12},"end":{"line":14,"column":13}},"loc":{"start":{"line":14,"column":18},"end":{"line":20,"column":3}},"line":14},"2":{"name":"(anonymous_2)","decl":{"start":{"line":22,"column":25},"end":{"line":22,"column":26}},"loc":{"start":{"line":22,"column":32},"end":{"line":41,"column":3}},"line":22},"3":{"name":"(anonymous_3)","decl":{"start":{"line":34,"column":12},"end":{"line":34,"column":13}},"loc":{"start":{"line":34,"column":21},"end":{"line":37,"column":7}},"line":34},"4":{"name":"(anonymous_4)","decl":{"start":{"line":38,"column":13},"end":{"line":38,"column":14}},"loc":{"start":{"line":38,"column":22},"end":{"line":40,"column":7}},"line":38},"5":{"name":"(anonymous_5)","decl":{"start":{"line":42,"column":23},"end":{"line":42,"column":24}},"loc":{"start":{"line":42,"column":30},"end":{"line":61,"column":3}},"line":42},"6":{"name":"(anonymous_6)","decl":{"start":{"line":54,"column":12},"end":{"line":54,"column":13}},"loc":{"start":{"line":54,"column":21},"end":{"line":57,"column":7}},"line":54},"7":{"name":"(anonymous_7)","decl":{"start":{"line":58,"column":13},"end":{"line":58,"column":14}},"loc":{"start":{"line":58,"column":22},"end":{"line":60,"column":7}},"line":58}},"branchMap":{"0":{"loc":{"start":{"line":15,"column":4},"end":{"line":19,"column":5}},"type":"if","locations":[{"start":{"line":15,"column":4},"end":{"line":19,"column":5}},{"start":{"line":15,"column":4},"end":{"line":19,"column":5}}],"line":15},"1":{"loc":{"start":{"line":63,"column":2},"end":{"line":77,"column":3}},"type":"if","locations":[{"start":{"line":63,"column":2},"end":{"line":77,"column":3}},{"start":{"line":63,"column":2},"end":{"line":77,"column":3}}],"line":63},"2":{"loc":{"start":{"line":64,"column":4},"end":{"line":71,"column":5}},"type":"if","locations":[{"start":{"line":64,"column":4},"end":{"line":71,"column":5}},{"start":{"line":64,"column":4},"end":{"line":71,"column":5}}],"line":64},"3":{"loc":{"start":{"line":78,"column":2},"end":{"line":85,"column":3}},"type":"if","locations":[{"start":{"line":78,"column":2},"end":{"line":85,"column":3}},{"start":{"line":78,"column":2},"end":{"line":85,"column":3}}],"line":78}},"s":{"0":2,"1":72,"2":72,"3":72,"4":72,"5":30,"6":12,"7":18,"8":72,"9":0,"10":0,"11":0,"12":0,"13":0,"14":72,"15":0,"16":0,"17":0,"18":0,"19":0,"20":72,"21":36,"22":36,"23":0,"24":36,"25":36,"26":0},"f":{"0":72,"1":30,"2":0,"3":0,"4":0,"5":0,"6":0,"7":0},"b":{"0":[12,18],"1":[36,36],"2":[36,0],"3":[36,0]},"_coverageSchema":"1a1c01bbd47fc00a2c39e90264f33305004495a9","hash":"2432bcbdb273ff81808e7ee1ddeb8caed6430fb7"}
,"/Users/julianbowman/Desktop/JavaScript/catwalk/catwalk/client/src/widgets/qa/QandA.jsx": {"path":"/Users/julianbowman/Desktop/JavaScript/catwalk/catwalk/client/src/widgets/qa/QandA.jsx","statementMap":{"0":{"start":{"line":8,"column":14},"end":{"line":56,"column":1}},"1":{"start":{"line":9,"column":50},"end":{"line":9,"column":76}},"2":{"start":{"line":10,"column":43},"end":{"line":10,"column":55}},"3":{"start":{"line":11,"column":39},"end":{"line":11,"column":51}},"4":{"start":{"line":12,"column":31},"end":{"line":12,"column":42}},"5":{"start":{"line":14,"column":2},"end":{"line":27,"column":16}},"6":{"start":{"line":15,"column":4},"end":{"line":26,"column":5}},"7":{"start":{"line":16,"column":6},"end":{"line":16,"column":38}},"8":{"start":{"line":17,"column":6},"end":{"line":25,"column":11}},"9":{"start":{"line":19,"column":10},"end":{"line":21,"column":14}},"10":{"start":{"line":20,"column":12},"end":{"line":20,"column":59}},"11":{"start":{"line":24,"column":10},"end":{"line":24,"column":58}},"12":{"start":{"line":29,"column":22},"end":{"line":31,"column":3}},"13":{"start":{"line":30,"column":4},"end":{"line":30,"column":29}},"14":{"start":{"line":33,"column":2},"end":{"line":54,"column":3}},"15":{"start":{"line":34,"column":4},"end":{"line":53,"column":6}},"16":{"start":{"line":55,"column":2},"end":{"line":55,"column":53}}},"fnMap":{"0":{"name":"(anonymous_0)","decl":{"start":{"line":8,"column":14},"end":{"line":8,"column":15}},"loc":{"start":{"line":8,"column":20},"end":{"line":56,"column":1}},"line":8},"1":{"name":"(anonymous_1)","decl":{"start":{"line":14,"column":12},"end":{"line":14,"column":13}},"loc":{"start":{"line":14,"column":18},"end":{"line":27,"column":3}},"line":14},"2":{"name":"(anonymous_2)","decl":{"start":{"line":18,"column":14},"end":{"line":18,"column":15}},"loc":{"start":{"line":18,"column":33},"end":{"line":22,"column":9}},"line":18},"3":{"name":"(anonymous_3)","decl":{"start":{"line":19,"column":53},"end":{"line":19,"column":54}},"loc":{"start":{"line":20,"column":12},"end":{"line":20,"column":59}},"line":20},"4":{"name":"(anonymous_4)","decl":{"start":{"line":23,"column":15},"end":{"line":23,"column":16}},"loc":{"start":{"line":23,"column":26},"end":{"line":25,"column":9}},"line":23},"5":{"name":"(anonymous_5)","decl":{"start":{"line":29,"column":22},"end":{"line":29,"column":23}},"loc":{"start":{"line":29,"column":28},"end":{"line":31,"column":3}},"line":29}},"branchMap":{"0":{"loc":{"start":{"line":15,"column":4},"end":{"line":26,"column":5}},"type":"if","locations":[{"start":{"line":15,"column":4},"end":{"line":26,"column":5}},{"start":{"line":15,"column":4},"end":{"line":26,"column":5}}],"line":15},"1":{"loc":{"start":{"line":33,"column":2},"end":{"line":54,"column":3}},"type":"if","locations":[{"start":{"line":33,"column":2},"end":{"line":54,"column":3}},{"start":{"line":33,"column":2},"end":{"line":54,"column":3}}],"line":33}},"s":{"0":1,"1":0,"2":0,"3":0,"4":0,"5":0,"6":0,"7":0,"8":0,"9":0,"10":0,"11":0,"12":0,"13":0,"14":0,"15":0,"16":0},"f":{"0":0,"1":0,"2":0,"3":0,"4":0,"5":0},"b":{"0":[0,0],"1":[0,0]},"_coverageSchema":"1a1c01bbd47fc00a2c39e90264f33305004495a9","hash":"18492ed52dc1a61298500ca6f592fc8121f21bc5"}
,"/Users/julianbowman/Desktop/JavaScript/catwalk/catwalk/client/src/widgets/qa/Question.jsx": {"path":"/Users/julianbowman/Desktop/JavaScript/catwalk/catwalk/client/src/widgets/qa/Question.jsx","statementMap":{"0":{"start":{"line":11,"column":17},"end":{"line":102,"column":1}},"1":{"start":{"line":12,"column":29},"end":{"line":12,"column":34}},"2":{"start":{"line":13,"column":35},"end":{"line":13,"column":47}},"3":{"start":{"line":14,"column":41},"end":{"line":14,"column":53}},"4":{"start":{"line":15,"column":35},"end":{"line":15,"column":50}},"5":{"start":{"line":17,"column":22},"end":{"line":20,"column":3}},"6":{"start":{"line":18,"column":4},"end":{"line":18,"column":23}},"7":{"start":{"line":19,"column":4},"end":{"line":19,"column":24}},"8":{"start":{"line":22,"column":2},"end":{"line":31,"column":17}},"9":{"start":{"line":23,"column":17},"end":{"line":23,"column":19}},"10":{"start":{"line":24,"column":4},"end":{"line":26,"column":5}},"11":{"start":{"line":25,"column":6},"end":{"line":25,"column":38}},"12":{"start":{"line":27,"column":4},"end":{"line":29,"column":7}},"13":{"start":{"line":28,"column":6},"end":{"line":28,"column":35}},"14":{"start":{"line":30,"column":4},"end":{"line":30,"column":24}},"15":{"start":{"line":33,"column":2},"end":{"line":79,"column":25}},"16":{"start":{"line":34,"column":4},"end":{"line":78,"column":5}},"17":{"start":{"line":35,"column":6},"end":{"line":68,"column":7}},"18":{"start":{"line":36,"column":21},"end":{"line":36,"column":23}},"19":{"start":{"line":37,"column":8},"end":{"line":46,"column":9}},"20":{"start":{"line":37,"column":21},"end":{"line":37,"column":22}},"21":{"start":{"line":38,"column":10},"end":{"line":45,"column":12}},"22":{"start":{"line":47,"column":8},"end":{"line":57,"column":10}},"23":{"start":{"line":58,"column":8},"end":{"line":58,"column":31}},"24":{"start":{"line":59,"column":13},"end":{"line":68,"column":7}},"25":{"start":{"line":60,"column":8},"end":{"line":67,"column":12}},"26":{"start":{"line":61,"column":10},"end":{"line":66,"column":12}},"27":{"start":{"line":70,"column":6},"end":{"line":77,"column":10}},"28":{"start":{"line":71,"column":8},"end":{"line":76,"column":10}},"29":{"start":{"line":81,"column":2},"end":{"line":101,"column":4}}},"fnMap":{"0":{"name":"(anonymous_0)","decl":{"start":{"line":11,"column":17},"end":{"line":11,"column":18}},"loc":{"start":{"line":11,"column":28},"end":{"line":102,"column":1}},"line":11},"1":{"name":"(anonymous_1)","decl":{"start":{"line":17,"column":22},"end":{"line":17,"column":23}},"loc":{"start":{"line":17,"column":29},"end":{"line":20,"column":3}},"line":17},"2":{"name":"(anonymous_2)","decl":{"start":{"line":22,"column":12},"end":{"line":22,"column":13}},"loc":{"start":{"line":22,"column":18},"end":{"line":31,"column":3}},"line":22},"3":{"name":"(anonymous_3)","decl":{"start":{"line":27,"column":14},"end":{"line":27,"column":15}},"loc":{"start":{"line":28,"column":6},"end":{"line":28,"column":35}},"line":28},"4":{"name":"(anonymous_4)","decl":{"start":{"line":33,"column":12},"end":{"line":33,"column":13}},"loc":{"start":{"line":33,"column":18},"end":{"line":79,"column":3}},"line":33},"5":{"name":"(anonymous_5)","decl":{"start":{"line":60,"column":37},"end":{"line":60,"column":38}},"loc":{"start":{"line":61,"column":10},"end":{"line":66,"column":12}},"line":61},"6":{"name":"(anonymous_6)","decl":{"start":{"line":70,"column":35},"end":{"line":70,"column":36}},"loc":{"start":{"line":71,"column":8},"end":{"line":76,"column":10}},"line":71}},"branchMap":{"0":{"loc":{"start":{"line":34,"column":4},"end":{"line":78,"column":5}},"type":"if","locations":[{"start":{"line":34,"column":4},"end":{"line":78,"column":5}},{"start":{"line":34,"column":4},"end":{"line":78,"column":5}}],"line":34},"1":{"loc":{"start":{"line":34,"column":8},"end":{"line":34,"column":38}},"type":"binary-expr","locations":[{"start":{"line":34,"column":8},"end":{"line":34,"column":16}},{"start":{"line":34,"column":20},"end":{"line":34,"column":38}}],"line":34},"2":{"loc":{"start":{"line":35,"column":6},"end":{"line":68,"column":7}},"type":"if","locations":[{"start":{"line":35,"column":6},"end":{"line":68,"column":7}},{"start":{"line":35,"column":6},"end":{"line":68,"column":7}}],"line":35},"3":{"loc":{"start":{"line":59,"column":13},"end":{"line":68,"column":7}},"type":"if","locations":[{"start":{"line":59,"column":13},"end":{"line":68,"column":7}},{"start":{"line":59,"column":13},"end":{"line":68,"column":7}}],"line":59}},"s":{"0":2,"1":36,"2":36,"3":36,"4":36,"5":36,"6":0,"7":0,"8":36,"9":12,"10":12,"11":18,"12":12,"13":6,"14":12,"15":36,"16":24,"17":12,"18":0,"19":0,"20":0,"21":0,"22":0,"23":0,"24":12,"25":12,"26":18,"27":12,"28":0,"29":36},"f":{"0":36,"1":0,"2":12,"3":6,"4":24,"5":18,"6":0},"b":{"0":[12,12],"1":[24,24],"2":[0,12],"3":[12,0]},"_coverageSchema":"1a1c01bbd47fc00a2c39e90264f33305004495a9","hash":"e7cf291aa6437b21583b84a8d5ca478ef4758d52"}
,"/Users/julianbowman/Desktop/JavaScript/catwalk/catwalk/client/src/widgets/qa/QuestionList.jsx": {"path":"/Users/julianbowman/Desktop/JavaScript/catwalk/catwalk/client/src/widgets/qa/QuestionList.jsx","statementMap":{"0":{"start":{"line":8,"column":21},"end":{"line":57,"column":1}},"1":{"start":{"line":14,"column":6},"end":{"line":14,"column":27}},"2":{"start":{"line":15,"column":45},"end":{"line":15,"column":57}},"3":{"start":{"line":17,"column":2},"end":{"line":20,"column":18}},"4":{"start":{"line":18,"column":4},"end":{"line":18,"column":46}},"5":{"start":{"line":19,"column":4},"end":{"line":19,"column":19}},"6":{"start":{"line":22,"column":2},"end":{"line":24,"column":14}},"7":{"start":{"line":23,"column":4},"end":{"line":23,"column":50}},"8":{"start":{"line":26,"column":24},"end":{"line":28,"column":3}},"9":{"start":{"line":27,"column":4},"end":{"line":27,"column":27}},"10":{"start":{"line":30,"column":2},"end":{"line":56,"column":4}},"11":{"start":{"line":38,"column":10},"end":{"line":38,"column":88}}},"fnMap":{"0":{"name":"(anonymous_0)","decl":{"start":{"line":8,"column":21},"end":{"line":8,"column":22}},"loc":{"start":{"line":8,"column":27},"end":{"line":57,"column":1}},"line":8},"1":{"name":"(anonymous_1)","decl":{"start":{"line":17,"column":12},"end":{"line":17,"column":13}},"loc":{"start":{"line":17,"column":18},"end":{"line":20,"column":3}},"line":17},"2":{"name":"(anonymous_2)","decl":{"start":{"line":22,"column":12},"end":{"line":22,"column":13}},"loc":{"start":{"line":22,"column":18},"end":{"line":24,"column":3}},"line":22},"3":{"name":"(anonymous_3)","decl":{"start":{"line":26,"column":24},"end":{"line":26,"column":25}},"loc":{"start":{"line":26,"column":30},"end":{"line":28,"column":3}},"line":26},"4":{"name":"(anonymous_4)","decl":{"start":{"line":37,"column":26},"end":{"line":37,"column":27}},"loc":{"start":{"line":38,"column":10},"end":{"line":38,"column":88}},"line":38}},"branchMap":{},"s":{"0":2,"1":6,"2":6,"3":6,"4":3,"5":3,"6":6,"7":3,"8":6,"9":1,"10":6,"11":12},"f":{"0":6,"1":3,"2":3,"3":1,"4":12},"b":{},"_coverageSchema":"1a1c01bbd47fc00a2c39e90264f33305004495a9","hash":"b5659819a175e9dfa7b378659960e224ae0ed1d6"}
,"/Users/julianbowman/Desktop/JavaScript/catwalk/catwalk/client/src/widgets/qa/Report.jsx": {"path":"/Users/julianbowman/Desktop/JavaScript/catwalk/catwalk/client/src/widgets/qa/Report.jsx","statementMap":{"0":{"start":{"line":7,"column":15},"end":{"line":45,"column":1}},"1":{"start":{"line":8,"column":45},"end":{"line":8,"column":50}},"2":{"start":{"line":10,"column":22},"end":{"line":35,"column":3}},"3":{"start":{"line":11,"column":4},"end":{"line":11,"column":23}},"4":{"start":{"line":12,"column":4},"end":{"line":34,"column":9}},"5":{"start":{"line":23,"column":21},"end":{"line":23,"column":36}},"6":{"start":{"line":24,"column":8},"end":{"line":29,"column":9}},"7":{"start":{"line":24,"column":21},"end":{"line":24,"column":22}},"8":{"start":{"line":25,"column":10},"end":{"line":28,"column":11}},"9":{"start":{"line":26,"column":12},"end":{"line":26,"column":30}},"10":{"start":{"line":27,"column":12},"end":{"line":27,"column":18}},"11":{"start":{"line":30,"column":8},"end":{"line":30,"column":28}},"12":{"start":{"line":33,"column":8},"end":{"line":33,"column":32}},"13":{"start":{"line":37,"column":2},"end":{"line":44,"column":4}}},"fnMap":{"0":{"name":"(anonymous_0)","decl":{"start":{"line":7,"column":15},"end":{"line":7,"column":16}},"loc":{"start":{"line":7,"column":26},"end":{"line":45,"column":1}},"line":7},"1":{"name":"(anonymous_1)","decl":{"start":{"line":10,"column":22},"end":{"line":10,"column":23}},"loc":{"start":{"line":10,"column":29},"end":{"line":35,"column":3}},"line":10},"2":{"name":"(anonymous_2)","decl":{"start":{"line":22,"column":12},"end":{"line":22,"column":13}},"loc":{"start":{"line":22,"column":21},"end":{"line":31,"column":7}},"line":22},"3":{"name":"(anonymous_3)","decl":{"start":{"line":32,"column":13},"end":{"line":32,"column":14}},"loc":{"start":{"line":32,"column":22},"end":{"line":34,"column":7}},"line":32}},"branchMap":{"0":{"loc":{"start":{"line":25,"column":10},"end":{"line":28,"column":11}},"type":"if","locations":[{"start":{"line":25,"column":10},"end":{"line":28,"column":11}},{"start":{"line":25,"column":10},"end":{"line":28,"column":11}}],"line":25}},"s":{"0":2,"1":18,"2":18,"3":0,"4":0,"5":0,"6":0,"7":0,"8":0,"9":0,"10":0,"11":0,"12":0,"13":18},"f":{"0":18,"1":0,"2":0,"3":0},"b":{"0":[0,0]},"_coverageSchema":"1a1c01bbd47fc00a2c39e90264f33305004495a9","hash":"10d1603f3127ac89b320b50a21754e052db2ee20"}
,"/Users/julianbowman/Desktop/JavaScript/catwalk/catwalk/client/src/widgets/qa/Search.jsx": {"path":"/Users/julianbowman/Desktop/JavaScript/catwalk/catwalk/client/src/widgets/qa/Search.jsx","statementMap":{"0":{"start":{"line":4,"column":15},"end":{"line":43,"column":1}},"1":{"start":{"line":5,"column":47},"end":{"line":5,"column":52}},"2":{"start":{"line":6,"column":31},"end":{"line":6,"column":43}},"3":{"start":{"line":8,"column":23},"end":{"line":17,"column":3}},"4":{"start":{"line":9,"column":4},"end":{"line":9,"column":23}},"5":{"start":{"line":10,"column":4},"end":{"line":16,"column":5}},"6":{"start":{"line":11,"column":6},"end":{"line":11,"column":44}},"7":{"start":{"line":12,"column":11},"end":{"line":16,"column":5}},"8":{"start":{"line":13,"column":6},"end":{"line":13,"column":89}},"9":{"start":{"line":15,"column":6},"end":{"line":15,"column":34}},"10":{"start":{"line":19,"column":2},"end":{"line":27,"column":14}},"11":{"start":{"line":20,"column":4},"end":{"line":26,"column":5}},"12":{"start":{"line":21,"column":6},"end":{"line":23,"column":10}},"13":{"start":{"line":22,"column":8},"end":{"line":22,"column":46}},"14":{"start":{"line":25,"column":6},"end":{"line":25,"column":39}},"15":{"start":{"line":29,"column":2},"end":{"line":42,"column":3}}},"fnMap":{"0":{"name":"(anonymous_0)","decl":{"start":{"line":4,"column":15},"end":{"line":4,"column":16}},"loc":{"start":{"line":4,"column":26},"end":{"line":43,"column":1}},"line":4},"1":{"name":"(anonymous_1)","decl":{"start":{"line":8,"column":23},"end":{"line":8,"column":24}},"loc":{"start":{"line":8,"column":30},"end":{"line":17,"column":3}},"line":8},"2":{"name":"(anonymous_2)","decl":{"start":{"line":19,"column":12},"end":{"line":19,"column":13}},"loc":{"start":{"line":19,"column":18},"end":{"line":27,"column":3}},"line":19},"3":{"name":"(anonymous_3)","decl":{"start":{"line":21,"column":45},"end":{"line":21,"column":46}},"loc":{"start":{"line":22,"column":8},"end":{"line":22,"column":46}},"line":22}},"branchMap":{"0":{"loc":{"start":{"line":10,"column":4},"end":{"line":16,"column":5}},"type":"if","locations":[{"start":{"line":10,"column":4},"end":{"line":16,"column":5}},{"start":{"line":10,"column":4},"end":{"line":16,"column":5}}],"line":10},"1":{"loc":{"start":{"line":12,"column":11},"end":{"line":16,"column":5}},"type":"if","locations":[{"start":{"line":12,"column":11},"end":{"line":16,"column":5}},{"start":{"line":12,"column":11},"end":{"line":16,"column":5}}],"line":12},"2":{"loc":{"start":{"line":20,"column":4},"end":{"line":26,"column":5}},"type":"if","locations":[{"start":{"line":20,"column":4},"end":{"line":26,"column":5}},{"start":{"line":20,"column":4},"end":{"line":26,"column":5}}],"line":20},"3":{"loc":{"start":{"line":37,"column":17},"end":{"line":37,"column":80}},"type":"cond-expr","locations":[{"start":{"line":37,"column":32},"end":{"line":37,"column":37}},{"start":{"line":37,"column":40},"end":{"line":37,"column":80}}],"line":37}},"s":{"0":2,"1":6,"2":6,"3":6,"4":0,"5":0,"6":0,"7":0,"8":0,"9":0,"10":6,"11":3,"12":0,"13":0,"14":3,"15":6},"f":{"0":6,"1":0,"2":3,"3":0},"b":{"0":[0,0],"1":[0,0],"2":[0,3],"3":[0,6]},"_coverageSchema":"1a1c01bbd47fc00a2c39e90264f33305004495a9","hash":"0c02d929dadc46059ef7b2bd6326ca206e39be72"}
,"/Users/julianbowman/Desktop/JavaScript/catwalk/catwalk/client/src/widgets/qa/helpers.js": {"path":"/Users/julianbowman/Desktop/JavaScript/catwalk/catwalk/client/src/widgets/qa/helpers.js","statementMap":{"0":{"start":{"line":1,"column":19},"end":{"line":4,"column":1}},"1":{"start":{"line":2,"column":13},"end":{"line":2,"column":164}},"2":{"start":{"line":3,"column":2},"end":{"line":3,"column":46}},"3":{"start":{"line":6,"column":17},"end":{"line":14,"column":1}},"4":{"start":{"line":7,"column":2},"end":{"line":9,"column":3}},"5":{"start":{"line":8,"column":4},"end":{"line":8,"column":17}},"6":{"start":{"line":10,"column":2},"end":{"line":12,"column":3}},"7":{"start":{"line":11,"column":4},"end":{"line":11,"column":17}},"8":{"start":{"line":13,"column":2},"end":{"line":13,"column":14}}},"fnMap":{"0":{"name":"(anonymous_0)","decl":{"start":{"line":1,"column":19},"end":{"line":1,"column":20}},"loc":{"start":{"line":1,"column":30},"end":{"line":4,"column":1}},"line":1},"1":{"name":"(anonymous_1)","decl":{"start":{"line":6,"column":17},"end":{"line":6,"column":18}},"loc":{"start":{"line":6,"column":28},"end":{"line":14,"column":1}},"line":6}},"branchMap":{"0":{"loc":{"start":{"line":7,"column":2},"end":{"line":9,"column":3}},"type":"if","locations":[{"start":{"line":7,"column":2},"end":{"line":9,"column":3}},{"start":{"line":7,"column":2},"end":{"line":9,"column":3}}],"line":7},"1":{"loc":{"start":{"line":7,"column":6},"end":{"line":7,"column":44}},"type":"binary-expr","locations":[{"start":{"line":7,"column":6},"end":{"line":7,"column":23}},{"start":{"line":7,"column":27},"end":{"line":7,"column":44}}],"line":7},"2":{"loc":{"start":{"line":10,"column":2},"end":{"line":12,"column":3}},"type":"if","locations":[{"start":{"line":10,"column":2},"end":{"line":12,"column":3}},{"start":{"line":10,"column":2},"end":{"line":12,"column":3}}],"line":10}},"s":{"0":2,"1":0,"2":0,"3":2,"4":0,"5":0,"6":0,"7":0,"8":0},"f":{"0":0,"1":0},"b":{"0":[0,0],"1":[0,0],"2":[0,0]},"_coverageSchema":"1a1c01bbd47fc00a2c39e90264f33305004495a9","hash":"ab7cdf9377e319b577ac61f0522550b40e53d202"}
,"/Users/julianbowman/Desktop/JavaScript/catwalk/catwalk/client/src/widgets/relatedProducts/ComparisonModal.jsx": {"path":"/Users/julianbowman/Desktop/JavaScript/catwalk/catwalk/client/src/widgets/relatedProducts/ComparisonModal.jsx","statementMap":{"0":{"start":{"line":14,"column":2},"end":{"line":14,"column":23}},"1":{"start":{"line":15,"column":23},"end":{"line":27,"column":3}},"2":{"start":{"line":28,"column":2},"end":{"line":72,"column":4}},"3":{"start":{"line":29,"column":40},"end":{"line":29,"column":58}},"4":{"start":{"line":30,"column":101},"end":{"line":30,"column":119}},"5":{"start":{"line":44,"column":12},"end":{"line":52,"column":15}},"6":{"start":{"line":55,"column":12},"end":{"line":66,"column":15}}},"fnMap":{"0":{"name":"ComparisonModal","decl":{"start":{"line":13,"column":9},"end":{"line":13,"column":24}},"loc":{"start":{"line":13,"column":67},"end":{"line":73,"column":1}},"line":13},"1":{"name":"(anonymous_1)","decl":{"start":{"line":29,"column":34},"end":{"line":29,"column":35}},"loc":{"start":{"line":29,"column":40},"end":{"line":29,"column":58}},"line":29},"2":{"name":"(anonymous_2)","decl":{"start":{"line":30,"column":95},"end":{"line":30,"column":96}},"loc":{"start":{"line":30,"column":101},"end":{"line":30,"column":119}},"line":30},"3":{"name":"(anonymous_3)","decl":{"start":{"line":43,"column":39},"end":{"line":43,"column":40}},"loc":{"start":{"line":44,"column":12},"end":{"line":52,"column":15}},"line":44},"4":{"name":"(anonymous_4)","decl":{"start":{"line":54,"column":32},"end":{"line":54,"column":33}},"loc":{"start":{"line":55,"column":12},"end":{"line":66,"column":15}},"line":55}},"branchMap":{"0":{"loc":{"start":{"line":50,"column":21},"end":{"line":50,"column":140}},"type":"cond-expr","locations":[{"start":{"line":50,"column":104},"end":{"line":50,"column":133}},{"start":{"line":50,"column":136},"end":{"line":50,"column":140}}],"line":50},"1":{"loc":{"start":{"line":50,"column":22},"end":{"line":50,"column":100}},"type":"binary-expr","locations":[{"start":{"line":50,"column":22},"end":{"line":50,"column":45}},{"start":{"line":50,"column":49},"end":{"line":50,"column":100}}],"line":50},"2":{"loc":{"start":{"line":56,"column":15},"end":{"line":65,"column":17}},"type":"cond-expr","locations":[{"start":{"line":56,"column":127},"end":{"line":56,"column":131}},{"start":{"line":58,"column":18},"end":{"line":64,"column":23}}],"line":56},"3":{"loc":{"start":{"line":56,"column":16},"end":{"line":56,"column":123}},"type":"binary-expr","locations":[{"start":{"line":56,"column":16},"end":{"line":56,"column":50}},{"start":{"line":56,"column":54},"end":{"line":56,"column":123}}],"line":56},"4":{"loc":{"start":{"line":63,"column":25},"end":{"line":63,"column":122}},"type":"cond-expr","locations":[{"start":{"line":63,"column":57},"end":{"line":63,"column":99}},{"start":{"line":63,"column":102},"end":{"line":63,"column":122}}],"line":63}},"s":{"0":0,"1":0,"2":0,"3":0,"4":0,"5":0,"6":0},"f":{"0":0,"1":0,"2":0,"3":0,"4":0},"b":{"0":[0,0],"1":[0,0],"2":[0,0],"3":[0,0],"4":[0,0]},"_coverageSchema":"1a1c01bbd47fc00a2c39e90264f33305004495a9","hash":"e8982dc52d28e42af0b43d366a553904aacf7a53"}
,"/Users/julianbowman/Desktop/JavaScript/catwalk/catwalk/client/src/widgets/relatedProducts/MyOutfitCard.jsx": {"path":"/Users/julianbowman/Desktop/JavaScript/catwalk/catwalk/client/src/widgets/relatedProducts/MyOutfitCard.jsx","statementMap":{"0":{"start":{"line":10,"column":2},"end":{"line":18,"column":4}},"1":{"start":{"line":15,"column":80},"end":{"line":15,"column":95}}},"fnMap":{"0":{"name":"MyOutfitCard","decl":{"start":{"line":9,"column":9},"end":{"line":9,"column":21}},"loc":{"start":{"line":9,"column":37},"end":{"line":19,"column":1}},"line":9},"1":{"name":"(anonymous_1)","decl":{"start":{"line":15,"column":74},"end":{"line":15,"column":75}},"loc":{"start":{"line":15,"column":80},"end":{"line":15,"column":95}},"line":15}},"branchMap":{},"s":{"0":0,"1":0},"f":{"0":0,"1":0},"b":{},"_coverageSchema":"1a1c01bbd47fc00a2c39e90264f33305004495a9","hash":"eff7063fcfc696eda915c6b693f890fb79b41702"}
,"/Users/julianbowman/Desktop/JavaScript/catwalk/catwalk/client/src/widgets/relatedProducts/MyOutfitList.jsx": {"path":"/Users/julianbowman/Desktop/JavaScript/catwalk/catwalk/client/src/widgets/relatedProducts/MyOutfitList.jsx","statementMap":{"0":{"start":{"line":13,"column":30},"end":{"line":13,"column":45}},"1":{"start":{"line":15,"column":2},"end":{"line":28,"column":4}}},"fnMap":{"0":{"name":"MyOutfitList","decl":{"start":{"line":12,"column":9},"end":{"line":12,"column":21}},"loc":{"start":{"line":12,"column":50},"end":{"line":29,"column":1}},"line":12}},"branchMap":{"0":{"loc":{"start":{"line":23,"column":13},"end":{"line":23,"column":116}},"type":"cond-expr","locations":[{"start":{"line":23,"column":22},"end":{"line":23,"column":109}},{"start":{"line":23,"column":112},"end":{"line":23,"column":116}}],"line":23}},"s":{"0":0,"1":0},"f":{"0":0},"b":{"0":[0,0]},"_coverageSchema":"1a1c01bbd47fc00a2c39e90264f33305004495a9","hash":"ff0792141afe2392ea41545c2fd4890ca7d4f351"}
,"/Users/julianbowman/Desktop/JavaScript/catwalk/catwalk/client/src/widgets/relatedProducts/ProductCard.jsx": {"path":"/Users/julianbowman/Desktop/JavaScript/catwalk/catwalk/client/src/widgets/relatedProducts/ProductCard.jsx","statementMap":{"0":{"start":{"line":9,"column":2},"end":{"line":30,"column":4}},"1":{"start":{"line":13,"column":63},"end":{"line":13,"column":79}}},"fnMap":{"0":{"name":"ProductCard","decl":{"start":{"line":8,"column":9},"end":{"line":8,"column":20}},"loc":{"start":{"line":8,"column":59},"end":{"line":31,"column":1}},"line":8},"1":{"name":"(anonymous_1)","decl":{"start":{"line":13,"column":57},"end":{"line":13,"column":58}},"loc":{"start":{"line":13,"column":63},"end":{"line":13,"column":79}},"line":13}},"branchMap":{"0":{"loc":{"start":{"line":11,"column":41},"end":{"line":11,"column":240}},"type":"cond-expr","locations":[{"start":{"line":11,"column":73},"end":{"line":11,"column":102}},{"start":{"line":11,"column":105},"end":{"line":11,"column":240}}],"line":11}},"s":{"0":0,"1":0},"f":{"0":0,"1":0},"b":{"0":[0,0]},"_coverageSchema":"1a1c01bbd47fc00a2c39e90264f33305004495a9","hash":"85a09d8abdbce9da1aec67d881d87801f2e14d5e"}
,"/Users/julianbowman/Desktop/JavaScript/catwalk/catwalk/client/src/widgets/relatedProducts/Products.jsx": {"path":"/Users/julianbowman/Desktop/JavaScript/catwalk/catwalk/client/src/widgets/relatedProducts/Products.jsx","statementMap":{"0":{"start":{"line":15,"column":18},"end":{"line":15,"column":44}},"1":{"start":{"line":16,"column":34},"end":{"line":16,"column":46}},"2":{"start":{"line":17,"column":30},"end":{"line":17,"column":42}},"3":{"start":{"line":18,"column":40},"end":{"line":18,"column":51}},"4":{"start":{"line":20,"column":27},"end":{"line":34,"column":3}},"5":{"start":{"line":21,"column":4},"end":{"line":33,"column":5}},"6":{"start":{"line":22,"column":27},"end":{"line":23,"column":42}},"7":{"start":{"line":25,"column":22},"end":{"line":29,"column":57}},"8":{"start":{"line":31,"column":27},"end":{"line":31,"column":56}},"9":{"start":{"line":32,"column":6},"end":{"line":32,"column":28}},"10":{"start":{"line":36,"column":22},"end":{"line":61,"column":3}},"11":{"start":{"line":38,"column":26},"end":{"line":40,"column":6}},"12":{"start":{"line":39,"column":6},"end":{"line":39,"column":42}},"13":{"start":{"line":42,"column":24},"end":{"line":44,"column":6}},"14":{"start":{"line":43,"column":6},"end":{"line":43,"column":49}},"15":{"start":{"line":46,"column":25},"end":{"line":48,"column":6}},"16":{"start":{"line":47,"column":6},"end":{"line":47,"column":58}},"17":{"start":{"line":50,"column":4},"end":{"line":52,"column":7}},"18":{"start":{"line":51,"column":6},"end":{"line":51,"column":28}},"19":{"start":{"line":54,"column":4},"end":{"line":56,"column":7}},"20":{"start":{"line":55,"column":6},"end":{"line":55,"column":26}},"21":{"start":{"line":58,"column":4},"end":{"line":60,"column":7}},"22":{"start":{"line":59,"column":6},"end":{"line":59,"column":31}},"23":{"start":{"line":63,"column":2},"end":{"line":71,"column":9}},"24":{"start":{"line":64,"column":4},"end":{"line":70,"column":9}},"25":{"start":{"line":66,"column":8},"end":{"line":66,"column":30}},"26":{"start":{"line":69,"column":8},"end":{"line":69,"column":61}},"27":{"start":{"line":73,"column":2},"end":{"line":86,"column":3}},"28":{"start":{"line":74,"column":4},"end":{"line":85,"column":6}},"29":{"start":{"line":87,"column":2},"end":{"line":89,"column":4}}},"fnMap":{"0":{"name":"RelatedProducts","decl":{"start":{"line":14,"column":9},"end":{"line":14,"column":24}},"loc":{"start":{"line":14,"column":27},"end":{"line":90,"column":1}},"line":14},"1":{"name":"(anonymous_1)","decl":{"start":{"line":20,"column":27},"end":{"line":20,"column":28}},"loc":{"start":{"line":20,"column":39},"end":{"line":34,"column":3}},"line":20},"2":{"name":"(anonymous_2)","decl":{"start":{"line":36,"column":22},"end":{"line":36,"column":23}},"loc":{"start":{"line":36,"column":33},"end":{"line":61,"column":3}},"line":36},"3":{"name":"(anonymous_3)","decl":{"start":{"line":38,"column":36},"end":{"line":38,"column":37}},"loc":{"start":{"line":39,"column":6},"end":{"line":39,"column":42}},"line":39},"4":{"name":"(anonymous_4)","decl":{"start":{"line":42,"column":34},"end":{"line":42,"column":35}},"loc":{"start":{"line":43,"column":6},"end":{"l
[...]
esktop/JavaScript/catwalk/catwalk/client/src/widgets/reviews/ReviewBreakDown.jsx": {"path":"/Users/julianbowman/Desktop/JavaScript/catwalk/catwalk/client/src/widgets/reviews/ReviewBreakDown.jsx","statementMap":{"0":{"start":{"line":9,"column":24},"end":{"line":120,"column":1}},"1":{"start":{"line":10,"column":17},"end":{"line":10,"column":42}},"2":{"start":{"line":11,"column":18},"end":{"line":11,"column":44}},"3":{"start":{"line":12,"column":46},"end":{"line":12,"column":81}},"4":{"start":{"line":14,"column":23},"end":{"line":15,"column":49}},"5":{"start":{"line":17,"column":27},"end":{"line":18,"column":30}},"6":{"start":{"line":20,"column":29},"end":{"line":20,"column":71}},"7":{"start":{"line":21,"column":23},"end":{"line":23,"column":4}},"8":{"start":{"line":22,"column":4},"end":{"line":22,"column":18}},"9":{"start":{"line":24,"column":23},"end":{"line":24,"column":48}},"10":{"start":{"line":26,"column":22},"end":{"line":30,"column":3}},"11":{"start":{"line":27,"column":28},"end":{"line":28,"column":56}},"12":{"start":{"line":28,"column":6},"end":{"line":28,"column":54}},"13":{"start":{"line":29,"column":4},"end":{"line":29,"column":44}},"14":{"start":{"line":32,"column":29},"end":{"line":51,"column":3}},"15":{"start":{"line":33,"column":26},"end":{"line":33,"column":48}},"16":{"start":{"line":34,"column":4},"end":{"line":50,"column":5}},"17":{"start":{"line":35,"column":6},"end":{"line":35,"column":34}},"18":{"start":{"line":36,"column":6},"end":{"line":36,"column":28}},"19":{"start":{"line":37,"column":11},"end":{"line":50,"column":5}},"20":{"start":{"line":38,"column":6},"end":{"line":45,"column":7}},"21":{"start":{"line":39,"column":8},"end":{"line":39,"column":63}},"22":{"start":{"line":40,"column":8},"end":{"line":40,"column":41}},"23":{"start":{"line":41,"column":8},"end":{"line":41,"column":35}},"24":{"start":{"line":43,"column":8},"end":{"line":43,"column":53}},"25":{"start":{"line":44,"column":8},"end":{"line":44,"column":58}},"26":{"start":{"line":47,"column":28},"end":{"line":47,"column":56}},"27":{"start":{"line":48,"column":6},"end":{"line":48,"column":39}},"28":{"start":{"line":49,"column":6},"end":{"line":49,"column":33}},"29":{"start":{"line":53,"column":24},"end":{"line":53,"column":102}},"30":{"start":{"line":55,"column":20},"end":{"line":56,"column":65}},"31":{"start":{"line":57,"column":20},"end":{"line":58,"column":65}},"32":{"start":{"line":59,"column":21},"end":{"line":60,"column":65}},"33":{"start":{"line":61,"column":19},"end":{"line":62,"column":65}},"34":{"start":{"line":63,"column":18},"end":{"line":64,"column":65}},"35":{"start":{"line":66,"column":2},"end":{"line":115,"column":3}},"36":{"start":{"line":67,"column":4},"end":{"line":114,"column":6}},"37":{"start":{"line":80,"column":87},"end":{"line":80,"column":111}},"38":{"start":{"line":86,"column":87},"end":{"line":86,"column":111}},"39":{"start":{"line":92,"column":87},"end":{"line":92,"column":111}},"40":{"start":{"line":98,"column":87},"end":{"line":98,"column":111}},"41":{"start":{"line":104,"column":87},"end":{"line":104,"column":111}},"42":{"start":{"line":116,"column":2},"end":{"line":118,"column":3}},"43":{"start":{"line":117,"column":4},"end":{"line":117,"column":68}},"44":{"start":{"line":119,"column":2},"end":{"line":119,"column":39}}},"fnMap":{"0":{"name":"(anonymous_0)","decl":{"start":{"line":9,"column":24},"end":{"line":9,"column":25}},"loc":{"start":{"line":9,"column":30},"end":{"line":120,"column":1}},"line":9},"1":{"name":"(anonymous_1)","decl":{"start":{"line":21,"column":45},"end":{"line":21,"column":46}},"loc":{"start":{"line":22,"column":4},"end":{"line":22,"column":18}},"line":22},"2":{"name":"(anonymous_2)","decl":{"start":{"line":26,"column":22},"end":{"line":26,"column":23}},"loc":{"start":{"line":26,"column":35},"end":{"line":30,"column":3}},"line":26},"3":{"name":"(anonymous_3)","decl":{"start":{"line":27,"column":61},"end":{"line":27,"column":62}},"loc":{"start":{"line":28,"column":6},"end":{"line":28,"column":54}},"line":28},"4":{"name":"(anonymous_4)","decl":{"start":{"line":32,"column":29},"end":{"line":32,"column":30}},"loc":{"start":{"line":32,"column":41},"end":{"line":51,"column":3}},"line":32},"5":{"name":"(anonymous_5)","decl":{"start":{"line":80,"column":79},"end":{"line":80,"column":80}},"loc":{"start":{"line":80,"column":85},"end":{"line":80,"column":113}},"line":80},"6":{"name":"(anonymous_6)","decl":{"start":{"line":86,"column":79},"end":{"line":86,"column":80}},"loc":{"start":{"line":86,"column":85},"end":{"line":86,"column":113}},"line":86},"7":{"name":"(anonymous_7)","decl":{"start":{"line":92,"column":79},"end":{"line":92,"column":80}},"loc":{"start":{"line":92,"column":85},"end":{"line":92,"column":113}},"line":92},"8":{"name":"(anonymous_8)","decl":{"start":{"line":98,"column":79},"end":{"line":98,"column":80}},"loc":{"start":{"line":98,"column":85},"end":{"line":98,"column":113}},"line":98},"9":{"name":"(anonymous_9)","decl":{"start":{"line":104,"column":79},"end":{"line":104,"column":80}},"loc":{"start":{"line":104,"column":85},"end":{"line":104,"column":113}},"line":104}},"branchMap":{"0":{"loc":{"start":{"line":34,"column":4},"end":{"line":50,"column":5}},"type":"if","locations":[{"start":{"line":34,"column":4},"end":{"line":50,"column":5}},{"start":{"line":34,"column":4},"end":{"line":50,"column":5}}],"line":34},"1":{"loc":{"start":{"line":37,"column":11},"end":{"line":50,"column":5}},"type":"if","locations":[{"start":{"line":37,"column":11},"end":{"line":50,"column":5}},{"start":{"line":37,"column":11},"end":{"line":50,"column":5}}],"line":37},"2":{"loc":{"start":{"line":38,"column":6},"end":{"line":45,"column":7}},"type":"if","locations":[{"start":{"line":38,"column":6},"end":{"line":45,"column":7}},{"start":{"line":38,"column":6},"end":{"line":45,"column":7}}],"line":38},"3":{"loc":{"start":{"line":53,"column":24},"end":{"line":53,"column":102}},"type":"binary-expr","locations":[{"start":{"line":53,"column":24},"end":{"line":53,"column":51}},{"start":{"line":53,"column":55},"end":{"line":53,"column":102}}],"line":53},"4":{"loc":{"start":{"line":55,"column":20},"end":{"line":56,"column":65}},"type":"cond-expr","locations":[{"start":{"line":56,"column":7},"end":{"line":56,"column":60}},{"start":{"line":56,"column":64},"end":{"line":56,"column":65}}],"line":55},"5":{"loc":{"start":{"line":57,"column":20},"end":{"line":58,"column":65}},"type":"cond-expr","locations":[{"start":{"line":58,"column":7},"end":{"line":58,"column":60}},{"start":{"line":58,"column":64},"end":{"line":58,"column":65}}],"line":57},"6":{"loc":{"start":{"line":59,"column":21},"end":{"line":60,"column":65}},"type":"cond-expr","locations":[{"start":{"line":60,"column":7},"end":{"line":60,"column":60}},{"start":{"line":60,"column":64},"end":{"line":60,"column":65}}],"line":59},"7":{"loc":{"start":{"line":61,"column":19},"end":{"line":62,"column":65}},"type":"cond-expr","locations":[{"start":{"line":62,"column":7},"end":{"line":62,"column":60}},{"start":{"line":62,"column":64},"end":{"line":62,"column":65}}],"line":61},"8":{"loc":{"start":{"line":63,"column":18},"end":{"line":64,"column":65}},"type":"cond-expr","locations":[{"start":{"line":64,"column":7},"end":{"line":64,"column":60}},{"start":{"line":64,"column":64},"end":{"line":64,"column":65}}],"line":63},"9":{"loc":{"start":{"line":66,"column":2},"end":{"line":115,"column":3}},"type":"if","locations":[{"start":{"line":66,"column":2},"end":{"line":115,"column":3}},{"start":{"line":66,"column":2},"end":{"line":115,"column":3}}],"line":66},"10":{"loc":{"start":{"line":116,"column":2},"end":{"line":118,"column":3}},"type":"if","locations":[{"start":{"line":116,"column":2},"end":{"line":118,"column":3}},{"start":{"line":116,"column":2},"end":{"line":118,"column":3}}],"line":116}},"s":{"0":2,"1":0,"2":0,"3":0,"4":0,"5":0,"6":0,"7":0,"8":0,"9":0,"10":0,"11":0,"12":0,"13":0,"14":0,"15":0,"16":0,"17":0,"18":0,"19":0,"20":0,"21":0,"22":0,"23":0,"24":0,"25":0,"26":0,"27":0,"28":0,"29":0,"30":0,"31":0,"32":0,"33":0,"34":0,"35":0,"36":0,"37":0,"38":0,"39":0,"40":0,"41":0,"42":0,"43":0,"44":0},"f":{"0":0,"1":0,"2":0,"3":0,"4":0,"5":0,"6":0,"7":0,"8":0,"9":0},"b":{"0":[0,0],"1":[0,0],"2":[0,0],"3":[0,0],"4":[0,0],"5":[0,0],"6":[0,0],"7":[0,0],"8":[0,0],"9":[0,0],"10":[0,0]},"_coverageSchema":"1a1c01bbd47fc00a2c39e90264f33305004495a9","hash":"a4b161568a5d03b8c0d1ff81ae62638048752240"}
,"/Users/julianbowman/Desktop/JavaScript/catwalk/catwalk/client/src/widgets/reviews/ReviewPhotos.jsx": {"path":"/Users/julianbowman/Desktop/JavaScript/catwalk/catwalk/client/src/widgets/reviews/ReviewPhotos.jsx","statementMap":{"0":{"start":{"line":3,"column":21},"end":{"line":27,"column":1}},"1":{"start":{"line":4,"column":2},"end":{"line":26,"column":4}},"2":{"start":{"line":5,"column":20},"end":{"line":5,"column":28}},"3":{"start":{"line":6,"column":21},"end":{"line":6,"column":30}},"4":{"start":{"line":8,"column":4},"end":{"line":25,"column":6}}},"fnMap":{"0":{"name":"(anonymous_0)","decl":{"start":{"line":3,"column":21},"end":{"line":3,"column":22}},"loc":{"start":{"line":4,"column":2},"end":{"line":26,"column":4}},"line":4},"1":{"name":"(anonymous_1)","decl":{"start":{"line":4,"column":19},"end":{"line":4,"column":20}},"loc":{"start":{"line":4,"column":30},"end":{"line":26,"column":3}},"line":4}},"branchMap":{},"s":{"0":2,"1":0,"2":0,"3":0,"4":0},"f":{"0":0,"1":0},"b":{},"_coverageSchema":"1a1c01bbd47fc00a2c39e90264f33305004495a9","hash":"d0833ca6000fa4b9d38b69aff3d0cc0fcf12d2c3"}
,"/Users/julianbowman/Desktop/JavaScript/catwalk/catwalk/client/src/widgets/reviews/ReviewSearch.jsx": {"path":"/Users/julianbowman/Desktop/JavaScript/catwalk/catwalk/client/src/widgets/reviews/ReviewSearch.jsx","statementMap":{"0":{"start":{"line":5,"column":21},"end":{"line":40,"column":1}},"1":{"start":{"line":6,"column":18},"end":{"line":6,"column":43}},"2":{"start":{"line":7,"column":40},"end":{"line":7,"column":50}},"3":{"start":{"line":9,"column":22},"end":{"line":13,"column":3}},"4":{"start":{"line":10,"column":28},"end":{"line":11,"column":35}},"5":{"start":{"line":11,"column":6},"end":{"line":11,"column":33}},"6":{"start":{"line":12,"column":4},"end":{"line":12,"column":45}},"7":{"start":{"line":15,"column":23},"end":{"line":25,"column":3}},"8":{"start":{"line":16,"column":4},"end":{"line":16,"column":23}},"9":{"start":{"line":18,"column":4},"end":{"line":18,"column":35}},"10":{"start":{"line":20,"column":4},"end":{"line":24,"column":5}},"11":{"start":{"line":21,"column":6},"end":{"line":21,"column":31}},"12":{"start":{"line":23,"column":6},"end":{"line":23,"column":58}},"13":{"start":{"line":27,"column":2},"end":{"line":39,"column":4}},"14":{"start":{"line":33,"column":48},"end":{"line":33,"column":64}}},"fnMap":{"0":{"name":"(anonymous_0)","decl":{"start":{"line":5,"column":21},"end":{"line":5,"column":22}},"loc":{"start":{"line":5,"column":27},"end":{"line":40,"column":1}},"line":5},"1":{"name":"(anonymous_1)","decl":{"start":{"line":9,"column":22},"end":{"line":9,"column":23}},"loc":{"start":{"line":9,"column":33},"end":{"line":13,"column":3}},"line":9},"2":{"name":"(anonymous_2)","decl":{"start":{"line":10,"column":62},"end":{"line":10,"column":63}},"loc":{"start":{"line":11,"column":6},"end":{"line":11,"column":33}},"line":11},"3":{"name":"(anonymous_3)","decl":{"start":{"line":15,"column":23},"end":{"line":15,"column":24}},"loc":{"start":{"line":15,"column":30},"end":{"line":25,"column":3}},"line":15},"4":{"name":"(anonymous_4)","decl":{"start":{"line":33,"column":39},"end":{"line":33,"column":40}},"loc":{"start":{"line":33,"column":46},"end":{"line":33,"column":66}},"line":33}},"branchMap":{"0":{"loc":{"start":{"line":20,"column":4},"end":{"line":24,"column":5}},"type":"if","locations":[{"start":{"line":20,"column":4},"end":{"line":24,"column":5}},{"start":{"line":20,"column":4},"end":{"line":24,"column":5}}],"line":20}},"s":{"0":2,"1":0,"2":0,"3":0,"4":0,"5":0,"6":0,"7":0,"8":0,"9":0,"10":0,"11":0,"12":0,"13":0,"14":0},"f":{"0":0,"1":0,"2":0,"3":0,"4":0},"b":{"0":[0,0]},"_coverageSchema":"1a1c01bbd47fc00a2c39e90264f33305004495a9","hash":"1fefc81e0412ce13798da46fc9b83f477f6d1146"}
,"/Users/julianbowman/Desktop/JavaScript/catwalk/catwalk/client/src/widgets/reviews/ReviewsList.jsx": {"path":"/Users/julianbowman/Desktop/JavaScript/catwalk/catwalk/client/src/widgets/reviews/ReviewsList.jsx","statementMap":{"0":{"start":{"line":15,"column":20},"end":{"line":104,"column":1}},"1":{"start":{"line":16,"column":22},"end":{"line":16,"column":47}},"2":{"start":{"line":17,"column":20},"end":{"line":17,"column":50}},"3":{"start":{"line":18,"column":27},"end":{"line":18,"column":38}},"4":{"start":{"line":19,"column":40},"end":{"line":19,"column":51}},"5":{"start":{"line":20,"column":30},"end":{"line":20,"column":50}},"6":{"start":{"line":22,"column":28},"end":{"line":24,"column":3}},"7":{"start":{"line":23,"column":4},"end":{"line":23,"column":26}},"8":{"start":{"line":26,"column":27},"end":{"line":26,"column":61}},"9":{"start":{"line":28,"column":23},"end":{"line":30,"column":3}},"10":{"start":{"line":29,"column":4},"end":{"line":29,"column":25}},"11":{"start":{"line":32,"column":2},"end":{"line":40,"column":15}},"12":{"start":{"line":33,"column":4},"end":{"line":39,"column":8}},"13":{"start":{"line":35,"column":8},"end":{"line":35,"column":56}},"14":{"start":{"line":38,"column":8},"end":{"line":38,"column":55}},"15":{"start":{"line":42,"column":22},"end":{"line":42,"column":162}},"16":{"start":{"line":42,"column":102},"end":{"line":42,"column":137}},"17":{"start":{"line":44,"column":2},"end":{"line":103,"column":4}},"18":{"start":{"line":63,"column":68},"end":{"line":63,"column":91}},"19":{"start":{"line":64,"column":68},"end":{"line":64,"column":93}},"20":{"start":{"line":65,"column":68},"end":{"line":65,"column":92}},"21":{"start":{"line":77,"column":10},"end":{"line":81,"column":15}}},"fnMap":{"0":{"name":"(anonymous_0)","decl":{"start":{"line":15,"column":20},"end":{"line":15,"column":21}},"loc":{"start":{"line":15,"column":26},"end":{"line":104,"column":1}},"line":15},"1":{"name":"(anonymous_1)","decl":{"start":{"line":22,"column":28},"end":{"line":22,"column":29}},"loc":{"start":{"line":22,"column":39},"end":{"line":24,"column":3}},"line":22},"2":{"name":"(anonymous_2)","decl":{"start":{"line":28,"column":23},"end":{"line":28,"column":24}},"loc":{"start":{"line":28,"column":38},"end":{"line":30,"column":3}},"line":28},"3":{"name":"(anonymous_3)","decl":{"start":{"line":32,"column":12},"end":{"line":32,"column":13}},"loc":{"start":{"line":33,"column":4},"end":{"line":39,"column":8}},"line":33},"4":{"name":"(anonymous_4)","decl":{"start":{"line":34,"column":12},"end":{"line":34,"column":13}},"loc":{"start":{"line":34,"column":28},"end":{"line":36,"column":7}},"line":34},"5":{"name":"(anonymous_5)","decl":{"start":{"line":37,"column":13},"end":{"line":37,"column":14}},"loc":{"start":{"line":37,"column":22},"end":{"line":39,"column":7}},"line":37},"6":{"name":"(anonymous_6)","decl":{"start":{"line":42,"column":94},"end":{"line":42,"column":95}},"loc":{"start":{"line":42,"column":100},"end":{"line":42,"column":139}},"line":42},"7":{"name":"(anonymous_7)","decl":{"start":{"line":63,"column":60},"end":{"line":63,"column":61}},"loc":{"start":{"line":63,"column":66},"end":{"line":63,"column":93}},"line":63},"8":{"name":"(anonymous_8)","decl":{"start":{"line":64,"column":60},"end":{"line":64,"column":61}},"loc":{"start":{"line":64,"column":66},"end":{"line":64,"column":95}},"line":64},"9":{"name":"(anonymous_9)","decl":{"start":{"line":65,"column":60},"end":{"line":65,"column":61}},"loc":{"start":{"line":65,"column":66},"end":{"line":65,"column":94}},"line":65},"10":{"name":"(anonymous_10)","decl":{"start":{"line":76,"column":30},"end":{"line":76,"column":31}},"loc":{"start":{"line":77,"column":10},"end":{"line":81,"column":15}},"line":77}},"branchMap":{"0":{"loc":{"start":{"line":42,"column":22},"end":{"line":42,"column":162}},"type":"cond-expr","locations":[{"start":{"line":42,"column":58},"end":{"line":42,"column":60}},{"start":{"line":42,"column":63},"end":{"line":42,"column":162}}],"line":42}},"s":{"0":2,"1":0,"2":0,"3":0,"4":0,"5":0,"6":0,"7":0,"8":0,"9":0,"10":0,"11":0,"12":0,"13":0,"14":0,"15":0,"16":0,"17":0,"18":0,"19":0,"20":0,"21":0},"f":{"0":0,"1":0,"2":0,"3":0,"4":0,"5":0,"6":0,"7":0,"8":0,"9":0,"10":0},"b":{"0":[0,0]},"_coverageSchema":"1a1c01bbd47fc00a2c39e90264f33305004495a9","hash":"da4dd41b2ec44b9ee8610f683d36f07d948c95c4"}
,"/Users/julianbowman/Desktop/JavaScript/catwalk/catwalk/client/src/widgets/reviews/ReviewsRatings.jsx": {"path":"/Users/julianbowman/Desktop/JavaScript/catwalk/catwalk/client/src/widgets/reviews/ReviewsRatings.jsx","statementMap":{"0":{"start":{"line":16,"column":23},"end":{"line":72,"column":1}},"1":{"start":{"line":17,"column":26},"end":{"line":17,"column":52}},"2":{"start":{"line":19,"column":36},"end":{"line":19,"column":71}},"3":{"start":{"line":20,"column":38},"end":{"line":20,"column":48}},"4":{"start":{"line":21,"column":42},"end":{"line":21,"column":52}},"5":{"start":{"line":22,"column":36},"end":{"line":22,"column":46}},"6":{"start":{"line":23,"column":42},"end":{"line":23,"column":52}},"7":{"start":{"line":24,"column":32},"end":{"line":24,"column":42}},"8":{"start":{"line":26,"column":2},"end":{"line":35,"column":18}},"9":{"start":{"line":27,"column":4},"end":{"line":34,"column":9}},"10":{"start":{"line":29,"column":8},"end":{"line":29,"column":34}},"11":{"start":{"line":30,"column":8},"end":{"line":30,"column":44}},"12":{"start":{"line":33,"column":8},"end":{"line":33,"column":55}},"13":{"start":{"line":37,"column":2},"end":{"line":70,"column":3}},"14":{"start":{"line":38,"column":4},"end":{"line":69,"column":6}},"15":{"start":{"line":71,"column":2},"end":{"line":71,"column":44}}},"fnMap":{"0":{"name":"(anonymous_0)","decl":{"start":{"line":16,"column":23},"end":{"line":16,"column":24}},"loc":{"start":{"line":16,"column":29},"end":{"line":72,"column":1}},"line":16},"1":{"name":"(anonymous_1)","decl":{"start":{"line":26,"column":12},"end":{"line":26,"column":13}},"loc":{"start":{"line":26,"column":18},"end":{"line":35,"column":3}},"line":26},"2":{"name":"(anonymous_2)","decl":{"start":{"line":28,"column":12},"end":{"line":28,"column":13}},"loc":{"start":{"line":28,"column":28},"end":{"line":31,"column":7}},"line":28},"3":{"name":"(anonymous_3)","decl":{"start":{"line":32,"column":13},"end":{"line":32,"column":14}},"loc":{"start":{"line":32,"column":22},"end":{"line":34,"column":7}},"line":32}},"branchMap":{"0":{"loc":{"start":{"line":37,"column":2},"end":{"line":70,"column":3}},"type":"if","locations":[{"start":{"line":37,"column":2},"end":{"line":70,"column":3}},{"start":{"line":37,"column":2},"end":{"line":70,"column":3}}],"line":37}},"s":{"0":2,"1":3,"2":2,"3":0,"4":0,"5":0,"6":0,"7":0,"8":0,"9":0,"10":0,"11":0,"12":0,"13":0,"14":0,"15":0},"f":{"0":3,"1":0,"2":0,"3":0},"b":{"0":[0,0]},"_coverageSchema":"1a1c01bbd47fc00a2c39e90264f33305004495a9","hash":"c9ee11b573610a7310aa68fecdecfe90e7ba8b71"}
,"/Users/julianbowman/Desktop/JavaScript/catwalk/catwalk/tests/questionsData.js": {"path":"/Users/julianbowman/Desktop/JavaScript/catwalk/catwalk/tests/questionsData.js","statementMap":{"0":{"start":{"line":1,"column":22},"end":{"line":186,"column":1}}},"fnMap":{},"branchMap":{},"s":{"0":1},"f":{},"b":{},"_coverageSchema":"1a1c01bbd47fc00a2c39e90264f33305004495a9","hash":"484748a602e68500b0a1a9e8d583ec4bd17cd0fc"}
,"/Users/julianbowman/Desktop/JavaScript/catwalk/catwalk/tests/testconfig.js": {"path":"/Users/julianbowman/Desktop/JavaScript/catwalk/catwalk/tests/testconfig.js","statementMap":{"0":{"start":{"line":2,"column":15},"end":{"line":2,"column":32}},"1":{"start":{"line":3,"column":16},"end":{"line":3,"column":61}},"2":{"start":{"line":5,"column":0},"end":{"line":5,"column":45}}},"fnMap":{},"branchMap":{},"s":{"0":4,"1":4,"2":4},"f":{},"b":{},"_coverageSchema":"1a1c01bbd47fc00a2c39e90264f33305004495a9","hash":"7d2ddd4370dd9217d28cb697b274398a5784ccc6"}
}
