{"/Users/FireBreather/CO1611/catwalk/API/config.js": {"path":"/Users/FireBreather/CO1611/catwalk/API/config.js","statementMap":{"0":{"start":{"line":1,"column":0},"end":{"line":3,"column":2}}},"fnMap":{},"branchMap":{},"s":{"0":11},"f":{},"b":{},"_coverageSchema":"1a1c01bbd47fc00a2c39e90264f33305004495a9","hash":"fe8e0b0552c529cf2447593b180f05384d5cf8ae"}
,"/Users/FireBreather/CO1611/catwalk/API/helper.js": {"path":"/Users/FireBreather/CO1611/catwalk/API/helper.js","statementMap":{"0":{"start":{"line":6,"column":14},"end":{"line":6,"column":30}},"1":{"start":{"line":7,"column":15},"end":{"line":7,"column":37}},"2":{"start":{"line":9,"column":22},"end":{"line":21,"column":2}},"3":{"start":{"line":9,"column":36},"end":{"line":21,"column":2}},"4":{"start":{"line":10,"column":2},"end":{"line":20,"column":7}},"5":{"start":{"line":16,"column":6},"end":{"line":16,"column":24}},"6":{"start":{"line":19,"column":6},"end":{"line":19,"column":20}},"7":{"start":{"line":23,"column":0},"end":{"line":23,"column":45}}},"fnMap":{"0":{"name":"(anonymous_0)","decl":{"start":{"line":9,"column":22},"end":{"line":9,"column":23}},"loc":{"start":{"line":9,"column":36},"end":{"line":21,"column":2}},"line":9},"1":{"name":"(anonymous_1)","decl":{"start":{"line":9,"column":48},"end":{"line":9,"column":49}},"loc":{"start":{"line":9,"column":69},"end":{"line":21,"column":1}},"line":9},"2":{"name":"(anonymous_2)","decl":{"start":{"line":15,"column":10},"end":{"line":15,"column":11}},"loc":{"start":{"line":15,"column":19},"end":{"line":17,"column":5}},"line":15},"3":{"name":"(anonymous_3)","decl":{"start":{"line":18,"column":11},"end":{"line":18,"column":12}},"loc":{"start":{"line":18,"column":22},"end":{"line":20,"column":5}},"line":18}},"branchMap":{},"s":{"0":9,"1":9,"2":9,"3":3,"4":3,"5":0,"6":0,"7":9},"f":{"0":3,"1":3,"2":0,"3":0},"b":{},"_coverageSchema":"1a1c01bbd47fc00a2c39e90264f33305004495a9","hash":"75ff435c234234aa35015cff973892b0e9849c8d"}
,"/Users/FireBreather/CO1611/catwalk/client/src/App.jsx": {"path":"/Users/FireBreather/CO1611/catwalk/client/src/App.jsx","statementMap":{"0":{"start":{"line":22,"column":12},"end":{"line":80,"column":1}},"1":{"start":{"line":23,"column":39},"end":{"line":23,"column":56}},"2":{"start":{"line":24,"column":35},"end":{"line":24,"column":45}},"3":{"start":{"line":25,"column":33},"end":{"line":25,"column":43}},"4":{"start":{"line":26,"column":40},"end":{"line":26,"column":50}},"5":{"start":{"line":27,"column":42},"end":{"line":27,"column":53}},"6":{"start":{"line":29,"column":2},"end":{"line":46,"column":18}},"7":{"start":{"line":30,"column":4},"end":{"line":45,"column":9}},"8":{"start":{"line":32,"column":8},"end":{"line":32,"column":35}},"9":{"start":{"line":33,"column":8},"end":{"line":33,"column":33}},"10":{"start":{"line":34,"column":8},"end":{"line":41,"column":13}},"11":{"start":{"line":36,"column":12},"end":{"line":36,"column":45}},"12":{"start":{"line":37,"column":12},"end":{"line":40,"column":17}},"13":{"start":{"line":39,"column":16},"end":{"line":39,"column":43}},"14":{"start":{"line":44,"column":8},"end":{"line":44,"column":50}},"15":{"start":{"line":48,"column":26},"end":{"line":51,"column":3}},"16":{"start":{"line":49,"column":4},"end":{"line":49,"column":41}},"17":{"start":{"line":50,"column":4},"end":{"line":50,"column":55}},"18":{"start":{"line":53,"column":2},"end":{"line":79,"column":4}}},"fnMap":{"0":{"name":"(anonymous_0)","decl":{"start":{"line":22,"column":12},"end":{"line":22,"column":13}},"loc":{"start":{"line":22,"column":23},"end":{"line":80,"column":1}},"line":22},"1":{"name":"(anonymous_1)","decl":{"start":{"line":29,"column":12},"end":{"line":29,"column":13}},"loc":{"start":{"line":29,"column":18},"end":{"line":46,"column":3}},"line":29},"2":{"name":"(anonymous_2)","decl":{"start":{"line":31,"column":12},"end":{"line":31,"column":13}},"loc":{"start":{"line":31,"column":29},"end":{"line":42,"column":7}},"line":31},"3":{"name":"(anonymous_3)","decl":{"start":{"line":35,"column":16},"end":{"line":35,"column":17}},"loc":{"start":{"line":35,"column":32},"end":{"line":41,"column":11}},"line":35},"4":{"name":"(anonymous_4)","decl":{"start":{"line":38,"column":20},"end":{"line":38,"column":21}},"loc":{"start":{"line":38,"column":36},"end":{"line":40,"column":15}},"line":38},"5":{"name":"(anonymous_5)","decl":{"start":{"line":43,"column":13},"end":{"line":43,"column":14}},"loc":{"start":{"line":43,"column":24},"end":{"line":45,"column":7}},"line":43},"6":{"name":"(anonymous_6)","decl":{"start":{"line":48,"column":26},"end":{"line":48,"column":27}},"loc":{"start":{"line":48,"column":44},"end":{"line":51,"column":3}},"line":48}},"branchMap":{},"s":{"0":5,"1":1,"2":1,"3":1,"4":1,"5":1,"6":1,"7":0,"8":0,"9":0,"10":0,"11":0,"12":0,"13":0,"14":0,"15":1,"16":0,"17":0,"18":1},"f":{"0":1,"1":0,"2":0,"3":0,"4":0,"5":0,"6":0},"b":{},"_coverageSchema":"1a1c01bbd47fc00a2c39e90264f33305004495a9","hash":"6c23deed35b6a90576bd8b6c80dc742ef42350e6"}
,"/Users/FireBreather/CO1611/catwalk/client/src/Stars.jsx": {"path":"/Users/FireBreather/CO1611/catwalk/client/src/Stars.jsx","statementMap":{"0":{"start":{"line":12,"column":14},"end":{"line":67,"column":1}},"1":{"start":{"line":13,"column":18},"end":{"line":13,"column":44}},"2":{"start":{"line":15,"column":2},"end":{"line":61,"column":3}},"3":{"start":{"line":16,"column":31},"end":{"line":16,"column":73}},"4":{"start":{"line":17,"column":25},"end":{"line":19,"column":6}},"5":{"start":{"line":18,"column":6},"end":{"line":18,"column":20}},"6":{"start":{"line":20,"column":25},"end":{"line":20,"column":50}},"7":{"start":{"line":22,"column":22},"end":{"line":23,"column":44}},"8":{"start":{"line":24,"column":22},"end":{"line":25,"column":44}},"9":{"start":{"line":26,"column":23},"end":{"line":27,"column":44}},"10":{"start":{"line":28,"column":21},"end":{"line":29,"column":44}},"11":{"start":{"line":30,"column":20},"end":{"line":31,"column":44}},"12":{"start":{"line":33,"column":25},"end":{"line":34,"column":61}},"13":{"start":{"line":36,"column":20},"end":{"line":40,"column":41}},"14":{"start":{"line":42,"column":25},"end":{"line":42,"column":54}},"15":{"start":{"line":44,"column":4},"end":{"line":60,"column":6}},"16":{"start":{"line":62,"column":2},"end":{"line":66,"column":4}}},"fnMap":{"0":{"name":"(anonymous_0)","decl":{"start":{"line":12,"column":14},"end":{"line":12,"column":15}},"loc":{"start":{"line":12,"column":25},"end":{"line":67,"column":1}},"line":12},"1":{"name":"(anonymous_1)","decl":{"start":{"line":17,"column":47},"end":{"line":17,"column":48}},"loc":{"start":{"line":18,"column":6},"end":{"line":18,"column":20}},"line":18}},"branchMap":{"0":{"loc":{"start":{"line":15,"column":2},"end":{"line":61,"column":3}},"type":"if","locations":[{"start":{"line":15,"column":2},"end":{"line":61,"column":3}},{"start":{"line":15,"column":2},"end":{"line":61,"column":3}}],"line":15},"1":{"loc":{"start":{"line":15,"column":6},"end":{"line":15,"column":80}},"type":"binary-expr","locations":[{"start":{"line":15,"column":6},"end":{"line":15,"column":25}},{"start":{"line":15,"column":29},"end":{"line":15,"column":80}}],"line":15},"2":{"loc":{"start":{"line":22,"column":22},"end":{"line":23,"column":44}},"type":"cond-expr","locations":[{"start":{"line":23,"column":9},"end":{"line":23,"column":39}},{"start":{"line":23,"column":43},"end":{"line":23,"column":44}}],"line":22},"3":{"loc":{"start":{"line":24,"column":22},"end":{"line":25,"column":44}},"type":"cond-expr","locations":[{"start":{"line":25,"column":9},"end":{"line":25,"column":39}},{"start":{"line":25,"column":43},"end":{"line":25,"column":44}}],"line":24},"4":{"loc":{"start":{"line":26,"column":23},"end":{"line":27,"column":44}},"type":"cond-expr","locations":[{"start":{"line":27,"column":9},"end":{"line":27,"column":39}},{"start":{"line":27,"column":43},"end":{"line":27,"column":44}}],"line":26},"5":{"loc":{"start":{"line":28,"column":21},"end":{"line":29,"column":44}},"type":"cond-expr","locations":[{"start":{"line":29,"column":9},"end":{"line":29,"column":39}},{"start":{"line":29,"column":43},"end":{"line":29,"column":44}}],"line":28},"6":{"loc":{"start":{"line":30,"column":20},"end":{"line":31,"column":44}},"type":"cond-expr","locations":[{"start":{"line":31,"column":9},"end":{"line":31,"column":39}},{"start":{"line":31,"column":43},"end":{"line":31,"column":44}}],"line":30}},"s":{"0":7,"1":5,"2":5,"3":0,"4":0,"5":0,"6":0,"7":0,"8":0,"9":0,"10":0,"11":0,"12":0,"13":0,"14":0,"15":0,"16":5},"f":{"0":5,"1":0},"b":{"0":[0,5],"1":[5,0],"2":[0,0],"3":[0,0],"4":[0,0],"5":[0,0],"6":[0,0]},"_coverageSchema":"1a1c01bbd47fc00a2c39e90264f33305004495a9","hash":"a137f3599527b8790437bf824449a72fc3277241"}
,"/Users/FireBreather/CO1611/catwalk/client/src/contexts/ProductContext.js": {"path":"/Users/FireBreather/CO1611/catwalk/client/src/contexts/ProductContext.js","statementMap":{"0":{"start":{"line":10,"column":30},"end":{"line":13,"column":2}}},"fnMap":{},"branchMap":{},"s":{"0":11},"f":{},"b":{},"_coverageSchema":"1a1c01bbd47fc00a2c39e90264f33305004495a9","hash":"1891887cb7e763519857c62b89945f6bcede0549"}
,"/Users/FireBreather/CO1611/catwalk/client/src/contexts/QaContext.js": {"path":"/Users/FireBreather/CO1611/catwalk/client/src/contexts/QaContext.js","statementMap":{"0":{"start":{"line":3,"column":18},"end":{"line":10,"column":2}}},"fnMap":{"0":{"name":"(anonymous_0)","decl":{"start":{"line":5,"column":19},"end":{"line":5,"column":20}},"loc":{"start":{"line":5,"column":25},"end":{"line":5,"column":27}},"line":5},"1":{"name":"(anonymous_1)","decl":{"start":{"line":7,"column":15},"end":{"line":7,"column":16}},"loc":{"start":{"line":7,"column":21},"end":{"line":7,"column":23}},"line":7},"2":{"name":"(anonymous_2)","decl":{"start":{"line":9,"column":14},"end":{"line":9,"column":15}},"loc":{"start":{"line":9,"column":20},"end":{"line":9,"column":22}},"line":9}},"branchMap":{},"s":{"0":6},"f":{"0":0,"1":0,"2":0},"b":{},"_coverageSchema":"1a1c01bbd47fc00a2c39e90264f33305004495a9","hash":"bc174cbb135bb735fae8eeb0daba15ead67d62f9"}
,"/Users/FireBreather/CO1611/catwalk/client/src/contexts/ReviewContext.js": {"path":"/Users/FireBreather/CO1611/catwalk/client/src/contexts/ReviewContext.js","statementMap":{"0":{"start":{"line":3,"column":22},"end":{"line":3,"column":43}}},"fnMap":{},"branchMap":{},"s":{"0":6},"f":{},"b":{},"_coverageSchema":"1a1c01bbd47fc00a2c39e90264f33305004495a9","hash":"422b6b7f20355c4a131485f9fd4c078dcaeeada7"}
,"/Users/FireBreather/CO1611/catwalk/client/src/contexts/StyleContext.js": {"path":"/Users/FireBreather/CO1611/catwalk/client/src/contexts/StyleContext.js","statementMap":{"0":{"start":{"line":5,"column":28},"end":{"line":12,"column":2}}},"fnMap":{"0":{"name":"(anonymous_0)","decl":{"start":{"line":8,"column":12},"end":{"line":8,"column":13}},"loc":{"start":{"line":8,"column":18},"end":{"line":8,"column":20}},"line":8},"1":{"name":"(anonymous_1)","decl":{"start":{"line":9,"column":12},"end":{"line":9,"column":13}},"loc":{"start":{"line":9,"column":18},"end":{"line":9,"column":20}},"line":9},"2":{"name":"(anonymous_2)","decl":{"start":{"line":11,"column":18},"end":{"line":11,"column":19}},"loc":{"start":{"line":11,"column":24},"end":{"line":11,"column":26}},"line":11}},"branchMap":{},"s":{"0":9},"f":{"0":0,"1":0,"2":0},"b":{},"_coverageSchema":"1a1c01bbd47fc00a2c39e90264f33305004495a9","hash":"1ba7685fbe2710b29ec187bc457f3f2301d3b034"}
,"/Users/FireBreather/CO1611/catwalk/client/src/utils/index.js": {"path":"/Users/FireBreather/CO1611/catwalk/client/src/utils/index.js","statementMap":{"0":{"start":{"line":1,"column":18},"end":{"line":25,"column":1}},"1":{"start":{"line":2,"column":20},"end":{"line":3,"column":34}},"2":{"start":{"line":4,"column":20},"end":{"line":5,"column":34}},"3":{"start":{"line":6,"column":21},"end":{"line":7,"column":34}},"4":{"start":{"line":8,"column":19},"end":{"line":9,"column":34}},"5":{"start":{"line":10,"column":18},"end":{"line":11,"column":34}},"6":{"start":{"line":13,"column":23},"end":{"line":14,"column":61}},"7":{"start":{"line":16,"column":18},"end":{"line":20,"column":39}},"8":{"start":{"line":22,"column":23},"end":{"line":22,"column":52}},"9":{"start":{"line":24,"column":2},"end":{"line":24,"column":22}}},"fnMap":{"0":{"name":"(anonymous_0)","decl":{"start":{"line":1,"column":18},"end":{"line":1,"column":19}},"loc":{"start":{"line":1,"column":35},"end":{"line":25,"column":1}},"line":1}},"branchMap":{"0":{"loc":{"start":{"line":2,"column":20},"end":{"line":3,"column":34}},"type":"cond-expr","locations":[{"start":{"line":3,"column":7},"end":{"line":3,"column":29}},{"start":{"line":3,"column":33},"end":{"line":3,"column":34}}],"line":2},"1":{"loc":{"start":{"line":4,"column":20},"end":{"line":5,"column":34}},"type":"cond-expr","locations":[{"start":{"line":5,"column":7},"end":{"line":5,"column":29}},{"start":{"line":5,"column":33},"end":{"line":5,"column":34}}],"line":4},"2":{"loc":{"start":{"line":6,"column":21},"end":{"line":7,"column":34}},"type":"cond-expr","locations":[{"start":{"line":7,"column":7},"end":{"line":7,"column":29}},{"start":{"line":7,"column":33},"end":{"line":7,"column":34}}],"line":6},"3":{"loc":{"start":{"line":8,"column":19},"end":{"line":9,"column":34}},"type":"cond-expr","locations":[{"start":{"line":9,"column":7},"end":{"line":9,"column":29}},{"start":{"line":9,"column":33},"end":{"line":9,"column":34}}],"line":8},"4":{"loc":{"start":{"line":10,"column":18},"end":{"line":11,"column":34}},"type":"cond-expr","locations":[{"start":{"line":11,"column":7},"end":{"line":11,"column":29}},{"start":{"line":11,"column":33},"end":{"line":11,"column":34}}],"line":10}},"s":{"0":6,"1":8,"2":8,"3":8,"4":8,"5":8,"6":8,"7":8,"8":8,"9":8},"f":{"0":8},"b":{"0":[8,0],"1":[6,2],"2":[6,2],"3":[6,2],"4":[6,2]},"_coverageSchema":"1a1c01bbd47fc00a2c39e90264f33305004495a9","hash":"f6bbd308361d0d9cc59341b5bc903ced084279cb"}
,"/Users/FireBreather/CO1611/catwalk/client/src/widgets/overview/AddToCart.jsx": {"path":"/Users/FireBreather/CO1611/catwalk/client/src/widgets/overview/AddToCart.jsx","statementMap":{"0":{"start":{"line":23,"column":24},"end":{"line":23,"column":50}},"1":{"start":{"line":24,"column":27},"end":{"line":24,"column":51}},"2":{"start":{"line":25,"column":34},"end":{"line":25,"column":76}},"3":{"start":{"line":26,"column":36},"end":{"line":26,"column":76}},"4":{"start":{"line":27,"column":42},"end":{"line":27,"column":57}},"5":{"start":{"line":28,"column":32},"end":{"line":28,"column":44}},"6":{"start":{"line":29,"column":36},"end":{"line":29,"column":47}},"7":{"start":{"line":30,"column":32},"end":{"line":30,"column":65}},"8":{"start":{"line":31,"column":42},"end":{"line":31,"column":53}},"9":{"start":{"line":32,"column":30},"end":{"line":32,"column":41}},"10":{"start":{"line":34,"column":19},"end":{"line":46,"column":3}},"11":{"start":{"line":35,"column":22},"end":{"line":35,"column":24}},"12":{"start":{"line":36,"column":4},"end":{"line":44,"column":5}},"13":{"start":{"line":37,"column":6},"end":{"line":39,"column":7}},"14":{"start":{"line":37,"column":19},"end":{"line":37,"column":20}},"15":{"start":{"line":38,"column":8},"end":{"line":38,"column":26}},"16":{"start":{"line":41,"column":6},"end":{"line":43,"column":7}},"17":{"start":{"line":41,"column":19},"end":{"line":41,"column":20}},"18":{"start":{"line":42,"column":8},"end":{"line":42,"column":26}},"19":{"start":{"line":45,"column":4},"end":{"line":45,"column":21}},"20":{"start":{"line":48,"column":36},"end":{"line":50,"column":24}},"21":{"start":{"line":49,"column":4},"end":{"line":49,"column":26}},"22":{"start":{"line":52,"column":26},"end":{"line":57,"column":3}},"23":{"start":{"line":53,"column":4},"end":{"line":53,"column":29}},"24":{"start":{"line":54,"column":4},"end":{"line":54,"column":23}},"25":{"start":{"line":55,"column":4},"end":{"line":55,"column":22}},"26":{"start":{"line":56,"column":4},"end":{"line":56,"column":20}},"27":{"start":{"line":59,"column":30},"end":{"line":61,"column":3}},"28":{"start":{"line":60,"column":4},"end":{"line":60,"column":25}},"29":{"start":{"line":63,"column":35},"end":{"line":66,"column":3}},"30":{"start":{"line":64,"column":4},"end":{"line":64,"column":23}},"31":{"start":{"line":65,"column":4},"end":{"line":65,"column":38}},"32":{"start":{"line":68,"column":25},"end":{"line":86,"column":3}},"33":{"start":{"line":69,"column":4},"end":{"line":85,"column":9}},"34":{"start":{"line":80,"column":8},"end":{"line":80,"column":31}},"35":{"start":{"line":81,"column":8},"end":{"line":81,"column":59}},"36":{"start":{"line":84,"column":8},"end":{"line":84,"column":50}},"37":{"start":{"line":88,"column":4},"end":{"line":163,"column":6}},"38":{"start":{"line":110,"column":16},"end":{"line":124,"column":25}},"39":{"start":{"line":116,"column":30},"end":{"line":116,"column":92}},"40":{"start":{"line":118,"column":22},"end":{"line":118,"column":84}},"41":{"start":{"line":119,"column":22},"end":{"line":119,"column":56}},"42":{"start":{"line":142,"column":18},"end":{"line":142,"column":148}},"43":{"start":{"line":142,"column":83},"end":{"line":142,"column":114}},"44":{"start":{"line":144,"column":18},"end":{"line":144,"column":91}},"45":{"start":{"line":155,"column":24},"end":{"line":155,"column":47}},"46":{"start":{"line":156,"column":25},"end":{"line":156,"column":53}}},"fnMap":{"0":{"name":"AddToCart","decl":{"start":{"line":22,"column":9},"end":{"line":22,"column":18}},"loc":{"start":{"line":22,"column":21},"end":{"line":165,"column":1}},"line":22},"1":{"name":"(anonymous_1)","decl":{"start":{"line":34,"column":19},"end":{"line":34,"column":20}},"loc":{"start":{"line":34,"column":28},"end":{"line":46,"column":3}},"line":34},"2":{"name":"(anonymous_2)","decl":{"start":{"line":48,"column":69},"end":{"line":48,"column":70}},"loc":{"start":{"line":49,"column":4},"end":{"line":49,"column":26}},"line":49},"3":{"name":"(anonymous_3)","decl":{"start":{"line":52,"column":26},"end":{"line":52,"column":27}},"loc":{"start":{"line":52,"column":58},"end":{"line":57,"column":3}},"line":52},"4":{"name":"(anonymous_4)","decl":{"start":{"line":59,"column":30},"end":{"line":59,"column":31}},"loc":{"start":{"line":59,"column":39},"end":{"line":61,"column":3}},"line":59},"5":{"name":"(anonymous_5)","decl":{"start":{"line":63,"column":35},"end":{"line":63,"column":36}},"loc":{"start":{"line":63,"column":42},"end":{"line":66,"column":3}},"line":63},"6":{"name":"(anonymous_6)","decl":{"start":{"line":68,"column":25},"end":{"line":68,"column":26}},"loc":{"start":{"line":68,"column":34},"end":{"line":86,"column":3}},"line":68},"7":{"name":"(anonymous_7)","decl":{"start":{"line":79,"column":12},"end":{"line":79,"column":13}},"loc":{"start":{"line":79,"column":21},"end":{"line":82,"column":7}},"line":79},"8":{"name":"(anonymous_8)","decl":{"start":{"line":83,"column":13},"end":{"line":83,"column":14}},"loc":{"start":{"line":83,"column":24},"end":{"line":85,"column":7}},"line":83},"9":{"name":"(anonymous_9)","decl":{"start":{"line":109,"column":28},"end":{"line":109,"column":29}},"loc":{"start":{"line":110,"column":16},"end":{"line":124,"column":25}},"line":110},"10":{"name":"(anonymous_10)","decl":{"start":{"line":116,"column":22},"end":{"line":116,"column":23}},"loc":{"start":{"line":116,"column":28},"end":{"line":116,"column":94}},"line":116},"11":{"name":"(anonymous_11)","decl":{"start":{"line":117,"column":22},"end":{"line":117,"column":23}},"loc":{"start":{"line":117,"column":28},"end":{"line":120,"column":21}},"line":117},"12":{"name":"(anonymous_12)","decl":{"start":{"line":141,"column":43},"end":{"line":141,"column":44}},"loc":{"start":{"line":142,"column":18},"end":{"line":142,"column":148}},"line":142},"13":{"name":"(anonymous_13)","decl":{"start":{"line":142,"column":75},"end":{"line":142,"column":76}},"loc":{"start":{"line":142,"column":81},"end":{"line":142,"column":116}},"line":142},"14":{"name":"(anonymous_14)","decl":{"start":{"line":143,"column":34},"end":{"line":143,"column":35}},"loc":{"start":{"line":144,"column":18},"end":{"line":144,"column":91}},"line":144},"15":{"name":"(anonymous_15)","decl":{"start":{"line":155,"column":16},"end":{"line":155,"column":17}},"loc":{"start":{"line":155,"column":22},"end":{"line":155,"column":49}},"line":155},"16":{"name":"(anonymous_16)","decl":{"start":{"line":156,"column":16},"end":{"line":156,"column":17}},"loc":{"start":{"line":156,"column":23},"end":{"line":156,"column":55}},"line":156}},"branchMap":{"0":{"loc":{"start":{"line":36,"column":4},"end":{"line":44,"column":5}},"type":"if","locations":[{"start":{"line":36,"column":4},"end":{"line":44,"column":5}},{"start":{"line":36,"column":4},"end":{"line":44,"column":5}}],"line":36},"1":{"loc":{"start":{"line":48,"column":45},"end":{"line":50,"column":23}},"type":"cond-expr","locations":[{"start":{"line":48,"column":56},"end":{"line":50,"column":4}},{"start":{"line":50,"column":7},"end":{"line":50,"column":23}}],"line":48},"2":{"loc":{"start":{"line":88,"column":11},"end":{"line":163,"column":5}},"type":"cond-expr","locations":[{"start":{"line":89,"column":6},"end":{"line":89,"column":17}},{"start":{"line":91,"column":6},"end":{"line":162,"column":12}}],"line":88},"3":{"loc":{"start":{"line":106,"column":15},"end":{"line":106,"column":53}},"type":"cond-expr","locations":[{"start":{"line":106,"column":30},"end":{"line":106,"column":37}},{"start":{"line":106,"column":40},"end":{"line":106,"column":53}}],"line":106},"4":{"loc":{"start":{"line":115,"column":27},"end":{"line":120,"column":21}},"type":"cond-expr","locations":[{"start":{"line":116,"column":22},"end":{"line":116,"column":94}},{"start":{"line":117,"column":22},"end":{"line":120,"column":21}}],"line":115},"5":{"loc":{"start":{"line":130,"column":70},"end":{"line":130,"column":97}},"type":"binary-expr","locations":[{"start":{"line":130,"column":70},"end":{"line":130,"column":83}},{"start":{"line":130,"column":87},"end":{"line":130,"column":97}}],"line":130},"6":{"loc":{"start":{"line":137,"column":15},"end":{"line":137,"column":51}},"type":"cond-expr","locations":[{"start":{"line":137,"column":30},"end":{"line":137,"column":42}},{"start":{"line":137,"column":45},"end":{"line":137,"column":51}}],"line":137},"7":{"loc":{"start":{"line":140,"column":15},"end":{"line":145,"column":18}},"type":"cond-expr","locations":[{"start":{"line":141,"column":18},"end":{"line":143,"column":18}},{"start":{"line":143,"column":21},"end":{"line":145,"column":18}}],"line":140},"8":{"loc":{"start":{"line":154,"column":21},"end":{"line":156,"column":55}},"type":"cond-expr","locations":[{"start":{"line":155,"column":16},"end":{"line":155,"column":49}},{"start":{"line":156,"column":16},"end":{"line":156,"column":55}}],"line":154}},"s":{"0":5,"1":5,"2":5,"3":5,"4":5,"5":5,"6":5,"7":5,"8":5,"9":5,"10":5,"11":30,"12":30,"13":10,"14":10,"15":150,"16":20,"17":20,"18":185,"19":30,"20":5,"21":30,"22":5,"23":0,"24":0,"25":0,"26":0,"27":5,"28":0,"29":5,"30":0,"31":0,"32":5,"33":0,"34":0,"35":0,"36":0,"37":5,"38":30,"39":0,"40":0,"41":0,"42":0,"43":0,"44":30,"45":0,"46":0},"f":{"0":5,"1":30,"2":30,"3":0,"4":0,"5":0,"6":0,"7":0,"8":0,"9":30,"10":0,"11":0,"12":0,"13":0,"14":30,"15":0,"16":0},"b":{"0":[10,20],"1":[5,0],"2":[0,5],"3":[0,5],"4":[0,30],"5":[5,5],"6":[0,5],"7":[0,5],"8":[0,5]},"_coverageSchema":"1a1c01bbd47fc00a2c39e90264f33305004495a9","hash":"05b879f805d2173cdfe915ef926575049073f438"}
,"/Users/FireBreather/CO1611/catwalk/client/src/widgets/overview/ExpandedImageGallery.jsx": {"path":"/Users/FireBreather/CO1611/catwalk/client/src/widgets/overview/ExpandedImageGallery.jsx","statementMap":{"0":{"start":{"line":27,"column":6},"end":{"line":27,"column":30}},"1":{"start":{"line":29,"column":48},"end":{"line":29,"column":63}},"2":{"start":{"line":30,"column":30},"end":{"line":32,"column":3}},"3":{"start":{"line":31,"column":4},"end":{"line":31,"column":26}},"4":{"start":{"line":33,"column":30},"end":{"line":35,"column":3}},"5":{"start":{"line":34,"column":4},"end":{"line":34,"column":32}},"6":{"start":{"line":37,"column":26},"end":{"line":39,"column":3}},"7":{"start":{"line":38,"column":4},"end":{"line":38,"column":30}},"8":{"start":{"line":41,"column":2},"end":{"line":62,"column":3}},"9":{"start":{"line":42,"column":4},"end":{"line":61,"column":6}},"10":{"start":{"line":45,"column":10},"end":{"line":58,"column":16}},"11":{"start":{"line":54,"column":36},"end":{"line":54,"column":58}},"12":{"start":{"line":63,"column":2},"end":{"line":132,"column":3}},"13":{"start":{"line":64,"column":4},"end":{"line":131,"column":6}},"14":{"start":{"line":70,"column":12},"end":{"line":84,"column":18}},"15":{"start":{"line":81,"column":38},"end":{"line":81,"column":65}},"16":{"start":{"line":89,"column":176},"end":{"line":89,"column":219}},"17":{"start":{"line":93,"column":191},"end":{"line":93,"column":234}},"18":{"start":{"line":112,"column":12},"end":{"line":125,"column":17}},"19":{"start":{"line":133,"column":2},"end":{"line":133,"column":35}}},"fnMap":{"0":{"name":"ExpandedImageGallery","decl":{"start":{"line":24,"column":9},"end":{"line":24,"column":29}},"loc":{"start":{"line":24,"column":37},"end":{"line":134,"column":1}},"line":24},"1":{"name":"(anonymous_1)","decl":{"start":{"line":30,"column":30},"end":{"line":30,"column":31}},"loc":{"start":{"line":30,"column":43},"end":{"line":32,"column":3}},"line":30},"2":{"name":"(anonymous_2)","decl":{"start":{"line":33,"column":30},"end":{"line":33,"column":31}},"loc":{"start":{"line":33,"column":43},"end":{"line":35,"column":3}},"line":33},"3":{"name":"(anonymous_3)","decl":{"start":{"line":37,"column":26},"end":{"line":37,"column":27}},"loc":{"start":{"line":37,"column":35},"end":{"line":39,"column":3}},"line":37},"4":{"name":"(anonymous_4)","decl":{"start":{"line":44,"column":33},"end":{"line":44,"column":34}},"loc":{"start":{"line":45,"column":10},"end":{"line":58,"column":16}},"line":45},"5":{"name":"(anonymous_5)","decl":{"start":{"line":54,"column":28},"end":{"line":54,"column":29}},"loc":{"start":{"line":54,"column":34},"end":{"line":54,"column":60}},"line":54},"6":{"name":"(anonymous_6)","decl":{"start":{"line":69,"column":35},"end":{"line":69,"column":36}},"loc":{"start":{"line":70,"column":12},"end":{"line":84,"column":18}},"line":70},"7":{"name":"(anonymous_7)","decl":{"start":{"line":81,"column":30},"end":{"line":81,"column":31}},"loc":{"start":{"line":81,"column":36},"end":{"line":81,"column":67}},"line":81},"8":{"name":"(anonymous_8)","decl":{"start":{"line":89,"column":170},"end":{"line":89,"column":171}},"loc":{"start":{"line":89,"column":176},"end":{"line":89,"column":219}},"line":89},"9":{"name":"(anonymous_9)","decl":{"start":{"line":93,"column":185},"end":{"line":93,"column":186}},"loc":{"start":{"line":93,"column":191},"end":{"line":93,"column":234}},"line":93},"10":{"name":"(anonymous_10)","decl":{"start":{"line":111,"column":35},"end":{"line":111,"column":36}},"loc":{"start":{"line":112,"column":12},"end":{"line":125,"column":17}},"line":112}},"branchMap":{"0":{"loc":{"start":{"line":41,"column":2},"end":{"line":62,"column":3}},"type":"if","locations":[{"start":{"line":41,"column":2},"end":{"line":62,"column":3}},{"start":{"line":41,"column":2},"end":{"line":62,"column":3}}],"line":41},"1":{"loc":{"start":{"line":45,"column":43},"end":{"line":45,"column":68}},"type":"binary-expr","locations":[{"start":{"line":45,"column":44},"end":{"line":45,"column":55}},{"start":{"line":45,"column":60},"end":{"line":45,"column":68}}],"line":45},"2":{"loc":{"start":{"line":63,"column":2},"end":{"line":132,"column":3}},"type":"if","locations":[{"start":{"line":63,"column":2},"end":{"line":132,"column":3}},{"start":{"line":63,"column":2},"end":{"line":132,"column":3}}],"line":63},"3":{"loc":{"start":{"line":70,"column":28},"end":{"line":70,"column":98}},"type":"cond-expr","locations":[{"start":{"line":70,"column":58},"end":{"line":70,"column":80}},{"start":{"line":70,"column":83},"end":{"line":70,"column":98}}],"line":70},"4":{"loc":{"start":{"line":89,"column":22},"end":{"line":89,"column":104}},"type":"cond-expr","locations":[{"start":{"line":89,"column":48},"end":{"line":89,"column":78}},{"start":{"line":89,"column":81},"end":{"line":89,"column":104}}],"line":89},"5":{"loc":{"start":{"line":93,"column":22},"end":{"line":93,"column":119}},"type":"cond-expr","locations":[{"start":{"line":93,"column":63},"end":{"line":93,"column":93}},{"start":{"line":93,"column":96},"end":{"line":93,"column":119}}],"line":93},"6":{"loc":{"start":{"line":112,"column":91},"end":{"line":112,"column":142}},"type":"cond-expr","locations":[{"start":{"line":112,"column":121},"end":{"line":112,"column":129}},{"start":{"line":112,"column":132},"end":{"line":112,"column":142}}],"line":112}},"s":{"0":1,"1":1,"2":1,"3":0,"4":1,"5":0,"6":1,"7":0,"8":1,"9":0,"10":0,"11":0,"12":1,"13":0,"14":0,"15":0,"16":0,"17":0,"18":0,"19":1},"f":{"0":1,"1":0,"2":0,"3":0,"4":0,"5":0,"6":0,"7":0,"8":0,"9":0,"10":0},"b":{"0":[0,1],"1":[0,0],"2":[0,1],"3":[0,0],"4":[0,0],"5":[0,0],"6":[0,0]},"_coverageSchema":"1a1c01bbd47fc00a2c39e90264f33305004495a9","hash":"64047be56a73258335c1d7a0300c5968fc1d1dbf"}
,"/Users/FireBreather/CO1611/catwalk/client/src/widgets/overview/ImageGallery.jsx": {"path":"/Users/FireBreather/CO1611/catwalk/client/src/widgets/overview/ImageGallery.jsx","statementMap":{"0":{"start":{"line":27,"column":6},"end":{"line":27,"column":30}},"1":{"start":{"line":28,"column":31},"end":{"line":30,"column":3}},"2":{"start":{"line":29,"column":4},"end":{"line":29,"column":26}},"3":{"start":{"line":31,"column":29},"end":{"line":33,"column":3}},"4":{"start":{"line":32,"column":4},"end":{"line":32,"column":30}},"5":{"start":{"line":35,"column":2},"end":{"line":130,"column":3}},"6":{"start":{"line":36,"column":4},"end":{"line":129,"column":6}},"7":{"start":{"line":42,"column":12},"end":{"line":58,"column":18}},"8":{"start":{"line":55,"column":18},"end":{"line":55,"column":45}},"9":{"start":{"line":63,"column":176},"end":{"line":63,"column":219}},"10":{"start":{"line":67,"column":191},"end":{"line":67,"column":234}},"11":{"start":{"line":74,"column":185},"end":{"line":74,"column":228}},"12":{"start":{"line":91,"column":14},"end":{"line":119,"column":19}},"13":{"start":{"line":98,"column":33},"end":{"line":98,"column":58}},"14":{"start":{"line":131,"column":2},"end":{"line":131,"column":35}}},"fnMap":{"0":{"name":"ImageGallery","decl":{"start":{"line":24,"column":9},"end":{"line":24,"column":21}},"loc":{"start":{"line":24,"column":29},"end":{"line":132,"column":1}},"line":24},"1":{"name":"(anonymous_1)","decl":{"start":{"line":28,"column":31},"end":{"line":28,"column":32}},"loc":{"start":{"line":28,"column":49},"end":{"line":30,"column":3}},"line":28},"2":{"name":"(anonymous_2)","decl":{"start":{"line":31,"column":29},"end":{"line":31,"column":30}},"loc":{"start":{"line":31,"column":38},"end":{"line":33,"column":3}},"line":31},"3":{"name":"(anonymous_3)","decl":{"start":{"line":41,"column":35},"end":{"line":41,"column":36}},"loc":{"start":{"line":42,"column":12},"end":{"line":58,"column":18}},"line":42},"4":{"name":"(anonymous_4)","decl":{"start":{"line":54,"column":25},"end":{"line":54,"column":26}},"loc":{"start":{"line":54,"column":36},"end":{"line":56,"column":17}},"line":54},"5":{"name":"(anonymous_5)","decl":{"start":{"line":63,"column":170},"end":{"line":63,"column":171}},"loc":{"start":{"line":63,"column":176},"end":{"line":63,"column":219}},"line":63},"6":{"name":"(anonymous_6)","decl":{"start":{"line":67,"column":185},"end":{"line":67,"column":186}},"loc":{"start":{"line":67,"column":191},"end":{"line":67,"column":234}},"line":67},"7":{"name":"(anonymous_7)","decl":{"start":{"line":74,"column":179},"end":{"line":74,"column":180}},"loc":{"start":{"line":74,"column":185},"end":{"line":74,"column":228}},"line":74},"8":{"name":"(anonymous_8)","decl":{"start":{"line":90,"column":37},"end":{"line":90,"column":38}},"loc":{"start":{"line":91,"column":14},"end":{"line":119,"column":19}},"line":91},"9":{"name":"(anonymous_9)","decl":{"start":{"line":98,"column":27},"end":{"line":98,"column":28}},"loc":{"start":{"line":98,"column":33},"end":{"line":98,"column":58}},"line":98}},"branchMap":{"0":{"loc":{"start":{"line":35,"column":2},"end":{"line":130,"column":3}},"type":"if","locations":[{"start":{"line":35,"column":2},"end":{"line":130,"column":3}},{"start":{"line":35,"column":2},"end":{"line":130,"column":3}}],"line":35},"1":{"loc":{"start":{"line":42,"column":28},"end":{"line":42,"column":98}},"type":"cond-expr","locations":[{"start":{"line":42,"column":58},"end":{"line":42,"column":80}},{"start":{"line":42,"column":83},"end":{"line":42,"column":98}}],"line":42},"2":{"loc":{"start":{"line":63,"column":22},"end":{"line":63,"column":104}},"type":"cond-expr","locations":[{"start":{"line":63,"column":48},"end":{"line":63,"column":78}},{"start":{"line":63,"column":81},"end":{"line":63,"column":104}}],"line":63},"3":{"loc":{"start":{"line":67,"column":22},"end":{"line":67,"column":119}},"type":"cond-expr","locations":[{"start":{"line":67,"column":63},"end":{"line":67,"column":93}},{"start":{"line":67,"column":96},"end":{"line":67,"column":119}}],"line":67},"4":{"loc":{"start":{"line":74,"column":24},"end":{"line":74,"column":112}},"type":"cond-expr","locations":[{"start":{"line":74,"column":50},"end":{"line":74,"column":83}},{"start":{"line":74,"column":86},"end":{"line":74,"column":112}}],"line":74},"5":{"loc":{"start":{"line":91,"column":93},"end":{"line":91,"column":144}},"type":"cond-expr","locations":[{"start":{"line":91,"column":123},"end":{"line":91,"column":131}},{"start":{"line":91,"column":134},"end":{"line":91,"column":144}}],"line":91},"6":{"loc":{"start":{"line":100,"column":20},"end":{"line":116,"column":23}},"type":"cond-expr","locations":[{"start":{"line":101,"column":24},"end":{"line":108,"column":23}},{"start":{"line":110,"column":24},"end":{"line":116,"column":23}}],"line":100}},"s":{"0":1,"1":1,"2":0,"3":1,"4":0,"5":1,"6":0,"7":0,"8":0,"9":0,"10":0,"11":0,"12":0,"13":0,"14":1},"f":{"0":1,"1":0,"2":0,"3":0,"4":0,"5":0,"6":0,"7":0,"8":0,"9":0},"b":{"0":[0,1],"1":[0,0],"2":[0,0],"3":[0,0],"4":[0,0],"5":[0,0],"6":[0,0]},"_coverageSchema":"1a1c01bbd47fc00a2c39e90264f33305004495a9","hash":"b8b6be2c96fdaf197e3a9c8e8bb14bb729ad345f"}
,"/Users/FireBreather/CO1611/catwalk/client/src/widgets/overview/NoStock.jsx": {"path":"/Users/FireBreather/CO1611/catwalk/client/src/widgets/overview/NoStock.jsx","statementMap":{"0":{"start":{"line":11,"column":2},"end":{"line":50,"column":4}}},"fnMap":{"0":{"name":"NoStock","decl":{"start":{"line":10,"column":9},"end":{"line":10,"column":16}},"loc":{"start":{"line":10,"column":24},"end":{"line":51,"column":1}},"line":10}},"branchMap":{},"s":{"0":1},"f":{"0":1},"b":{},"_coverageSchema":"1a1c01bbd47fc00a2c39e90264f33305004495a9","hash":"f3ff4c0c4becd811acaef2974ebc1839076a60d3"}
,"/Users/FireBreather/CO1611/catwalk/client/src/widgets/overview/Overview.jsx": {"path":"/Users/FireBreather/CO1611/catwalk/client/src/widgets/overview/Overview.jsx","statementMap":{"0":{"start":{"line":26,"column":33},"end":{"line":26,"column":59}},"1":{"start":{"line":27,"column":33},"end":{"line":27,"column":43}},"2":{"start":{"line":28,"column":35},"end":{"line":28,"column":45}},"3":{"start":{"line":29,"column":35},"end":{"line":29,"column":45}},"4":{"start":{"line":30,"column":36},"end":{"line":30,"column":51}},"5":{"start":{"line":31,"column":52},"end":{"line":31,"column":63}},"6":{"start":{"line":32,"column":42},"end":{"line":32,"column":52}},"7":{"start":{"line":33,"column":40},"end":{"line":33,"column":51}},"8":{"start":{"line":34,"column":32},"end":{"line":34,"column":42}},"9":{"start":{"line":36,"column":2},"end":{"line":52,"column":18}},"10":{"start":{"line":37,"column":4},"end":{"line":51,"column":9}},"11":{"start":{"line":39,"column":8},"end":{"line":39,"column":56}},"12":{"start":{"line":40,"column":8},"end":{"line":40,"column":41}},"13":{"start":{"line":41,"column":8},"end":{"line":41,"column":40}},"14":{"start":{"line":42,"column":8},"end":{"line":42,"column":54}},"15":{"start":{"line":43,"column":8},"end":{"line":43,"column":61}},"16":{"start":{"line":44,"column":8},"end":{"line":47,"column":13}},"17":{"start":{"line":46,"column":12},"end":{"line":46,"column":36}},"18":{"start":{"line":50,"column":8},"end":{"line":50,"column":50}},"19":{"start":{"line":54,"column":2},"end":{"line":72,"column":3}},"20":{"start":{"line":55,"column":4},"end":{"line":71,"column":6}},"21":{"start":{"line":73,"column":2},"end":{"line":107,"column":3}},"22":{"start":{"line":74,"column":4},"end":{"line":106,"column":6}},"23":{"start":{"line":108,"column":2},"end":{"line":108,"column":43}}},"fnMap":{"0":{"name":"Overview","decl":{"start":{"line":25,"column":9},"end":{"line":25,"column":17}},"loc":{"start":{"line":25,"column":25},"end":{"line":109,"column":1}},"line":25},"1":{"name":"(anonymous_1)","decl":{"start":{"line":36,"column":12},"end":{"line":36,"column":13}},"loc":{"start":{"line":36,"column":18},"end":{"line":52,"column":3}},"line":36},"2":{"name":"(anonymous_2)","decl":{"start":{"line":38,"column":12},"end":{"line":38,"column":13}},"loc":{"start":{"line":38,"column":28},"end":{"line":48,"column":7}},"line":38},"3":{"name":"(anonymous_3)","decl":{"start":{"line":45,"column":16},"end":{"line":45,"column":17}},"loc":{"start":{"line":45,"column":33},"end":{"line":47,"column":11}},"line":45},"4":{"name":"(anonymous_4)","decl":{"start":{"line":49,"column":13},"end":{"line":49,"column":14}},"loc":{"start":{"line":49,"column":24},"end":{"line":51,"column":7}},"line":49}},"branchMap":{"0":{"loc":{"start":{"line":54,"column":2},"end":{"line":72,"column":3}},"type":"if","locations":[{"start":{"line":54,"column":2},"end":{"line":72,"column":3}},{"start":{"line":54,"column":2},"end":{"line":72,"column":3}}],"line":54},"1":{"loc":{"start":{"line":73,"column":2},"end":{"line":107,"column":3}},"type":"if","locations":[{"start":{"line":73,"column":2},"end":{"line":107,"column":3}},{"start":{"line":73,"column":2},"end":{"line":107,"column":3}}],"line":73}},"s":{"0":2,"1":2,"2":2,"3":2,"4":2,"5":2,"6":2,"7":2,"8":2,"9":2,"10":2,"11":0,"12":0,"13":0,"14":0,"15":0,"16":0,"17":0,"18":0,"19":2,"20":0,"21":2,"22":0,"23":2},"f":{"0":2,"1":2,"2":0,"3":0,"4":0},"b":{"0":[0,2],"1":[0,2]},"_coverageSchema":"1a1c01bbd47fc00a2c39e90264f33305004495a9","hash":"825100784633ec6fd73356ea52fce433cd5a83ae"}
,"/Users/FireBreather/CO1611/catwalk/client/src/widgets/overview/ProductInfoBottom.jsx": {"path":"/Users/FireBreather/CO1611/catwalk/client/src/widgets/overview/ProductInfoBottom.jsx","statementMap":{"0":{"start":{"line":13,"column":30},"end":{"line":13,"column":56}},"1":{"start":{"line":15,"column":2},"end":{"line":37,"column":3}},"2":{"start":{"line":16,"column":4},"end":{"line":36,"column":6}},"3":{"start":{"line":38,"column":2},"end":{"line":38,"column":42}}},"fnMap":{"0":{"name":"ProductInfoBottom","decl":{"start":{"line":12,"column":9},"end":{"line":12,"column":26}},"loc":{"start":{"line":12,"column":34},"end":{"line":39,"column":1}},"line":12}},"branchMap":{"0":{"loc":{"start":{"line":15,"column":2},"end":{"line":37,"column":3}},"type":"if","locations":[{"start":{"line":15,"column":2},"end":{"line":37,"column":3}},{"start":{"line":15,"column":2},"end":{"line":37,"column":3}}],"line":15}},"s":{"0":3,"1":3,"2":3,"3":0},"f":{"0":3},"b":{"0":[3,0]},"_coverageSchema":"1a1c01bbd47fc00a2c39e90264f33305004495a9","hash":"ee3090bc8103188a444d883e62cd99df3c564de6"}
,"/Users/FireBreather/CO1611/catwalk/client/src/widgets/overview/ProductInfoTop.jsx": {"path":"/Users/FireBreather/CO1611/catwalk/client/src/widgets/overview/ProductInfoTop.jsx","statementMap":{"0":{"start":{"line":11,"column":36},"end":{"line":11,"column":62}},"1":{"start":{"line":12,"column":27},"end":{"line":12,"column":51}},"2":{"start":{"line":14,"column":2},"end":{"line":47,"column":3}},"3":{"start":{"line":15,"column":4},"end":{"line":46,"column":6}},"4":{"start":{"line":48,"column":2},"end":{"line":48,"column":42}}},"fnMap":{"0":{"name":"ProductInfoTop","decl":{"start":{"line":10,"column":9},"end":{"line":10,"column":23}},"loc":{"start":{"line":10,"column":31},"end":{"line":49,"column":1}},"line":10}},"branchMap":{"0":{"loc":{"start":{"line":14,"column":2},"end":{"line":47,"column":3}},"type":"if","locations":[{"start":{"line":14,"column":2},"end":{"line":47,"column":3}},{"start":{"line":14,"column":2},"end":{"line":47,"column":3}}],"line":14},"1":{"loc":{"start":{"line":14,"column":6},"end":{"line":14,"column":29}},"type":"binary-expr","locations":[{"start":{"line":14,"column":6},"end":{"line":14,"column":18}},{"start":{"line":14,"column":22},"end":{"line":14,"column":29}}],"line":14},"2":{"loc":{"start":{"line":19,"column":24},"end":{"line":19,"column":65}},"type":"cond-expr","locations":[{"start":{"line":19,"column":45},"end":{"line":19,"column":57}},{"start":{"line":19,"column":60},"end":{"line":19,"column":65}}],"line":19},"3":{"loc":{"start":{"line":23,"column":9},"end":{"line":43,"column":11}},"type":"cond-expr","locations":[{"start":{"line":25,"column":12},"end":{"line":28,"column":16}},{"start":{"line":31,"column":12},"end":{"line":42,"column":18}}],"line":23}},"s":{"0":5,"1":5,"2":5,"3":5,"4":0},"f":{"0":5},"b":{"0":[5,0],"1":[5,5],"2":[0,5],"3":[5,0]},"_coverageSchema":"1a1c01bbd47fc00a2c39e90264f33305004495a9","hash":"180f1158d3758dfbb22abbb445ab20d403c1a942"}
,"/Users/FireBreather/CO1611/catwalk/client/src/widgets/overview/Styles.jsx": {"path":"/Users/FireBreather/CO1611/catwalk/client/src/widgets/overview/Styles.jsx","statementMap":{"0":{"start":{"line":29,"column":6},"end":{"line":29,"column":30}},"1":{"start":{"line":31,"column":22},"end":{"line":35,"column":3}},"2":{"start":{"line":32,"column":4},"end":{"line":32,"column":20}},"3":{"start":{"line":33,"column":4},"end":{"line":33,"column":18}},"4":{"start":{"line":34,"column":4},"end":{"line":34,"column":24}},"5":{"start":{"line":37,"column":2},"end":{"line":77,"column":3}},"6":{"start":{"line":38,"column":4},"end":{"line":76,"column":6}},"7":{"start":{"line":50,"column":12},"end":{"line":71,"column":14}},"8":{"start":{"line":70,"column":31},"end":{"line":70,"column":80}},"9":{"start":{"line":78,"column":2},"end":{"line":78,"column":36}}},"fnMap":{"0":{"name":"Styles","decl":{"start":{"line":21,"column":9},"end":{"line":21,"column":15}},"loc":{"start":{"line":21,"column":23},"end":{"line":79,"column":1}},"line":21},"1":{"name":"(anonymous_1)","decl":{"start":{"line":31,"column":22},"end":{"line":31,"column":23}},"loc":{"start":{"line":31,"column":43},"end":{"line":35,"column":3}},"line":31},"2":{"name":"(anonymous_2)","decl":{"start":{"line":48,"column":22},"end":{"line":48,"column":23}},"loc":{"start":{"line":50,"column":12},"end":{"line":71,"column":14}},"line":50},"3":{"name":"(anonymous_3)","decl":{"start":{"line":70,"column":23},"end":{"line":70,"column":24}},"loc":{"start":{"line":70,"column":29},"end":{"line":70,"column":82}},"line":70}},"branchMap":{"0":{"loc":{"start":{"line":37,"column":2},"end":{"line":77,"column":3}},"type":"if","locations":[{"start":{"line":37,"column":2},"end":{"line":77,"column":3}},{"start":{"line":37,"column":2},"end":{"line":77,"column":3}}],"line":37},"1":{"loc":{"start":{"line":37,"column":6},"end":{"line":37,"column":28}},"type":"binary-expr","locations":[{"start":{"line":37,"column":6},"end":{"line":37,"column":18}},{"start":{"line":37,"column":22},"end":{"line":37,"column":28}}],"line":37},"2":{"loc":{"start":{"line":54,"column":16},"end":{"line":65,"column":19}},"type":"cond-expr","locations":[{"start":{"line":55,"column":20},"end":{"line":60,"column":19}},{"start":{"line":61,"column":20},"end":{"line":65,"column":19}}],"line":54}},"s":{"0":1,"1":1,"2":0,"3":0,"4":0,"5":1,"6":1,"7":0,"8":0,"9":0},"f":{"0":1,"1":0,"2":0,"3":0},"b":{"0":[1,0],"1":[1,1],"2":[0,0]},"_coverageSchema":"1a1c01bbd47fc00a2c39e90264f33305004495a9","hash":"85477c8d5d5ef03dc03e4d3c5208934e46d0cb15"}
,"/Users/FireBreather/CO1611/catwalk/client/src/widgets/qa/AddAnswer.jsx": {"path":"/Users/FireBreather/CO1611/catwalk/client/src/widgets/qa/AddAnswer.jsx","statementMap":{"0":{"start":{"line":8,"column":15},"end":{"line":8,"column":51}},"1":{"start":{"line":10,"column":21},"end":{"line":22,"column":1}},"2":{"start":{"line":26,"column":18},"end":{"line":192,"column":1}},"3":{"start":{"line":33,"column":6},"end":{"line":33,"column":11}},"4":{"start":{"line":34,"column":35},"end":{"line":34,"column":50}},"5":{"start":{"line":35,"column":33},"end":{"line":35,"column":45}},"6":{"start":{"line":36,"column":37},"end":{"line":36,"column":49}},"7":{"start":{"line":37,"column":31},"end":{"line":37,"column":43}},"8":{"start":{"line":38,"column":33},"end":{"line":38,"column":45}},"9":{"start":{"line":39,"column":24},"end":{"line":44,"column":3}},"10":{"start":{"line":40,"column":4},"end":{"line":40,"column":21}},"11":{"start":{"line":41,"column":4},"end":{"line":41,"column":23}},"12":{"start":{"line":42,"column":4},"end":{"line":42,"column":20}},"13":{"start":{"line":43,"column":4},"end":{"line":43,"column":21}},"14":{"start":{"line":45,"column":20},"end":{"line":47,"column":3}},"15":{"start":{"line":46,"column":4},"end":{"line":46,"column":20}},"16":{"start":{"line":48,"column":19},"end":{"line":52,"column":3}},"17":{"start":{"line":49,"column":4},"end":{"line":49,"column":23}},"18":{"start":{"line":50,"column":4},"end":{"line":50,"column":20}},"19":{"start":{"line":51,"column":4},"end":{"line":51,"column":21}},"20":{"start":{"line":53,"column":19},"end":{"line":104,"column":3}},"21":{"start":{"line":54,"column":4},"end":{"line":54,"column":23}},"22":{"start":{"line":55,"column":22},"end":{"line":60,"column":5}},"23":{"start":{"line":61,"column":4},"end":{"line":61,"column":20}},"24":{"start":{"line":62,"column":4},"end":{"line":103,"column":5}},"25":{"start":{"line":63,"column":6},"end":{"line":99,"column":11}},"26":{"start":{"line":72,"column":10},"end":{"line":95,"column":15}},"27":{"start":{"line":80,"column":33},"end":{"line":80,"column":67}},"28":{"start":{"line":82,"column":14},"end":{"line":91,"column":16}},"29":{"start":{"line":84,"column":18},"end":{"line":89,"column":20}},"30":{"start":{"line":94,"column":14},"end":{"line":94,"column":64}},"31":{"start":{"line":98,"column":10},"end":{"line":98,"column":38}},"32":{"start":{"line":100,"column":6},"end":{"line":100,"column":23}},"33":{"start":{"line":102,"column":6},"end":{"line":102,"column":36}},"34":{"start":{"line":105,"column":23},"end":{"line":108,"column":3}},"35":{"start":{"line":106,"column":4},"end":{"line":106,"column":23}},"36":{"start":{"line":107,"column":4},"end":{"line":107,"column":33}},"37":{"start":{"line":110,"column":25},"end":{"line":113,"column":3}},"38":{"start":{"line":111,"column":4},"end":{"line":111,"column":23}},"39":{"start":{"line":112,"column":4},"end":{"line":112,"column":35}},"40":{"start":{"line":115,"column":22},"end":{"line":118,"column":3}},"41":{"start":{"line":116,"column":4},"end":{"line":116,"column":23}},"42":{"start":{"line":117,"column":4},"end":{"line":117,"column":32}},"43":{"start":{"line":120,"column":23},"end":{"line":127,"column":3}},"44":{"start":{"line":121,"column":4},"end":{"line":121,"column":23}},"45":{"start":{"line":122,"column":4},"end":{"line":126,"column":5}},"46":{"start":{"line":123,"column":6},"end":{"line":125,"column":8}},"47":{"start":{"line":129,"column":2},"end":{"line":191,"column":4}},"48":{"start":{"line":180,"column":16},"end":{"line":182,"column":23}}},"fnMap":{"0":{"name":"(anonymous_0)","decl":{"start":{"line":26,"column":18},"end":{"line":26,"column":19}},"loc":{"start":{"line":26,"column":29},"end":{"line":192,"column":1}},"line":26},"1":{"name":"(anonymous_1)","decl":{"start":{"line":39,"column":24},"end":{"line":39,"column":25}},"loc":{"start":{"line":39,"column":30},"end":{"line":44,"column":3}},"line":39},"2":{"name":"(anonymous_2)","decl":{"start":{"line":45,"column":20},"end":{"line":45,"column":21}},"loc":{"start":{"line":45,"column":26},"end":{"line":47,"column":3}},"line":45},"3":{"name":"(anonymous_3)","decl":{"start":{"line":48,"column":19},"end":{"line":48,"column":20}},"loc":{"start":{"line":48,"column":26},"end":{"line":52,"column":3}},"line":48},"4":{"name":"(anonymous_4)","decl":{"start":{"line":53,"column":19},"end":{"line":53,"column":20}},"loc":{"start":{"line":53,"column":26},"end":{"line":104,"column":3}},"line":53},"5":{"name":"(anonymous_5)","decl":{"start":{"line":71,"column":14},"end":{"line":71,"column":15}},"loc":{"start":{"line":71,"column":20},"end":{"line":96,"column":9}},"line":71},"6":{"name":"(anonymous_6)","decl":{"start":{"line":79,"column":18},"end":{"line":79,"column":19}},"loc":{"start":{"line":79,"column":31},"end":{"line":92,"column":13}},"line":79},"7":{"name":"(anonymous_7)","decl":{"start":{"line":83,"column":31},"end":{"line":83,"column":32}},"loc":{"start":{"line":84,"column":18},"end":{"line":89,"column":20}},"line":84},"8":{"name":"(anonymous_8)","decl":{"start":{"line":93,"column":19},"end":{"line":93,"column":20}},"loc":{"start":{"line":93,"column":28},"end":{"line":95,"column":13}},"line":93},"9":{"name":"(anonymous_9)","decl":{"start":{"line":97,"column":15},"end":{"line":97,"column":16}},"loc":{"start":{"line":97,"column":24},"end":{"line":99,"column":9}},"line":97},"10":{"name":"(anonymous_10)","decl":{"start":{"line":105,"column":23},"end":{"line":105,"column":24}},"loc":{"start":{"line":105,"column":30},"end":{"line":108,"column":3}},"line":105},"11":{"name":"(anonymous_11)","decl":{"start":{"line":110,"column":25},"end":{"line":110,"column":26}},"loc":{"start":{"line":110,"column":32},"end":{"line":113,"column":3}},"line":110},"12":{"name":"(anonymous_12)","decl":{"start":{"line":115,"column":22},"end":{"line":115,"column":23}},"loc":{"start":{"line":115,"column":29},"end":{"line":118,"column":3}},"line":115},"13":{"name":"(anonymous_13)","decl":{"start":{"line":120,"column":23},"end":{"line":120,"column":24}},"loc":{"start":{"line":120,"column":30},"end":{"line":127,"column":3}},"line":120},"14":{"name":"(anonymous_14)","decl":{"start":{"line":179,"column":26},"end":{"line":179,"column":27}},"loc":{"start":{"line":180,"column":16},"end":{"line":182,"column":23}},"line":180}},"branchMap":{"0":{"loc":{"start":{"line":62,"column":4},"end":{"line":103,"column":5}},"type":"if","locations":[{"start":{"line":62,"column":4},"end":{"line":103,"column":5}},{"start":{"line":62,"column":4},"end":{"line":103,"column":5}}],"line":62},"1":{"loc":{"start":{"line":122,"column":4},"end":{"line":126,"column":5}},"type":"if","locations":[{"start":{"line":122,"column":4},"end":{"line":126,"column":5}},{"start":{"line":122,"column":4},"end":{"line":126,"column":5}}],"line":122}},"s":{"0":6,"1":6,"2":6,"3":36,"4":36,"5":36,"6":36,"7":36,"8":36,"9":36,"10":0,"11":0,"12":0,"13":0,"14":36,"15":0,"16":36,"17":0,"18":0,"19":0,"20":36,"21":0,"22":0,"23":0,"24":0,"25":0,"26":0,"27":0,"28":0,"29":0,"30":0,"31":0,"32":0,"33":0,"34":36,"35":0,"36":0,"37":36,"38":0,"39":0,"40":36,"41":0,"42":0,"43":36,"44":0,"45":0,"46":0,"47":36,"48":0},"f":{"0":36,"1":0,"2":0,"3":0,"4":0,"5":0,"6":0,"7":0,"8":0,"9":0,"10":0,"11":0,"12":0,"13":0,"14":0},"b":{"0":[0,0],"1":[0,0]},"_coverageSchema":"1a1c01bbd47fc00a2c39e90264f33305004495a9","hash":"fe0513ce09b6e2f241c1de428a7342d34b7bdc14"}
,"/Users/FireBreather/CO1611/catwalk/client/src/widgets/qa/AddQuestion.jsx": {"path":"/Users/FireBreather/CO1611/catwalk/client/src/widgets/qa/AddQuestion.jsx","statementMap":{"0":{"start":{"line":12,"column":21},"end":{"line":24,"column":1}},"1":{"start":{"line":28,"column":20},"end":{"line":146,"column":1}},"2":{"start":{"line":32,"column":6},"end":{"line":32,"column":27}},"3":{"start":{"line":33,"column":47},"end":{"line":33,"column":52}},"4":{"start":{"line":35,"column":35},"end":{"line":35,"column":50}},"5":{"start":{"line":36,"column":37},"end":{"line":36,"column":49}},"6":{"start":{"line":37,"column":37},"end":{"line":37,"column":49}},"7":{"start":{"line":38,"column":31},"end":{"line":38,"column":43}},"8":{"start":{"line":40,"column":20},"end":{"line":42,"column":3}},"9":{"start":{"line":41,"column":4},"end":{"line":41,"column":20}},"10":{"start":{"line":43,"column":19},"end":{"line":49,"column":3}},"11":{"start":{"line":44,"column":4},"end":{"line":44,"column":23}},"12":{"start":{"line":45,"column":4},"end":{"line":45,"column":23}},"13":{"start":{"line":46,"column":4},"end":{"line":46,"column":23}},"14":{"start":{"line":47,"column":4},"end":{"line":47,"column":20}},"15":{"start":{"line":48,"column":4},"end":{"line":48,"column":21}},"16":{"start":{"line":50,"column":19},"end":{"line":86,"column":3}},"17":{"start":{"line":51,"column":4},"end":{"line":51,"column":23}},"18":{"start":{"line":52,"column":24},"end":{"line":57,"column":5}},"19":{"start":{"line":58,"column":4},"end":{"line":85,"column":5}},"20":{"start":{"line":59,"column":6},"end":{"line":81,"column":11}},"21":{"start":{"line":68,"column":10},"end":{"line":68,"column":29}},"22":{"start":{"line":69,"column":10},"end":{"line":69,"column":29}},"23":{"start":{"line":70,"column":10},"end":{"line":70,"column":26}},"24":{"start":{"line":71,"column":10},"end":{"line":77,"column":15}},"25":{"start":{"line":73,"column":14},"end":{"line":73,"column":56}},"26":{"start":{"line":76,"column":14},"end":{"line":76,"column":62}},"27":{"start":{"line":80,"column":10},"end":{"line":80,"column":38}},"28":{"start":{"line":82,"column":6},"end":{"line":82,"column":23}},"29":{"start":{"line":84,"column":6},"end":{"line":84,"column":36}},"30":{"start":{"line":87,"column":25},"end":{"line":90,"column":3}},"31":{"start":{"line":88,"column":4},"end":{"line":88,"column":23}},"32":{"start":{"line":89,"column":4},"end":{"line":89,"column":35}},"33":{"start":{"line":92,"column":25},"end":{"line":95,"column":3}},"34":{"start":{"line":93,"column":4},"end":{"line":93,"column":23}},"35":{"start":{"line":94,"column":4},"end":{"line":94,"column":35}},"36":{"start":{"line":97,"column":22},"end":{"line":100,"column":3}},"37":{"start":{"line":98,"column":4},"end":{"line":98,"column":23}},"38":{"start":{"line":99,"column":4},"end":{"line":99,"column":32}},"39":{"start":{"line":102,"column":2},"end":{"line":145,"column":4}}},"fnMap":{"0":{"name":"(anonymous_0)","decl":{"start":{"line":28,"column":20},"end":{"line":28,"column":21}},"loc":{"start":{"line":28,"column":31},"end":{"line":146,"column":1}},"line":28},"1":{"name":"(anonymous_1)","decl":{"start":{"line":40,"column":20},"end":{"line":40,"column":21}},"loc":{"start":{"line":40,"column":26},"end":{"line":42,"column":3}},"line":40},"2":{"name":"(anonymous_2)","decl":{"start":{"line":43,"column":19},"end":{"line":43,"column":20}},"loc":{"start":{"line":43,"column":26},"end":{"line":49,"column":3}},"line":43},"3":{"name":"(anonymous_3)","decl":{"start":{"line":50,"column":19},"end":{"line":50,"column":20}},"loc":{"start":{"line":50,"column":26},"end":{"line":86,"column":3}},"line":50},"4":{"name":"(anonymous_4)","decl":{"start":{"line":67,"column":14},"end":{"line":67,"column":15}},"loc":{"start":{"line":67,"column":23},"end":{"line":78,"column":9}},"line":67},"5":{"name":"(anonymous_5)","decl":{"start":{"line":72,"column":18},"end":{"line":72,"column":19}},"loc":{"start":{"line":72,"column":37},"end":{"line":74,"column":13}},"line":72},"6":{"name":"(anonymous_6)","decl":{"start":{"line":75,"column":19},"end":{"line":75,"column":20}},"loc":{"start":{"line":75,"column":30},"end":{"line":77,"column":13}},"line":75},"7":{"name":"(anonymous_7)","decl":{"start":{"line":79,"column":15},"end":{"line":79,"column":16}},"loc":{"start":{"line":79,"column":24},"end":{"line":81,"column":9}},"line":79},"8":{"name":"(anonymous_8)","decl":{"start":{"line":87,"column":25},"end":{"line":87,"column":26}},"loc":{"start":{"line":87,"column":32},"end":{"line":90,"column":3}},"line":87},"9":{"name":"(anonymous_9)","decl":{"start":{"line":92,"column":25},"end":{"line":92,"column":26}},"loc":{"start":{"line":92,"column":32},"end":{"line":95,"column":3}},"line":92},"10":{"name":"(anonymous_10)","decl":{"start":{"line":97,"column":22},"end":{"line":97,"column":23}},"loc":{"start":{"line":97,"column":29},"end":{"line":100,"column":3}},"line":97}},"branchMap":{"0":{"loc":{"start":{"line":58,"column":4},"end":{"line":85,"column":5}},"type":"if","locations":[{"start":{"line":58,"column":4},"end":{"line":85,"column":5}},{"start":{"line":58,"column":4},"end":{"line":85,"column":5}}],"line":58}},"s":{"0":6,"1":6,"2":6,"3":6,"4":6,"5":6,"6":6,"7":6,"8":6,"9":0,"10":6,"11":0,"12":0,"13":0,"14":0,"15":0,"16":6,"17":0,"18":0,"19":0,"20":0,"21":0,"22":0,"23":0,"24":0,"25":0,"26":0,"27":0,"28":0,"29":0,"30":6,"31":0,"32":0,"33":6,"34":0,"35":0,"36":6,"37":0,"38":0,"39":6},"f":{"0":6,"1":0,"2":0,"3":0,"4":0,"5":0,"6":0,"7":0,"8":0,"9":0,"10":0},"b":{"0":[0,0]},"_coverageSchema":"1a1c01bbd47fc00a2c39e90264f33305004495a9","hash":"445b220fb758a1a1e8f099060e05735faf53e72e"}
,"/Users/FireBreather/CO1611/catwalk/client/src/widgets/qa/Answer.jsx": {"path":"/Users/FireBreather/CO1611/catwalk/client/src/widgets/qa/Answer.jsx","statementMap":{"0":{"start":{"line":8,"column":15},"end":{"line":38,"column":1}},"1":{"start":{"line":9,"column":49},"end":{"line":9,"column":54}},"2":{"start":{"line":10,"column":40},"end":{"line":10,"column":46}},"3":{"start":{"line":12,"column":2},"end":{"line":37,"column":4}},"4":{"start":{"line":21,"column":10},"end":{"line":23,"column":17}}},"fnMap":{"0":{"name":"(anonymous_0)","decl":{"start":{"line":8,"column":15},"end":{"line":8,"column":16}},"loc":{"start":{"line":8,"column":26},"end":{"line":38,"column":1}},"line":8},"1":{"name":"(anonymous_1)","decl":{"start":{"line":20,"column":27},"end":{"line":20,"column":28}},"loc":{"start":{"line":21,"column":10},"end":{"line":23,"column":17}},"line":21}},"branchMap":{},"s":{"0":6,"1":18,"2":18,"3":18,"4":0},"f":{"0":18,"1":0},"b":{},"_coverageSchema":"1a1c01bbd47fc00a2c39e90264f33305004495a9","hash":"f3db9424f1e990f75d24d0317c65449a25d26633"}
,"/Users/FireBreather/CO1611/catwalk/client/src/widgets/qa/Helpful.jsx": {"path":"/Users/FireBreather/CO1611/catwalk/client/src/widgets/qa/Helpful.jsx","statementMap":{"0":{"start":{"line":9,"column":16},"end":{"line":91,"column":1}},"1":{"start":{"line":10,"column":20},"end":{"line":10,"column":25}},"2":{"start":{"line":12,"column":31},"end":{"line":12,"column":42}},"3":{"start":{"line":13,"column":36},"end":{"line":13,"column":51}},"4":{"start":{"line":14,"column":2},"end":{"line":20,"column":14}},"5":{"start":{"line":15,"column":4},"end":{"line":19,"column":5}},"6":{"start":{"line":16,"column":6},"end":{"line":16,"column":46}},"7":{"start":{"line":18,"column":6},"end":{"line":18,"column":37}},"8":{"start":{"line":22,"column":25},"end":{"line":41,"column":3}},"9":{"start":{"line":23,"column":4},"end":{"line":23,"column":23}},"10":{"start":{"line":24,"column":4},"end":{"line":40,"column":9}},"11":{"start":{"line":35,"column":8},"end":{"line":35,"column":31}},"12":{"start":{"line":36,"column":8},"end":{"line":36,"column":29}},"13":{"start":{"line":39,"column":8},"end":{"line":39,"column":32}},"14":{"start":{"line":42,"column":23},"end":{"line":61,"column":3}},"15":{"start":{"line":43,"column":4},"end":{"line":43,"column":23}},"16":{"start":{"line":44,"column":4},"end":{"line":60,"column":9}},"17":{"start":{"line":55,"column":8},"end":{"line":55,"column":31}},"18":{"start":{"line":56,"column":8},"end":{"line":56,"column":29}},"19":{"start":{"line":59,"column":8},"end":{"line":59,"column":32}},"20":{"start":{"line":63,"column":2},"end":{"line":77,"column":3}},"21":{"start":{"line":64,"column":4},"end":{"line":71,"column":5}},"22":{"start":{"line":65,"column":6},"end":{"line":70,"column":8}},"23":{"start":{"line":72,"column":4},"end":{"line":76,"column":6}},"24":{"start":{"line":78,"column":2},"end":{"line":85,"column":3}},"25":{"start":{"line":79,"column":4},"end":{"line":84,"column":6}},"26":{"start":{"line":86,"column":2},"end":{"line":90,"column":4}}},"fnMap":{"0":{"name":"(anonymous_0)","decl":{"start":{"line":9,"column":16},"end":{"line":9,"column":17}},"loc":{"start":{"line":9,"column":27},"end":{"line":91,"column":1}},"line":9},"1":{"name":"(anonymous_1)","decl":{"start":{"line":14,"column":12},"end":{"line":14,"column":13}},"loc":{"start":{"line":14,"column":18},"end":{"line":20,"column":3}},"line":14},"2":{"name":"(anonymous_2)","decl":{"start":{"line":22,"column":25},"end":{"line":22,"column":26}},"loc":{"start":{"line":22,"column":32},"end":{"line":41,"column":3}},"line":22},"3":{"name":"(anonymous_3)","decl":{"start":{"line":34,"column":12},"end":{"line":34,"column":13}},"loc":{"start":{"line":34,"column":21},"end":{"line":37,"column":7}},"line":34},"4":{"name":"(anonymous_4)","decl":{"start":{"line":38,"column":13},"end":{"line":38,"column":14}},"loc":{"start":{"line":38,"column":22},"end":{"line":40,"column":7}},"line":38},"5":{"name":"(anonymous_5)","decl":{"start":{"line":42,"column":23},"end":{"line":42,"column":24}},"loc":{"start":{"line":42,"column":30},"end":{"line":61,"column":3}},"line":42},"6":{"name":"(anonymous_6)","decl":{"start":{"line":54,"column":12},"end":{"line":54,"column":13}},"loc":{"start":{"line":54,"column":21},"end":{"line":57,"column":7}},"line":54},"7":{"name":"(anonymous_7)","decl":{"start":{"line":58,"column":13},"end":{"line":58,"column":14}},"loc":{"start":{"line":58,"column":22},"end":{"line":60,"column":7}},"line":58}},"branchMap":{"0":{"loc":{"start":{"line":15,"column":4},"end":{"line":19,"column":5}},"type":"if","locations":[{"start":{"line":15,"column":4},"end":{"line":19,"column":5}},{"start":{"line":15,"column":4},"end":{"line":19,"column":5}}],"line":15},"1":{"loc":{"start":{"line":63,"column":2},"end":{"line":77,"column":3}},"type":"if","locations":[{"start":{"line":63,"column":2},"end":{"line":77,"column":3}},{"start":{"line":63,"column":2},"end":{"line":77,"column":3}}],"line":63},"2":{"loc":{"start":{"line":64,"column":4},"end":{"line":71,"column":5}},"type":"if","locations":[{"start":{"line":64,"column":4},"end":{"line":71,"column":5}},{"start":{"line":64,"column":4},"end":{"line":71,"column":5}}],"line":64},"3":{"loc":{"start":{"line":78,"column":2},"end":{"line":85,"column":3}},"type":"if","locations":[{"start":{"line":78,"column":2},"end":{"line":85,"column":3}},{"start":{"line":78,"column":2},"end":{"line":85,"column":3}}],"line":78}},"s":{"0":6,"1":72,"2":72,"3":72,"4":72,"5":30,"6":12,"7":18,"8":72,"9":0,"10":0,"11":0,"12":0,"13":0,"14":72,"15":0,"16":0,"17":0,"18":0,"19":0,"20":72,"21":36,"22":36,"23":0,"24":36,"25":36,"26":0},"f":{"0":72,"1":30,"2":0,"3":0,"4":0,"5":0,"6":0,"7":0},"b":{"0":[12,18],"1":[36,36],"2":[36,0],"3":[36,0]},"_coverageSchema":"1a1c01bbd47fc00a2c39e90264f33305004495a9","hash":"2b27b8cd7e461c0275799a8b590624149b8da3f3"}
,"/Users/FireBreather/CO1611/catwalk/client/src/widgets/qa/QandA.jsx": {"path":"/Users/FireBreather/CO1611/catwalk/client/src/widgets/qa/QandA.jsx","statementMap":{"0":{"start":{"line":8,"column":14},"end":{"line":56,"column":1}},"1":{"start":{"line":9,"column":50},"end":{"line":9,"column":76}},"2":{"start":{"line":10,"column":43},"end":{"line":10,"column":55}},"3":{"start":{"line":11,"column":39},"end":{"line":11,"column":51}},"4":{"start":{"line":12,"column":31},"end":{"line":12,"column":42}},"5":{"start":{"line":14,"column":2},"end":{"line":27,"column":16}},"6":{"start":{"line":15,"column":4},"end":{"line":26,"column":5}},"7":{"start":{"line":16,"column":6},"end":{"line":16,"column":38}},"8":{"start":{"line":17,"column":6},"end":{"line":25,"column":11}},"9":{"start":{"line":19,"column":10},"end":{"line":21,"column":14}},"10":{"start":{"line":20,"column":12},"end":{"line":20,"column":59}},"11":{"start":{"line":24,"column":10},"end":{"line":24,"column":58}},"12":{"start":{"line":29,"column":22},"end":{"line":31,"column":3}},"13":{"start":{"line":30,"column":4},"end":{"line":30,"column":29}},"14":{"start":{"line":33,"column":2},"end":{"line":54,"column":3}},"15":{"start":{"line":34,"column":4},"end":{"line":53,"column":6}},"16":{"start":{"line":55,"column":2},"end":{"line":55,"column":53}}},"fnMap":{"0":{"name":"(anonymous_0)","decl":{"start":{"line":8,"column":14},"end":{"line":8,"column":15}},"loc":{"start":{"line":8,"column":20},"end":{"line":56,"column":1}},"line":8},"1":{"name":"(anonymous_1)","decl":{"start":{"line":14,"column":12},"end":{"line":14,"column":13}},"loc":{"start":{"line":14,"column":18},"end":{"line":27,"column":3}},"line":14},"2":{"name":"(anonymous_2)","decl":{"start":{"line":18,"column":14},"end":{"line":18,"column":15}},"loc":{"start":{"line":18,"column":33},"end":{"line":22,"column":9}},"line":18},"3":{"name":"(anonymous_3)","decl":{"start":{"line":19,"column":53},"end":{"line":19,"column":54}},"loc":{"start":{"line":20,"column":12},"end":{"line":20,"column":59}},"line":20},"4":{"name":"(anonymous_4)","decl":{"start":{"line":23,"column":15},"end":{"line":23,"column":16}},"loc":{"start":{"line":23,"column":26},"end":{"line":25,"column":9}},"line":23},"5":{"name":"(anonymous_5)","decl":{"start":{"line":29,"column":22},"end":{"line":29,"column":23}},"loc":{"start":{"line":29,"column":28},"end":{"line":31,"column":3}},"line":29}},"branchMap":{"0":{"loc":{"start":{"line":15,"column":4},"end":{"line":26,"column":5}},"type":"if","locations":[{"start":{"line":15,"column":4},"end":{"line":26,"column":5}},{"start":{"line":15,"column":4},"end":{"line":26,"column":5}}],"line":15},"1":{"loc":{"start":{"line":33,"column":2},"end":{"line":54,"column":3}},"type":"if","locations":[{"start":{"line":33,"column":2},"end":{"line":54,"column":3}},{"start":{"line":33,"column":2},"end":{"line":54,"column":3}}],"line":33}},"s":{"0":5,"1":0,"2":0,"3":0,"4":0,"5":0,"6":0,"7":0,"8":0,"9":0,"10":0,"11":0,"12":0,"13":0,"14":0,"15":0,"16":0},"f":{"0":0,"1":0,"2":0,"3":0,"4":0,"5":0},"b":{"0":[0,0],"1":[0,0]},"_coverageSchema":"1a1c01bbd47fc00a2c39e90264f33305004495a9","hash":"136ae0abbcf39c484f2923b771f839a411f568bd"}
,"/Users/FireBreather/CO1611/catwalk/client/src/widgets/qa/Question.jsx": {"path":"/Users/FireBreather/CO1611/catwalk/client/src/widgets/qa/Question.jsx","statementMap":{"0":{"start":{"line":12,"column":17},"end":{"line":103,"column":1}},"1":{"start":{"line":13,"column":29},"end":{"line":13,"column":34}},"2":{"start":{"line":14,"column":35},"end":{"line":14,"column":47}},"3":{"start":{"line":15,"column":41},"end":{"line":15,"column":53}},"4":{"start":{"line":16,"column":35},"end":{"line":16,"column":50}},"5":{"start":{"line":18,"column":22},"end":{"line":21,"column":3}},"6":{"start":{"line":19,"column":4},"end":{"line":19,"column":23}},"7":{"start":{"line":20,"column":4},"end":{"line":20,"column":24}},"8":{"start":{"line":23,"column":2},"end":{"line":27,"column":17}},"9":{"start":{"line":24,"column":4},"end":{"line":26,"column":6}},"10":{"start":{"line":29,"column":2},"end":{"line":78,"column":25}},"11":{"start":{"line":30,"column":4},"end":{"line":77,"column":5}},"12":{"start":{"line":31,"column":6},"end":{"line":66,"column":7}},"13":{"start":{"line":32,"column":21},"end":{"line":32,"column":23}},"14":{"start":{"line":33,"column":8},"end":{"line":43,"column":9}},"15":{"start":{"line":33,"column":21},"end":{"line":33,"column":22}},"16":{"start":{"line":34,"column":10},"end":{"line":42,"column":12}},"17":{"start":{"line":44,"column":8},"end":{"line":54,"column":10}},"18":{"start":{"line":55,"column":8},"end":{"line":55,"column":31}},"19":{"start":{"line":56,"column":13},"end":{"line":66,"column":7}},"20":{"start":{"line":57,"column":8},"end":{"line":65,"column":12}},"21":{"start":{"line":58,"column":10},"end":{"line":64,"column":12}},"22":{"start":{"line":68,"column":6},"end":{"line":76,"column":10}},"23":{"start":{"line":69,"column":8},"end":{"line":75,"column":10}},"24":{"start":{"line":80,"column":2},"end":{"line":102,"column":4}}},"fnMap":{"0":{"name":"(anonymous_0)","decl":{"start":{"line":12,"column":17},"end":{"line":12,"column":18}},"loc":{"start":{"line":12,"column":28},"end":{"line":103,"column":1}},"line":12},"1":{"name":"(anonymous_1)","decl":{"start":{"line":18,"column":22},"end":{"line":18,"column":23}},"loc":{"start":{"line":18,"column":29},"end":{"line":21,"column":3}},"line":18},"2":{"name":"(anonymous_2)","decl":{"start":{"line":23,"column":12},"end":{"line":23,"column":13}},"loc":{"start":{"line":23,"column":18},"end":{"line":27,"column":3}},"line":23},"3":{"name":"(anonymous_3)","decl":{"start":{"line":29,"column":12},"end":{"line":29,"column":13}},"loc":{"start":{"line":29,"column":18},"end":{"line":78,"column":3}},"line":29},"4":{"name":"(anonymous_4)","decl":{"start":{"line":57,"column":37},"end":{"line":57,"column":38}},"loc":{"start":{"line":58,"column":10},"end":{"line":64,"column":12}},"line":58},"5":{"name":"(anonymous_5)","decl":{"start":{"line":68,"column":35},"end":{"line":68,"column":36}},"loc":{"start":{"line":69,"column":8},"end":{"line":75,"column":10}},"line":69}},"branchMap":{"0":{"loc":{"start":{"line":30,"column":4},"end":{"line":77,"column":5}},"type":"if","locations":[{"start":{"line":30,"column":4},"end":{"line":77,"column":5}},{"start":{"line":30,"column":4},"end":{"line":77,"column":5}}],"line":30},"1":{"loc":{"start":{"line":30,"column":8},"end":{"line":30,"column":38}},"type":"binary-expr","locations":[{"start":{"line":30,"column":8},"end":{"line":30,"column":16}},{"start":{"line":30,"column":20},"end":{"line":30,"column":38}}],"line":30},"2":{"loc":{"start":{"line":31,"column":6},"end":{"line":66,"column":7}},"type":"if","locations":[{"start":{"line":31,"column":6},"end":{"line":66,"column":7}},{"start":{"line":31,"column":6},"end":{"line":66,"column":7}}],"line":31},"3":{"loc":{"start":{"line":56,"column":13},"end":{"line":66,"column":7}},"type":"if","locations":[{"start":{"line":56,"column":13},"end":{"line":66,"column":7}},{"start":{"line":56,"column":13},"end":{"line":66,"column":7}}],"line":56}},"s":{"0":6,"1":36,"2":36,"3":36,"4":36,"5":36,"6":0,"7":0,"8":36,"9":12,"10":36,"11":24,"12":12,"13":0,"14":0,"15":0,"16":0,"17":0,"18":0,"19":12,"20":12,"21":18,"22":12,"23":0,"24":36},"f":{"0":36,"1":0,"2":12,"3":24,"4":18,"5":0},"b":{"0":[12,12],"1":[24,24],"2":[0,12],"3":[12,0]},"_coverageSchema":"1a1c01bbd47fc00a2c39e90264f33305004495a9","hash":"5b716c4de2a9f7ea55b6cb985f002a5f3689b7f4"}
,"/Users/FireBreather/CO1611/catwalk/client/src/widgets/qa/QuestionList.jsx": {"path":"/Users/FireBreather/CO1611/catwalk/client/src/widgets/qa/QuestionList.jsx","statementMap":{"0":{"start":{"line":10,"column":21},"end":{"line":59,"column":1}},"1":{"start":{"line":16,"column":6},"end":{"line":16,"column":27}},"2":{"start":{"line":17,"column":45},"end":{"line":17,"column":57}},"3":{"start":{"line":19,"column":2},"end":{"line":22,"column":18}},"4":{"start":{"line":20,"column":4},"end":{"line":20,"column":46}},"5":{"start":{"line":21,"column":4},"end":{"line":21,"column":19}},"6":{"start":{"line":24,"column":2},"end":{"line":26,"column":14}},"7":{"start":{"line":25,"column":4},"end":{"line":25,"column":50}},"8":{"start":{"line":28,"column":24},"end":{"line":30,"column":3}},"9":{"start":{"line":29,"column":4},"end":{"line":29,"column":27}},"10":{"start":{"line":32,"column":2},"end":{"line":58,"column":4}},"11":{"start":{"line":40,"column":10},"end":{"line":40,"column":88}}},"fnMap":{"0":{"name":"(anonymous_0)","decl":{"start":{"line":10,"column":21},"end":{"line":10,"column":22}},"loc":{"start":{"line":10,"column":27},"end":{"line":59,"column":1}},"line":10},"1":{"name":"(anonymous_1)","decl":{"start":{"line":19,"column":12},"end":{"line":19,"column":13}},"loc":{"start":{"line":19,"column":18},"end":{"line":22,"column":3}},"line":19},"2":{"name":"(anonymous_2)","decl":{"start":{"line":24,"column":12},"end":{"line":24,"column":13}},"loc":{"start":{"line":24,"column":18},"end":{"line":26,"column":3}},"line":24},"3":{"name":"(anonymous_3)","decl":{"start":{"line":28,"column":24},"end":{"line":28,"column":25}},"loc":{"start":{"line":28,"column":30},"end":{"line":30,"column":3}},"line":28},"4":{"name":"(anonymous_4)","decl":{"start":{"line":39,"column":26},"end":{"line":39,"column":27}},"loc":{"start":{"line":40,"column":10},"end":{"line":40,"column":88}},"line":40}},"branchMap":{},"s":{"0":6,"1":6,"2":6,"3":6,"4":3,"5":3,"6":6,"7":3,"8":6,"9":1,"10":6,"11":12},"f":{"0":6,"1":3,"2":3,"3":1,"4":12},"b":{},"_coverageSchema":"1a1c01bbd47fc00a2c39e90264f33305004495a9","hash":"2155716e4e08db6b37e9526755d0688667116e9c"}
,"/Users/FireBreather/CO1611/catwalk/client/src/widgets/qa/Report.jsx": {"path":"/Users/FireBreather/CO1611/catwalk/client/src/widgets/qa/Report.jsx","statementMap":{"0":{"start":{"line":7,"column":15},"end":{"line":45,"column":1}},"1":{"start":{"line":8,"column":45},"end":{"line":8,"column":50}},"2":{"start":{"line":10,"column":22},"end":{"line":35,"column":3}},"3":{"start":{"line":11,"column":4},"end":{"line":11,"column":23}},"4":{"start":{"line":12,"column":4},"end":{"line":34,"column":9}},"5":{"start":{"line":23,"column":21},"end":{"line":23,"column":36}},"6":{"start":{"line":24,"column":8},"end":{"line":29,"column":9}},"7":{"start":{"line":24,"column":21},"end":{"line":24,"column":22}},"8":{"start":{"line":25,"column":10},"end":{"line":28,"column":11}},"9":{"start":{"line":26,"column":12},"end":{"line":26,"column":30}},"10":{"start":{"line":27,"column":12},"end":{"line":27,"column":18}},"11":{"start":{"line":30,"column":8},"end":{"line":30,"column":28}},"12":{"start":{"line":33,"column":8},"end":{"line":33,"column":32}},"13":{"start":{"line":37,"column":2},"end":{"line":44,"column":4}}},"fnMap":{"0":{"name":"(anonymous_0)","decl":{"start":{"line":7,"column":15},"end":{"line":7,"column":16}},"loc":{"start":{"line":7,"column":26},"end":{"line":45,"column":1}},"line":7},"1":{"name":"(anonymous_1)","decl":{"start":{"line":10,"column":22},"end":{"line":10,"column":23}},"loc":{"start":{"line":10,"column":29},"end":{"line":35,"column":3}},"line":10},"2":{"name":"(anonymous_2)","decl":{"start":{"line":22,"column":12},"end":{"line":22,"column":13}},"loc":{"start":{"line":22,"column":21},"end":{"line":31,"column":7}},"line":22},"3":{"name":"(anonymous_3)","decl":{"start":{"line":32,"column":13},"end":{"line":32,"column":14}},"loc":{"start":{"line":32,"column":22},"end":{"line":34,"column":7}},"line":32}},"branchMap":{"0":{"loc":{"start":{"line":25,"column":10},"end":{"line":28,"column":11}},"type":"if","locations":[{"start":{"line":25,"column":10},"end":{"line":28,"column":11}},{"start":{"line":25,"column":10},"end":{"line":28,"column":11}}],"line":25}},"s":{"0":6,"1":18,"2":18,"3":0,"4":0,"5":0,"6":0,"7":0,"8":0,"9":0,"10":0,"11":0,"12":0,"13":18},"f":{"0":18,"1":0,"2":0,"3":0},"b":{"0":[0,0]},"_coverageSchema":"1a1c01bbd47fc00a2c39e90264f33305004495a9","hash":"9f9fd8994463124859ce5fb3e9d635a273bf087f"}
,"/Users/FireBreather/CO1611/catwalk/client/src/widgets/qa/Search.jsx": {"path":"/Users/FireBreather/CO1611/catwalk/client/src/widgets/qa/Search.jsx","statementMap":{"0":{"start":{"line":4,"column":15},"end":{"line":43,"column":1}},"1":{"start":{"line":5,"column":47},"end":{"line":5,"column":52}},"2":{"start":{"line":6,"column":31},"end":{"line":6,"column":43}},"3":{"start":{"line":8,"column":23},"end":{"line":17,"column":3}},"4":{"start":{"line":9,"column":4},"end":{"line":9,"column":23}},"5":{"start":{"line":10,"column":4},"end":{"line":16,"column":5}},"6":{"start":{"line":11,"column":6},"end":{"line":11,"column":44}},"7":{"start":{"line":12,"column":11},"end":{"line":16,"column":5}},"8":{"start":{"line":13,"column":6},"end":{"line":13,"column":89}},"9":{"start":{"line":15,"column":6},"end":{"line":15,"column":34}},"10":{"start":{"line":19,"column":2},"end":{"line":27,"column":14}},"11":{"start":{"line":20,"column":4},"end":{"line":26,"column":5}},"12":{"start":{"line":21,"column":6},"end":{"line":23,"column":10}},"13":{"start":{"line":22,"column":8},"end":{"line":22,"column":46}},"14":{"start":{"line":25,"column":6},"end":{"line":25,"column":39}},"15":{"start":{"line":29,"column":2},"end":{"line":42,"column":3}}},"fnMap":{"0":{"name":"(anonymous_0)","decl":{"start":{"line":4,"column":15},"end":{"line":4,"column":16}},"loc":{"start":{"line":4,"column":26},"end":{"line":43,"column":1}},"line":4},"1":{"name":"(anonymous_1)","decl":{"start":{"line":8,"column":23},"end":{"line":8,"column":24}},"loc":{"start":{"line":8,"column":30},"end":{"line":17,"column":3}},"line":8},"2":{"name":"(anonymous_2)","decl":{"start":{"line":19,"column":12},"end":{"line":19,"column":13}},"loc":{"start":{"line":19,"column":18},"end":{"line":27,"column":3}},"line":19},"3":{"name":"(anonymous_3)","decl":{"start":{"line":21,"column":45},"end":{"line":21,"column":46}},"loc":{"start":{"line":22,"column":8},"end":{"line":22,"column":46}},"line":22}},"branchMap":{"0":{"loc":{"start":{"line":10,"column":4},"end":{"line":16,"column":5}},"type":"if","locations":[{"start":{"line":10,"column":4},"end":{"line":16,"column":5}},{"start":{"line":10,"column":4},"end":{"line":16,"column":5}}],"line":10},"1":{"loc":{"start":{"line":12,"column":11},"end":{"line":16,"column":5}},"type":"if","locations":[{"start":{"line":12,"column":11},"end":{"line":16,"column":5}},{"start":{"line":12,"column":11},"end":{"line":16,"column":5}}],"line":12},"2":{"loc":{"start":{"line":20,"column":4},"end":{"line":26,"column":5}},"type":"if","locations":[{"start":{"line":20,"column":4},"end":{"line":26,"column":5}},{"start":{"line":20,"column":4},"end":{"line":26,"column":5}}],"line":20},"3":{"loc":{"start":{"line":37,"column":17},"end":{"line":37,"column":80}},"type":"cond-expr","locations":[{"start":{"line":37,"column":32},"end":{"line":37,"column":37}},{"start":{"line":37,"column":40},"end":{"line":37,"column":80}}],"line":37}},"s":{"0":6,"1":6,"2":6,"3":6,"4":0,"5":0,"6":0,"7":0,"8":0,"9":0,"10":6,"11":3,"12":0,"13":0,"14":3,"15":6},"f":{"0":6,"1":0,"2":3,"3":0},"b":{"0":[0,0],"1":[0,0],"2":[0,3],"3":[0,6]},"_coverageSchema":"1a1c01bbd47fc00a2c39e90264f33305004495a9","hash":"290f03ca7a72db0c1c6abfc5317a37710f63e94a"}
,"/Users/FireBreather/CO1611/catwalk/client/src/widgets/qa/helpers.js": {"path":"/Users/FireBreather/CO1611/catwalk/client/src/widgets/qa/helpers.js","statementMap":{"0":{"start":{"line":1,"column":19},"end":{"line":4,"column":1}},"1":{"start":{"line":2,"column":13},"end":{"line":2,"column":164}},"2":{"start":{"line":3,"column":2},"end":{"line":3,"column":46}},"3":{"start":{"line":6,"column":24},"end":{"line":14,"column":1}},"4":{"start":{"line":7,"column":2},"end":{"line":9,"column":3}},"5":{"start":{"line":8,"column":4},"end":{"line":8,"column":17}},"6":{"start":{"line":10,"column":2},"end":{"line":12,"column":3}},"7":{"start":{"line":11,"column":4},"end":{"line":11,"column":17}},"8":{"start":{"line":13,"column":2},"end":{"line":13,"column":14}},"9":{"start":{"line":16,"column":28},"end":{"line":33,"column":1}},"10":{"start":{"line":17,"column":15},"end":{"line":17,"column":17}},"11":{"start":{"line":18,"column":20},"end":{"line":18,"column":22}},"12":{"start":{"line":19,"column":2},"end":{"line":25,"column":5}},"13":{"start":{"line":20,"column":4},"end":{"line":24,"column":5}},"14":{"start":{"line":21,"column":6},"end":{"line":21,"column":35}},"15":{"start":{"line":23,"column":6},"end":{"line":23,"column":30}},"16":{"start":{"line":26,"column":2},"end":{"line":28,"column":5}},"17":{"start":{"line":27,"column":4},"end":{"line":27,"column":33}},"18":{"start":{"line":29,"column":2},"end":{"line":31,"column":5}},"19":{"start":{"line":30,"column":4},"end":{"line":30,"column":33}},"20":{"start":{"line":32,"column":2},"end":{"line":32,"column":32}}},"fnMap":{"0":{"name":"(anonymous_0)","decl":{"start":{"line":1,"column":19},"end":{"line":1,"column":20}},"loc":{"start":{"line":1,"column":30},"end":{"line":4,"column":1}},"line":1},"1":{"name":"(anonymous_1)","decl":{"start":{"line":6,"column":24},"end":{"line":6,"column":25}},"loc":{"start":{"line":6,"column":35},"end":{"line":14,"column":1}},"line":6},"2":{"name":"(anonymous_2)","decl":{"start":{"line":16,"column":28},"end":{"line":16,"column":29}},"loc":{"start":{"line":16,"column":41},"end":{"line":33,"column":1}},"line":16},"3":{"name":"(anonymous_3)","decl":{"start":{"line":19,"colu
[...]
column":65}},"35":{"start":{"line":73,"column":27},"end":{"line":75,"column":36}},"36":{"start":{"line":77,"column":2},"end":{"line":167,"column":3}},"37":{"start":{"line":78,"column":4},"end":{"line":166,"column":6}},"38":{"start":{"line":91,"column":89},"end":{"line":91,"column":113}},"39":{"start":{"line":105,"column":89},"end":{"line":105,"column":113}},"40":{"start":{"line":119,"column":89},"end":{"line":119,"column":113}},"41":{"start":{"line":133,"column":89},"end":{"line":133,"column":113}},"42":{"start":{"line":147,"column":89},"end":{"line":147,"column":113}},"43":{"start":{"line":168,"column":2},"end":{"line":170,"column":3}},"44":{"start":{"line":169,"column":4},"end":{"line":169,"column":68}},"45":{"start":{"line":171,"column":2},"end":{"line":171,"column":39}}},"fnMap":{"0":{"name":"(anonymous_0)","decl":{"start":{"line":9,"column":24},"end":{"line":9,"column":25}},"loc":{"start":{"line":9,"column":30},"end":{"line":172,"column":1}},"line":9},"1":{"name":"(anonymous_1)","decl":{"start":{"line":19,"column":22},"end":{"line":19,"column":23}},"loc":{"start":{"line":19,"column":35},"end":{"line":23,"column":3}},"line":19},"2":{"name":"(anonymous_2)","decl":{"start":{"line":20,"column":61},"end":{"line":20,"column":62}},"loc":{"start":{"line":21,"column":6},"end":{"line":21,"column":54}},"line":21},"3":{"name":"(anonymous_3)","decl":{"start":{"line":25,"column":29},"end":{"line":25,"column":30}},"loc":{"start":{"line":25,"column":41},"end":{"line":44,"column":3}},"line":25},"4":{"name":"(anonymous_4)","decl":{"start":{"line":91,"column":81},"end":{"line":91,"column":82}},"loc":{"start":{"line":91,"column":87},"end":{"line":91,"column":115}},"line":91},"5":{"name":"(anonymous_5)","decl":{"start":{"line":105,"column":81},"end":{"line":105,"column":82}},"loc":{"start":{"line":105,"column":87},"end":{"line":105,"column":115}},"line":105},"6":{"name":"(anonymous_6)","decl":{"start":{"line":119,"column":81},"end":{"line":119,"column":82}},"loc":{"start":{"line":119,"column":87},"end":{"line":119,"column":115}},"line":119},"7":{"name":"(anonymous_7)","decl":{"start":{"line":133,"column":81},"end":{"line":133,"column":82}},"loc":{"start":{"line":133,"column":87},"end":{"line":133,"column":115}},"line":133},"8":{"name":"(anonymous_8)","decl":{"start":{"line":147,"column":81},"end":{"line":147,"column":82}},"loc":{"start":{"line":147,"column":87},"end":{"line":147,"column":115}},"line":147}},"branchMap":{"0":{"loc":{"start":{"line":27,"column":4},"end":{"line":43,"column":5}},"type":"if","locations":[{"start":{"line":27,"column":4},"end":{"line":43,"column":5}},{"start":{"line":27,"column":4},"end":{"line":43,"column":5}}],"line":27},"1":{"loc":{"start":{"line":30,"column":11},"end":{"line":43,"column":5}},"type":"if","locations":[{"start":{"line":30,"column":11},"end":{"line":43,"column":5}},{"start":{"line":30,"column":11},"end":{"line":43,"column":5}}],"line":30},"2":{"loc":{"start":{"line":31,"column":6},"end":{"line":38,"column":7}},"type":"if","locations":[{"start":{"line":31,"column":6},"end":{"line":38,"column":7}},{"start":{"line":31,"column":6},"end":{"line":38,"column":7}}],"line":31},"3":{"loc":{"start":{"line":46,"column":24},"end":{"line":46,"column":102}},"type":"binary-expr","locations":[{"start":{"line":46,"column":24},"end":{"line":46,"column":51}},{"start":{"line":46,"column":55},"end":{"line":46,"column":102}}],"line":46},"4":{"loc":{"start":{"line":48,"column":15},"end":{"line":49,"column":42}},"type":"cond-expr","locations":[{"start":{"line":49,"column":7},"end":{"line":49,"column":37}},{"start":{"line":49,"column":41},"end":{"line":49,"column":42}}],"line":48},"5":{"loc":{"start":{"line":50,"column":15},"end":{"line":51,"column":42}},"type":"cond-expr","locations":[{"start":{"line":51,"column":7},"end":{"line":51,"column":37}},{"start":{"line":51,"column":41},"end":{"line":51,"column":42}}],"line":50},"6":{"loc":{"start":{"line":52,"column":16},"end":{"line":53,"column":42}},"type":"cond-expr","locations":[{"start":{"line":53,"column":7},"end":{"line":53,"column":37}},{"start":{"line":53,"column":41},"end":{"line":53,"column":42}}],"line":52},"7":{"loc":{"start":{"line":54,"column":14},"end":{"line":55,"column":42}},"type":"cond-expr","locations":[{"start":{"line":55,"column":7},"end":{"line":55,"column":37}},{"start":{"line":55,"column":41},"end":{"line":55,"column":42}}],"line":54},"8":{"loc":{"start":{"line":56,"column":14},"end":{"line":57,"column":42}},"type":"cond-expr","locations":[{"start":{"line":57,"column":7},"end":{"line":57,"column":37}},{"start":{"line":57,"column":41},"end":{"line":57,"column":42}}],"line":56},"9":{"loc":{"start":{"line":62,"column":20},"end":{"line":63,"column":65}},"type":"cond-expr","locations":[{"start":{"line":63,"column":7},"end":{"line":63,"column":60}},{"start":{"line":63,"column":64},"end":{"line":63,"column":65}}],"line":62},"10":{"loc":{"start":{"line":64,"column":20},"end":{"line":65,"column":65}},"type":"cond-expr","locations":[{"start":{"line":65,"column":7},"end":{"line":65,"column":60}},{"start":{"line":65,"column":64},"end":{"line":65,"column":65}}],"line":64},"11":{"loc":{"start":{"line":66,"column":21},"end":{"line":67,"column":65}},"type":"cond-expr","locations":[{"start":{"line":67,"column":7},"end":{"line":67,"column":60}},{"start":{"line":67,"column":64},"end":{"line":67,"column":65}}],"line":66},"12":{"loc":{"start":{"line":68,"column":19},"end":{"line":69,"column":65}},"type":"cond-expr","locations":[{"start":{"line":69,"column":7},"end":{"line":69,"column":60}},{"start":{"line":69,"column":64},"end":{"line":69,"column":65}}],"line":68},"13":{"loc":{"start":{"line":70,"column":18},"end":{"line":71,"column":65}},"type":"cond-expr","locations":[{"start":{"line":71,"column":7},"end":{"line":71,"column":60}},{"start":{"line":71,"column":64},"end":{"line":71,"column":65}}],"line":70},"14":{"loc":{"start":{"line":73,"column":27},"end":{"line":75,"column":36}},"type":"cond-expr","locations":[{"start":{"line":74,"column":6},"end":{"line":75,"column":32}},{"start":{"line":75,"column":35},"end":{"line":75,"column":36}}],"line":73},"15":{"loc":{"start":{"line":77,"column":2},"end":{"line":167,"column":3}},"type":"if","locations":[{"start":{"line":77,"column":2},"end":{"line":167,"column":3}},{"start":{"line":77,"column":2},"end":{"line":167,"column":3}}],"line":77},"16":{"loc":{"start":{"line":168,"column":2},"end":{"line":170,"column":3}},"type":"if","locations":[{"start":{"line":168,"column":2},"end":{"line":170,"column":3}},{"start":{"line":168,"column":2},"end":{"line":170,"column":3}}],"line":168}},"s":{"0":6,"1":0,"2":0,"3":0,"4":0,"5":0,"6":0,"7":0,"8":0,"9":0,"10":0,"11":0,"12":0,"13":0,"14":0,"15":0,"16":0,"17":0,"18":0,"19":0,"20":0,"21":0,"22":0,"23":0,"24":0,"25":0,"26":0,"27":0,"28":0,"29":0,"30":0,"31":0,"32":0,"33":0,"34":0,"35":0,"36":0,"37":0,"38":0,"39":0,"40":0,"41":0,"42":0,"43":0,"44":0,"45":0},"f":{"0":0,"1":0,"2":0,"3":0,"4":0,"5":0,"6":0,"7":0,"8":0},"b":{"0":[0,0],"1":[0,0],"2":[0,0],"3":[0,0],"4":[0,0],"5":[0,0],"6":[0,0],"7":[0,0],"8":[0,0],"9":[0,0],"10":[0,0],"11":[0,0],"12":[0,0],"13":[0,0],"14":[0,0],"15":[0,0],"16":[0,0]},"_coverageSchema":"1a1c01bbd47fc00a2c39e90264f33305004495a9","hash":"a225306be3a5b8e59cf51a6419c84523fe1829a8"}
,"/Users/FireBreather/CO1611/catwalk/client/src/widgets/reviews/ReviewPhotos.jsx": {"path":"/Users/FireBreather/CO1611/catwalk/client/src/widgets/reviews/ReviewPhotos.jsx","statementMap":{"0":{"start":{"line":3,"column":21},"end":{"line":29,"column":1}},"1":{"start":{"line":4,"column":2},"end":{"line":28,"column":4}},"2":{"start":{"line":5,"column":20},"end":{"line":5,"column":28}},"3":{"start":{"line":6,"column":21},"end":{"line":6,"column":30}},"4":{"start":{"line":8,"column":4},"end":{"line":27,"column":6}}},"fnMap":{"0":{"name":"(anonymous_0)","decl":{"start":{"line":3,"column":21},"end":{"line":3,"column":22}},"loc":{"start":{"line":4,"column":2},"end":{"line":28,"column":4}},"line":4},"1":{"name":"(anonymous_1)","decl":{"start":{"line":4,"column":19},"end":{"line":4,"column":20}},"loc":{"start":{"line":4,"column":30},"end":{"line":28,"column":3}},"line":4}},"branchMap":{},"s":{"0":6,"1":0,"2":0,"3":0,"4":0},"f":{"0":0,"1":0},"b":{},"_coverageSchema":"1a1c01bbd47fc00a2c39e90264f33305004495a9","hash":"4b9bb3df3ec144f7b343e30b7ca3ff68f7f29296"}
,"/Users/FireBreather/CO1611/catwalk/client/src/widgets/reviews/ReviewSearch.jsx": {"path":"/Users/FireBreather/CO1611/catwalk/client/src/widgets/reviews/ReviewSearch.jsx","statementMap":{"0":{"start":{"line":5,"column":21},"end":{"line":41,"column":1}},"1":{"start":{"line":6,"column":18},"end":{"line":6,"column":43}},"2":{"start":{"line":7,"column":40},"end":{"line":7,"column":50}},"3":{"start":{"line":9,"column":22},"end":{"line":14,"column":3}},"4":{"start":{"line":10,"column":28},"end":{"line":12,"column":40}},"5":{"start":{"line":10,"column":74},"end":{"line":12,"column":39}},"6":{"start":{"line":13,"column":4},"end":{"line":13,"column":45}},"7":{"start":{"line":16,"column":23},"end":{"line":26,"column":3}},"8":{"start":{"line":17,"column":4},"end":{"line":17,"column":23}},"9":{"start":{"line":19,"column":4},"end":{"line":19,"column":35}},"10":{"start":{"line":21,"column":4},"end":{"line":25,"column":5}},"11":{"start":{"line":22,"column":6},"end":{"line":22,"column":31}},"12":{"start":{"line":24,"column":6},"end":{"line":24,"column":58}},"13":{"start":{"line":28,"column":2},"end":{"line":40,"column":4}},"14":{"start":{"line":34,"column":48},"end":{"line":34,"column":64}}},"fnMap":{"0":{"name":"(anonymous_0)","decl":{"start":{"line":5,"column":21},"end":{"line":5,"column":22}},"loc":{"start":{"line":5,"column":27},"end":{"line":41,"column":1}},"line":5},"1":{"name":"(anonymous_1)","decl":{"start":{"line":9,"column":22},"end":{"line":9,"column":23}},"loc":{"start":{"line":9,"column":33},"end":{"line":14,"column":3}},"line":9},"2":{"name":"(anonymous_2)","decl":{"start":{"line":10,"column":62},"end":{"line":10,"column":63}},"loc":{"start":{"line":10,"column":74},"end":{"line":12,"column":39}},"line":10},"3":{"name":"(anonymous_3)","decl":{"start":{"line":16,"column":23},"end":{"line":16,"column":24}},"loc":{"start":{"line":16,"column":30},"end":{"line":26,"column":3}},"line":16},"4":{"name":"(anonymous_4)","decl":{"start":{"line":34,"column":39},"end":{"line":34,"column":40}},"loc":{"start":{"line":34,"column":46},"end":{"line":34,"column":66}},"line":34}},"branchMap":{"0":{"loc":{"start":{"line":10,"column":74},"end":{"line":12,"column":39}},"type":"binary-expr","locations":[{"start":{"line":11,"column":6},"end":{"line":11,"column":33}},{"start":{"line":12,"column":9},"end":{"line":12,"column":39}}],"line":10},"1":{"loc":{"start":{"line":21,"column":4},"end":{"line":25,"column":5}},"type":"if","locations":[{"start":{"line":21,"column":4},"end":{"line":25,"column":5}},{"start":{"line":21,"column":4},"end":{"line":25,"column":5}}],"line":21}},"s":{"0":6,"1":0,"2":0,"3":0,"4":0,"5":0,"6":0,"7":0,"8":0,"9":0,"10":0,"11":0,"12":0,"13":0,"14":0},"f":{"0":0,"1":0,"2":0,"3":0,"4":0},"b":{"0":[0,0],"1":[0,0]},"_coverageSchema":"1a1c01bbd47fc00a2c39e90264f33305004495a9","hash":"85bb6561b415b57071b57cb4dde68b168804e9af"}
,"/Users/FireBreather/CO1611/catwalk/client/src/widgets/reviews/ReviewsList.jsx": {"path":"/Users/FireBreather/CO1611/catwalk/client/src/widgets/reviews/ReviewsList.jsx","statementMap":{"0":{"start":{"line":15,"column":20},"end":{"line":99,"column":1}},"1":{"start":{"line":16,"column":22},"end":{"line":16,"column":47}},"2":{"start":{"line":17,"column":20},"end":{"line":17,"column":50}},"3":{"start":{"line":18,"column":27},"end":{"line":18,"column":38}},"4":{"start":{"line":19,"column":40},"end":{"line":19,"column":51}},"5":{"start":{"line":21,"column":28},"end":{"line":23,"column":3}},"6":{"start":{"line":22,"column":4},"end":{"line":22,"column":26}},"7":{"start":{"line":25,"column":27},"end":{"line":25,"column":61}},"8":{"start":{"line":27,"column":23},"end":{"line":29,"column":3}},"9":{"start":{"line":28,"column":4},"end":{"line":28,"column":37}},"10":{"start":{"line":41,"column":22},"end":{"line":41,"column":162}},"11":{"start":{"line":41,"column":102},"end":{"line":41,"column":137}},"12":{"start":{"line":43,"column":2},"end":{"line":98,"column":4}},"13":{"start":{"line":62,"column":68},"end":{"line":62,"column":91}},"14":{"start":{"line":63,"column":68},"end":{"line":63,"column":93}},"15":{"start":{"line":64,"column":68},"end":{"line":64,"column":92}},"16":{"start":{"line":76,"column":10},"end":{"line":76,"column":46}}},"fnMap":{"0":{"name":"(anonymous_0)","decl":{"start":{"line":15,"column":20},"end":{"line":15,"column":21}},"loc":{"start":{"line":15,"column":26},"end":{"line":99,"column":1}},"line":15},"1":{"name":"(anonymous_1)","decl":{"start":{"line":21,"column":28},"end":{"line":21,"column":29}},"loc":{"start":{"line":21,"column":39},"end":{"line":23,"column":3}},"line":21},"2":{"name":"(anonymous_2)","decl":{"start":{"line":27,"column":23},"end":{"line":27,"column":24}},"loc":{"start":{"line":27,"column":38},"end":{"line":29,"column":3}},"line":27},"3":{"name":"(anonymous_3)","decl":{"start":{"line":41,"column":94},"end":{"line":41,"column":95}},"loc":{"start":{"line":41,"column":100},"end":{"line":41,"column":139}},"line":41},"4":{"name":"(anonymous_4)","decl":{"start":{"line":62,"column":60},"end":{"line":62,"column":61}},"loc":{"start":{"line":62,"column":66},"end":{"line":62,"column":93}},"line":62},"5":{"name":"(anonymous_5)","decl":{"start":{"line":63,"column":60},"end":{"line":63,"column":61}},"loc":{"start":{"line":63,"column":66},"end":{"line":63,"column":95}},"line":63},"6":{"name":"(anonymous_6)","decl":{"start":{"line":64,"column":60},"end":{"line":64,"column":61}},"loc":{"start":{"line":64,"column":66},"end":{"line":64,"column":94}},"line":64},"7":{"name":"(anonymous_7)","decl":{"start":{"line":75,"column":30},"end":{"line":75,"column":31}},"loc":{"start":{"line":76,"column":10},"end":{"line":76,"column":46}},"line":76}},"branchMap":{"0":{"loc":{"start":{"line":41,"column":22},"end":{"line":41,"column":162}},"type":"cond-expr","locations":[{"start":{"line":41,"column":58},"end":{"line":41,"column":60}},{"start":{"line":41,"column":63},"end":{"line":41,"column":162}}],"line":41}},"s":{"0":6,"1":3,"2":2,"3":2,"4":2,"5":2,"6":0,"7":2,"8":0,"9":0,"10":0,"11":0,"12":0,"13":0,"14":0,"15":0,"16":0},"f":{"0":3,"1":0,"2":0,"3":0,"4":0,"5":0,"6":0,"7":0},"b":{"0":[0,0]},"_coverageSchema":"1a1c01bbd47fc00a2c39e90264f33305004495a9","hash":"9a846b948fad263f7cfe936830e018e698537439"}
,"/Users/FireBreather/CO1611/catwalk/client/src/widgets/reviews/ReviewsRatings.jsx": {"path":"/Users/FireBreather/CO1611/catwalk/client/src/widgets/reviews/ReviewsRatings.jsx","statementMap":{"0":{"start":{"line":17,"column":23},"end":{"line":74,"column":1}},"1":{"start":{"line":18,"column":37},"end":{"line":18,"column":63}},"2":{"start":{"line":19,"column":38},"end":{"line":19,"column":48}},"3":{"start":{"line":20,"column":42},"end":{"line":20,"column":52}},"4":{"start":{"line":21,"column":36},"end":{"line":21,"column":46}},"5":{"start":{"line":22,"column":42},"end":{"line":22,"column":52}},"6":{"start":{"line":23,"column":32},"end":{"line":23,"column":42}},"7":{"start":{"line":24,"column":30},"end":{"line":24,"column":50}},"8":{"start":{"line":26,"column":2},"end":{"line":35,"column":26}},"9":{"start":{"line":27,"column":4},"end":{"line":34,"column":9}},"10":{"start":{"line":29,"column":8},"end":{"line":29,"column":34}},"11":{"start":{"line":30,"column":8},"end":{"line":30,"column":44}},"12":{"start":{"line":33,"column":8},"end":{"line":33,"column":55}},"13":{"start":{"line":37,"column":2},"end":{"line":72,"column":3}},"14":{"start":{"line":38,"column":4},"end":{"line":38,"column":24}},"15":{"start":{"line":39,"column":4},"end":{"line":39,"column":40}},"16":{"start":{"line":40,"column":4},"end":{"line":71,"column":6}},"17":{"start":{"line":73,"column":2},"end":{"line":73,"column":44}}},"fnMap":{"0":{"name":"(anonymous_0)","decl":{"start":{"line":17,"column":23},"end":{"line":17,"column":24}},"loc":{"start":{"line":17,"column":34},"end":{"line":74,"column":1}},"line":17},"1":{"name":"(anonymous_1)","decl":{"start":{"line":26,"column":12},"end":{"line":26,"column":13}},"loc":{"start":{"line":26,"column":18},"end":{"line":35,"column":3}},"line":26},"2":{"name":"(anonymous_2)","decl":{"start":{"line":28,"column":12},"end":{"line":28,"column":13}},"loc":{"start":{"line":28,"column":28},"end":{"line":31,"column":7}},"line":28},"3":{"name":"(anonymous_3)","decl":{"start":{"line":32,"column":13},"end":{"line":32,"column":14}},"loc":{"start":{"line":32,"column":22},"end":{"line":34,"column":7}},"line":32}},"branchMap":{"0":{"loc":{"start":{"line":37,"column":2},"end":{"line":72,"column":3}},"type":"if","locations":[{"start":{"line":37,"column":2},"end":{"line":72,"column":3}},{"start":{"line":37,"column":2},"end":{"line":72,"column":3}}],"line":37},"1":{"loc":{"start":{"line":37,"column":6},"end":{"line":37,"column":31}},"type":"binary-expr","locations":[{"start":{"line":37,"column":6},"end":{"line":37,"column":17}},{"start":{"line":37,"column":21},"end":{"line":37,"column":31}}],"line":37}},"s":{"0":6,"1":1,"2":1,"3":1,"4":1,"5":1,"6":1,"7":1,"8":1,"9":1,"10":0,"11":0,"12":0,"13":1,"14":0,"15":0,"16":0,"17":1},"f":{"0":1,"1":1,"2":0,"3":0},"b":{"0":[0,1],"1":[1,1]},"_coverageSchema":"1a1c01bbd47fc00a2c39e90264f33305004495a9","hash":"3d099381fc4a4b8d511e4fd874452cff293b5e95"}
,"/Users/FireBreather/CO1611/catwalk/tests/reviewsData.js": {"path":"/Users/FireBreather/CO1611/catwalk/tests/reviewsData.js","statementMap":{"0":{"start":{"line":1,"column":20},"end":{"line":574,"column":1}}},"fnMap":{},"branchMap":{},"s":{"0":1},"f":{},"b":{},"_coverageSchema":"1a1c01bbd47fc00a2c39e90264f33305004495a9","hash":"3cb9b0af7a11f0e40451909e367169f01e607c32"}
,"/Users/FireBreather/CO1611/catwalk/tests/testconfig.js": {"path":"/Users/FireBreather/CO1611/catwalk/tests/testconfig.js","statementMap":{"0":{"start":{"line":2,"column":15},"end":{"line":2,"column":32}},"1":{"start":{"line":3,"column":16},"end":{"line":3,"column":61}},"2":{"start":{"line":5,"column":0},"end":{"line":5,"column":45}}},"fnMap":{},"branchMap":{},"s":{"0":12,"1":12,"2":12},"f":{},"b":{},"_coverageSchema":"1a1c01bbd47fc00a2c39e90264f33305004495a9","hash":"88c851da1991921891bcca3ee47fa74b6ef175eb"}
,"/Users/FireBreather/CO1611/catwalk/tests/OverviewTests/productData.js": {"path":"/Users/FireBreather/CO1611/catwalk/tests/OverviewTests/productData.js","statementMap":{"0":{"start":{"line":2,"column":20},"end":{"line":22,"column":1}}},"fnMap":{},"branchMap":{},"s":{"0":7},"f":{},"b":{},"_coverageSchema":"1a1c01bbd47fc00a2c39e90264f33305004495a9","hash":"55dc1bfd16dd87cddab49685b1fd4b9a8893b62f"}
,"/Users/FireBreather/CO1611/catwalk/tests/OverviewTests/stylesData.js": {"path":"/Users/FireBreather/CO1611/catwalk/tests/OverviewTests/stylesData.js","statementMap":{"0":{"start":{"line":2,"column":19},"end":{"line":360,"column":1}}},"fnMap":{},"branchMap":{},"s":{"0":6},"f":{},"b":{},"_coverageSchema":"1a1c01bbd47fc00a2c39e90264f33305004495a9","hash":"f01498c05248006792d06580fa802e6f8fc1c0b7"}
,"/Users/FireBreather/CO1611/catwalk/tests/QandATests/questionsData.js": {"path":"/Users/FireBreather/CO1611/catwalk/tests/QandATests/questionsData.js","statementMap":{"0":{"start":{"line":1,"column":22},"end":{"line":186,"column":1}}},"fnMap":{},"branchMap":{},"s":{"0":1},"f":{},"b":{},"_coverageSchema":"1a1c01bbd47fc00a2c39e90264f33305004495a9","hash":"18fb6c62c7b532b6c79551fef5ffb19203dbdf54"}
,"/Users/FireBreather/CO1611/catwalk/tests/RelatedProductsTests/relatedProductsData.js": {"path":"/Users/FireBreather/CO1611/catwalk/tests/RelatedProductsTests/relatedProductsData.js","statementMap":{"0":{"start":{"line":1,"column":28},"end":{"line":411,"column":1}}},"fnMap":{},"branchMap":{},"s":{"0":1},"f":{},"b":{},"_coverageSchema":"1a1c01bbd47fc00a2c39e90264f33305004495a9","hash":"87d269ccaa09d4fdcbb2821f837dcfbfa1b12f34"}
}
