TN:
SF:API/config.js
FNF:0
FNH:0
DA:1,5
LF:1
LH:1
BRF:0
BRH:0
end_of_record
TN:
SF:API/helper.js
FN:9,(anonymous_0)
FN:9,(anonymous_1)
FN:15,(anonymous_2)
FN:18,(anonymous_3)
FNF:4
FNH:0
FNDA:0,(anonymous_0)
FNDA:0,(anonymous_1)
FNDA:0,(anonymous_2)
FNDA:0,(anonymous_3)
DA:6,5
DA:7,5
DA:9,5
DA:10,0
DA:16,0
DA:19,0
DA:23,5
LF:7
LH:4
BRF:0
BRH:0
end_of_record
TN:
SF:client/src/App.jsx
FN:22,(anonymous_0)
FN:28,(anonymous_1)
FN:30,(anonymous_2)
FN:33,(anonymous_3)
FN:36,(anonymous_4)
FN:41,(anonymous_5)
FNF:6
FNH:1
FNDA:1,(anonymous_0)
FNDA:0,(anonymous_1)
FNDA:0,(anonymous_2)
FNDA:0,(anonymous_3)
FNDA:0,(anonymous_4)
FNDA:0,(anonymous_5)
DA:22,1
DA:23,1
DA:24,1
DA:25,1
DA:26,1
DA:28,1
DA:29,0
DA:31,0
DA:32,0
DA:34,0
DA:35,0
DA:37,0
DA:42,0
DA:46,1
LF:14
LH:7
BRF:0
BRH:0
end_of_record
TN:
SF:client/src/Stars.jsx
FN:12,(anonymous_0)
FN:20,(anonymous_1)
FNF:2
FNH:0
FNDA:0,(anonymous_0)
FNDA:0,(anonymous_1)
DA:12,3
DA:13,0
DA:15,0
DA:16,0
DA:19,0
DA:20,0
DA:21,0
DA:23,0
DA:25,0
DA:31,0
DA:33,0
DA:51,0
LF:12
LH:1
BRDA:15,0,0,0
BRDA:15,0,1,0
BRDA:15,1,0,0
BRDA:15,1,1,0
BRF:4
BRH:0
end_of_record
TN:
SF:client/src/contexts/ProductContext.js
FNF:0
FNH:0
DA:10,4
LF:1
LH:1
BRF:0
BRH:0
end_of_record
TN:
SF:client/src/contexts/QaContext.js
FN:5,(anonymous_0)
FN:7,(anonymous_1)
FN:9,(anonymous_2)
FNF:3
FNH:0
FNDA:0,(anonymous_0)
FNDA:0,(anonymous_1)
FNDA:0,(anonymous_2)
DA:3,2
LF:1
LH:1
BRF:0
BRH:0
end_of_record
TN:
SF:client/src/contexts/ReviewContext.js
FNF:0
FNH:0
DA:3,3
LF:1
LH:1
BRF:0
BRH:0
end_of_record
TN:
SF:client/src/contexts/StyleContext.js
FNF:0
FNH:0
DA:5,2
LF:1
LH:1
BRF:0
BRH:0
end_of_record
TN:
SF:client/src/widgets/overview/AddToCart.jsx
FN:20,AddToCart
FN:31,(anonymous_1)
FN:44,(anonymous_2)
FN:48,(anonymous_3)
FN:54,(anonymous_4)
FN:57,(anonymous_5)
FN:63,(anonymous_6)
FN:74,(anonymous_7)
FN:78,(anonymous_8)
FN:101,(anonymous_9)
FN:102,(anonymous_10)
FN:123,(anonymous_11)
FN:144,(anonymous_12)
FN:145,(anonymous_13)
FN:161,(anonymous_14)
FN:162,(anonymous_15)
FN:168,(anonymous_16)
FN:196,(anonymous_17)
FN:197,(anonymous_18)
FN:213,(anonymous_19)
FN:220,(anonymous_20)
FNF:21
FNH:0
FNDA:0,AddToCart
FNDA:0,(anonymous_1)
FNDA:0,(anonymous_2)
FNDA:0,(anonymous_3)
FNDA:0,(anonymous_4)
FNDA:0,(anonymous_5)
FNDA:0,(anonymous_6)
FNDA:0,(anonymous_7)
FNDA:0,(anonymous_8)
FNDA:0,(anonymous_9)
FNDA:0,(anonymous_10)
FNDA:0,(anonymous_11)
FNDA:0,(anonymous_12)
FNDA:0,(anonymous_13)
FNDA:0,(anonymous_14)
FNDA:0,(anonymous_15)
FNDA:0,(anonymous_16)
FNDA:0,(anonymous_17)
FNDA:0,(anonymous_18)
FNDA:0,(anonymous_19)
FNDA:0,(anonymous_20)
DA:21,0
DA:22,0
DA:23,0
DA:24,0
DA:25,0
DA:26,0
DA:27,0
DA:28,0
DA:29,0
DA:30,0
DA:31,0
DA:32,0
DA:33,0
DA:34,0
DA:35,0
DA:38,0
DA:39,0
DA:42,0
DA:44,0
DA:45,0
DA:48,0
DA:49,0
DA:50,0
DA:51,0
DA:52,0
DA:54,0
DA:55,0
DA:57,0
DA:58,0
DA:59,0
DA:63,0
DA:64,0
DA:75,0
DA:76,0
DA:79,0
DA:83,0
DA:84,0
DA:102,0
DA:123,0
DA:128,0
DA:129,0
DA:145,0
DA:162,0
DA:168,0
DA:173,0
DA:197,0
DA:214,0
DA:220,0
LF:48
LH:0
BRDA:33,0,0,0
BRDA:33,0,1,0
BRDA:44,1,0,0
BRDA:44,1,1,0
BRDA:83,2,0,0
BRDA:83,2,1,0
BRDA:128,3,0,0
BRDA:128,3,1,0
BRF:8
BRH:0
end_of_record
TN:
SF:client/src/widgets/overview/ExpandedImageGallery.jsx
FN:20,ExpandedImageGallery
FN:26,(anonymous_1)
FN:29,(anonymous_2)
FN:36,(anonymous_3)
FN:46,(anonymous_4)
FN:61,(anonymous_5)
FN:71,(anonymous_6)
FN:72,(anonymous_7)
FN:102,(anonymous_8)
FNF:9
FNH:0
FNDA:0,ExpandedImageGallery
FNDA:0,(anonymous_1)
FNDA:0,(anonymous_2)
FNDA:0,(anonymous_3)
FNDA:0,(anonymous_4)
FNDA:0,(anonymous_5)
FNDA:0,(anonymous_6)
FNDA:0,(anonymous_7)
FNDA:0,(anonymous_8)
DA:23,0
DA:25,0
DA:26,0
DA:27,0
DA:29,0
DA:30,0
DA:33,0
DA:34,0
DA:37,0
DA:46,0
DA:55,0
DA:56,0
DA:62,0
DA:71,0
DA:72,0
DA:103,0
DA:127,0
LF:17
LH:0
BRDA:33,0,0,0
BRDA:33,0,1,0
BRDA:37,1,0,0
BRDA:37,1,1,0
BRDA:55,2,0,0
BRDA:55,2,1,0
BRDA:62,3,0,0
BRDA:62,3,1,0
BRDA:103,4,0,0
BRDA:103,4,1,0
BRF:10
BRH:0
end_of_record
TN:
SF:client/src/widgets/overview/ImageGallery.jsx
FN:22,ImageGallery
FN:26,(anonymous_1)
FN:36,(anonymous_2)
FN:47,(anonymous_3)
FN:78,(anonymous_4)
FNF:5
FNH:0
FNDA:0,ImageGallery
FNDA:0,(anonymous_1)
FNDA:0,(anonymous_2)
FNDA:0,(anonymous_3)
FNDA:0,(anonymous_4)
DA:25,0
DA:26,0
DA:27,0
DA:30,0
DA:31,0
DA:37,0
DA:48,0
DA:79,0
DA:103,0
LF:9
LH:0
BRDA:30,0,0,0
BRDA:30,0,1,0
BRDA:37,1,0,0
BRDA:37,1,1,0
BRDA:79,2,0,0
BRDA:79,2,1,0
BRF:6
BRH:0
end_of_record
TN:
SF:client/src/widgets/overview/Overview.jsx
FN:25,Overview
FN:34,(anonymous_1)
FN:36,(anonymous_2)
FN:42,(anonymous_3)
FN:46,(anonymous_4)
FNF:5
FNH:1
FNDA:1,Overview
FNDA:0,(anonymous_1)
FNDA:0,(anonymous_2)
FNDA:0,(anonymous_3)
FNDA:0,(anonymous_4)
DA:26,1
DA:27,0
DA:28,0
DA:29,0
DA:30,0
DA:31,0
DA:32,0
DA:34,0
DA:35,0
DA:37,0
DA:38,0
DA:39,0
DA:40,0
DA:41,0
DA:43,0
DA:47,0
DA:60,0
DA:61,0
DA:79,0
DA:80,0
DA:103,0
LF:21
LH:1
BRDA:60,0,0,0
BRDA:60,0,1,0
BRDA:79,1,0,0
BRDA:79,1,1,0
BRF:4
BRH:0
end_of_record
TN:
SF:client/src/widgets/overview/ProductInfoBottom.jsx
FN:12,ProductInfoBottom
FNF:1
FNH:0
FNDA:0,ProductInfoBottom
DA:13,0
DA:15,0
DA:16,0
DA:38,0
LF:4
LH:0
BRDA:15,0,0,0
BRDA:15,0,1,0
BRF:2
BRH:0
end_of_record
TN:
SF:client/src/widgets/overview/ProductInfoTop.jsx
FN:10,ProductInfoTop
FNF:1
FNH:0
FNDA:0,ProductInfoTop
DA:11,0
DA:12,0
DA:14,0
DA:15,0
DA:27,0
LF:5
LH:0
BRDA:14,0,0,0
BRDA:14,0,1,0
BRDA:14,1,0,0
BRDA:14,1,1,0
BRDA:22,2,0,0
BRDA:22,2,1,0
BRF:6
BRH:0
end_of_record
TN:
SF:client/src/widgets/overview/Styles.jsx
FN:19,Styles
FN:23,(anonymous_1)
FN:39,(anonymous_2)
FN:46,(anonymous_3)
FNF:4
FNH:0
FNDA:0,Styles
FNDA:0,(anonymous_1)
FNDA:0,(anonymous_2)
FNDA:0,(anonymous_3)
DA:22,0
DA:23,0
DA:24,0
DA:25,0
DA:28,0
DA:29,0
DA:41,0
DA:46,0
DA:54,0
LF:9
LH:0
BRDA:28,0,0,0
BRDA:28,0,1,0
BRDA:28,1,0,0
BRDA:28,1,1,0
BRF:4
BRH:0
end_of_record
TN:
SF:client/src/widgets/qa/AddAnswer.jsx
FN:26,(anonymous_0)
FN:38,(anonymous_1)
FN:41,(anonymous_2)
FN:49,(anonymous_3)
FN:66,(anonymous_4)
FN:78,(anonymous_5)
FN:79,(anonymous_6)
FN:83,(anonymous_7)
FN:87,(anonymous_8)
FN:95,(anonymous_9)
FN:100,(anonymous_10)
FN:105,(anonymous_11)
FN:110,(anonymous_12)
FN:113,(anonymous_13)
FNF:14
FNH:1
FNDA:36,(anonymous_0)
FNDA:0,(anonymous_1)
FNDA:0,(anonymous_2)
FNDA:0,(anonymous_3)
FNDA:0,(anonymous_4)
FNDA:0,(anonymous_5)
FNDA:0,(anonymous_6)
FNDA:0,(anonymous_7)
FNDA:0,(anonymous_8)
FNDA:0,(anonymous_9)
FNDA:0,(anonymous_10)
FNDA:0,(anonymous_11)
FNDA:0,(anonymous_12)
FNDA:0,(anonymous_13)
DA:8,2
DA:10,2
DA:26,2
DA:31,36
DA:33,36
DA:34,36
DA:35,36
DA:36,36
DA:37,36
DA:38,36
DA:39,0
DA:41,36
DA:42,0
DA:43,0
DA:44,0
DA:45,0
DA:46,0
DA:47,0
DA:49,36
DA:50,0
DA:51,0
DA:57,0
DA:58,0
DA:67,0
DA:68,0
DA:69,0
DA:70,0
DA:71,0
DA:79,0
DA:80,0
DA:84,0
DA:88,0
DA:90,0
DA:92,0
DA:95,36
DA:96,0
DA:97,0
DA:100,36
DA:101,0
DA:102,0
DA:105,36
DA:106,0
DA:107,0
DA:110,36
DA:111,0
DA:112,0
DA:113,0
DA:114,0
DA:115,0
DA:120,36
LF:50
LH:17
BRDA:57,0,0,0
BRDA:57,0,1,0
BRF:2
BRH:0
end_of_record
TN:
SF:client/src/widgets/qa/AddQuestion.jsx
FN:28,(anonymous_0)
FN:40,(anonymous_1)
FN:43,(anonymous_2)
FN:50,(anonymous_3)
FN:67,(anonymous_4)
FN:72,(anonymous_5)
FN:75,(anonymous_6)
FN:79,(anonymous_7)
FN:87,(anonymous_8)
FN:92,(anonymous_9)
FN:97,(anonymous_10)
FNF:11
FNH:1
FNDA:6,(anonymous_0)
FNDA:0,(anonymous_1)
FNDA:0,(anonymous_2)
FNDA:0,(anonymous_3)
FNDA:0,(anonymous_4)
FNDA:0,(anonymous_5)
FNDA:0,(anonymous_6)
FNDA:0,(anonymous_7)
FNDA:0,(anonymous_8)
FNDA:0,(anonymous_9)
FNDA:0,(anonymous_10)
DA:7,2
DA:12,2
DA:28,2
DA:32,6
DA:33,6
DA:35,6
DA:36,6
DA:37,6
DA:38,6
DA:40,6
DA:41,0
DA:43,6
DA:44,0
DA:45,0
DA:46,0
DA:47,0
DA:48,0
DA:50,6
DA:51,0
DA:52,0
DA:58,0
DA:59,0
DA:68,0
DA:69,0
DA:70,0
DA:71,0
DA:73,0
DA:76,0
DA:80,0
DA:82,0
DA:84,0
DA:87,6
DA:88,0
DA:89,0
DA:92,6
DA:93,0
DA:94,0
DA:97,6
DA:98,0
DA:99,0
DA:102,6
LF:41
LH:16
BRDA:58,0,0,0
BRDA:58,0,1,0
BRF:2
BRH:0
end_of_record
TN:
SF:client/src/widgets/qa/Answer.jsx
FN:8,(anonymous_0)
FNF:1
FNH:1
FNDA:18,(anonymous_0)
DA:8,2
DA:9,18
DA:10,18
DA:11,18
LF:4
LH:4
BRF:0
BRH:0
end_of_record
TN:
SF:client/src/widgets/qa/Helpful.jsx
FN:9,(anonymous_0)
FN:14,(anonymous_1)
FN:22,(anonymous_2)
FN:34,(anonymous_3)
FN:38,(anonymous_4)
FN:42,(anonymous_5)
FN:54,(anonymous_6)
FN:58,(anonymous_7)
FNF:8
FNH:2
FNDA:72,(anonymous_0)
FNDA:30,(anonymous_1)
FNDA:0,(anonymous_2)
FNDA:0,(anonymous_3)
FNDA:0,(anonymous_4)
FNDA:0,(anonymous_5)
FNDA:0,(anonymous_6)
FNDA:0,(anonymous_7)
DA:9,2
DA:10,72
DA:11,72
DA:12,72
DA:14,72
DA:15,30
DA:16,12
DA:18,18
DA:22,72
DA:23,0
DA:24,0
DA:35,0
DA:36,0
DA:39,0
DA:42,72
DA:43,0
DA:44,0
DA:55,0
DA:56,0
DA:59,0
DA:63,72
DA:64,36
DA:65,36
DA:72,0
DA:78,36
DA:79,36
DA:86,0
LF:27
LH:15
BRDA:15,0,0,12
BRDA:15,0,1,18
BRDA:63,1,0,36
BRDA:63,1,1,36
BRDA:64,2,0,36
BRDA:64,2,1,0
BRDA:78,3,0,36
BRDA:78,3,1,0
BRF:8
BRH:6
end_of_record
TN:
SF:client/src/widgets/qa/QandA.jsx
FN:8,(anonymous_0)
FN:14,(anonymous_1)
FN:18,(anonymous_2)
FN:19,(anonymous_3)
FN:23,(anonymous_4)
FN:29,(anonymous_5)
FNF:6
FNH:0
FNDA:0,(anonymous_0)
FNDA:0,(anonymous_1)
FNDA:0,(anonymous_2)
FNDA:0,(anonymous_3)
FNDA:0,(anonymous_4)
FNDA:0,(anonymous_5)
DA:8,1
DA:9,0
DA:10,0
DA:11,0
DA:12,0
DA:14,0
DA:15,0
DA:16,0
DA:17,0
DA:19,0
DA:20,0
DA:24,0
DA:29,0
DA:30,0
DA:33,0
DA:34,0
DA:55,0
LF:17
LH:1
BRDA:15,0,0,0
BRDA:15,0,1,0
BRDA:33,1,0,0
BRDA:33,1,1,0
BRF:4
BRH:0
end_of_record
TN:
SF:client/src/widgets/qa/Question.jsx
FN:11,(anonymous_0)
FN:17,(anonymous_1)
FN:22,(anonymous_2)
FN:27,(anonymous_3)
FN:33,(anonymous_4)
FN:60,(anonymous_5)
FN:70,(anonymous_6)
FNF:7
FNH:5
FNDA:36,(anonymous_0)
FNDA:0,(anonymous_1)
FNDA:12,(anonymous_2)
FNDA:6,(anonymous_3)
FNDA:24,(anonymous_4)
FNDA:18,(anonymous_5)
FNDA:0,(anonymous_6)
DA:11,2
DA:12,36
DA:13,36
DA:14,36
DA:15,36
DA:17,36
DA:18,0
DA:19,0
DA:22,36
DA:23,12
DA:24,12
DA:25,18
DA:27,12
DA:28,6
DA:30,12
DA:33,36
DA:34,24
DA:35,12
DA:36,0
DA:37,0
DA:38,0
DA:47,0
DA:58,0
DA:59,12
DA:60,12
DA:61,18
DA:70,12
DA:71,0
DA:81,36
LF:29
LH:21
BRDA:34,0,0,12
BRDA:34,0,1,12
BRDA:34,1,0,24
BRDA:34,1,1,24
BRDA:35,2,0,0
BRDA:35,2,1,12
BRDA:59,3,0,12
BRDA:59,3,1,0
BRF:8
BRH:6
end_of_record
TN:
SF:client/src/widgets/qa/QuestionList.jsx
FN:8,(anonymous_0)
FN:17,(anonymous_1)
FN:22,(anonymous_2)
FN:26,(anonymous_3)
FN:37,(anonymous_4)
FNF:5
FNH:5
FNDA:6,(anonymous_0)
FNDA:3,(anonymous_1)
FNDA:3,(anonymous_2)
FNDA:1,(anonymous_3)
FNDA:12,(anonymous_4)
DA:8,2
DA:14,6
DA:15,6
DA:17,6
DA:18,3
DA:19,3
DA:22,6
DA:23,3
DA:26,6
DA:27,1
DA:30,6
DA:38,12
LF:12
LH:12
BRF:0
BRH:0
end_of_record
TN:
SF:client/src/widgets/qa/Report.jsx
FN:7,(anonymous_0)
FN:10,(anonymous_1)
FN:22,(anonymous_2)
FN:32,(anonymous_3)
FNF:4
FNH:1
FNDA:18,(anonymous_0)
FNDA:0,(anonymous_1)
FNDA:0,(anonymous_2)
FNDA:0,(anonymous_3)
DA:7,2
DA:8,18
DA:10,18
DA:11,0
DA:12,0
DA:23,0
DA:24,0
DA:25,0
DA:26,0
DA:27,0
DA:30,0
DA:33,0
DA:37,18
LF:13
LH:4
BRDA:25,0,0,0
BRDA:25,0,1,0
BRF:2
BRH:0
end_of_record
TN:
SF:client/src/widgets/qa/Search.jsx
FN:4,(anonymous_0)
FN:8,(anonymous_1)
FN:19,(anonymous_2)
FN:21,(anonymous_3)
FNF:4
FNH:2
FNDA:6,(anonymous_0)
FNDA:0,(anonymous_1)
FNDA:3,(anonymous_2)
FNDA:0,(anonymous_3)
DA:4,2
DA:5,6
DA:6,6
DA:8,6
DA:9,0
DA:10,0
DA:11,0
DA:12,0
DA:13,0
DA:15,0
DA:19,6
DA:20,3
DA:21,0
DA:22,0
DA:25,3
DA:29,6
LF:16
LH:8
BRDA:10,0,0,0
BRDA:10,0,1,0
BRDA:12,1,0,0
BRDA:12,1,1,0
BRDA:20,2,0,0
BRDA:20,2,1,3
BRDA:37,3,0,0
BRDA:37,3,1,6
BRF:8
BRH:2
end_of_record
TN:
SF:client/src/widgets/qa/helpers.js
FN:1,(anonymous_0)
FN:6,(anonymous_1)
FNF:2
FNH:0
FNDA:0,(anonymous_0)
FNDA:0,(anonymous_1)
DA:1,2
DA:2,0
DA:3,0
DA:6,2
DA:7,0
DA:8,0
DA:10,0
DA:11,0
DA:13,0
LF:9
LH:2
BRDA:7,0,0,0
BRDA:7,0,1,0
BRDA:7,1,0,0
BRDA:7,1,1,0
BRDA:10,2,0,0
BRDA:10,2,1,0
BRF:6
BRH:0
end_of_record
TN:
SF:client/src/widgets/relatedProducts/ComparisonModal.jsx
FN:13,ComparisonModal
FN:29,(anonymous_1)
FN:30,(anonymous_2)
FN:43,(anonymous_3)
FN:54,(anonymous_4)
FNF:5
FNH:0
FNDA:0,ComparisonModal
FNDA:0,(anonymous_1)
FNDA:0,(anonymous_2)
FNDA:0,(anonymous_3)
FNDA:0,(anonymous_4)
DA:14,0
DA:15,0
DA:28,0
DA:29,0
DA:30,0
DA:44,0
DA:55,0
LF:7
LH:0
BRDA:50,0,0,0
BRDA:50,0,1,0
BRDA:50,1,0,0
BRDA:50,1,1,0
BRDA:56,2,0,0
BRDA:56,2,1,0
BRDA:56,3,0,0
BRDA:56,3,1,0
BRDA:63,4,0,0
BRDA:63,4,1,0
BRF:10
BRH:0
end_of_record
TN:
SF:client/src/widgets/relatedProducts/MyOutfitCard.jsx
FN:9,MyOutfitCard
FN:15,(anonymous_1)
FNF:2
FNH:0
FNDA:0,MyOutfitCard
FNDA:0,(anonymous_1)
DA:10,0
DA:15,0
LF:2
LH:0
BRF:0
BRH:0
end_of_record
TN:
SF:client/src/widgets/relatedProducts/MyOutfitList.jsx
FN:12,MyOutfitList
FNF:1
FNH:0
FNDA:0,MyOutfitList
DA:13,0
DA:15,0
LF:2
LH:0
BRDA:23,0,0,0
BRDA:23,0,1,0
BRF:2
BRH:0
end_of_record
TN:
SF:client/src/widgets/relatedProducts/ProductCard.jsx
FN:8,ProductCard
FN:13,(anonymous_1)
FNF:2
FNH:0
FNDA:0,ProductCard
FNDA:0,(anonymous_1)
DA:9,0
DA:13,0
LF:2
LH:0
BRDA:11,0,0,0
BRDA:11,0,1,0
BRF:2
BRH:0
end_of_record
TN:
SF:client/src/widgets/relatedProducts/Products.jsx
FN:14,RelatedProducts
FN:20,(anonymous_1)
FN:36,(anonymous_2)
FN:38,(anonymous_3)
FN:42,(anonymous_4)
FN:46,(anonymous_5)
FN:50,(anonymous_6)
FN:54,(anonymous_7)
FN:58,(anonymous_8)
FN:63,(anonymous_9)
FN:65,(anonymous_10)
FN:68,(anonymous_11)
FNF:12
FNH:1
FNDA:1,RelatedProducts
FNDA:0,(anonymous_1)
FNDA:0,(anonymous_2)
FNDA:0,(anonymous_3)
FNDA:0,(anonymous_4)
FNDA:0,(anonymous_5)
FNDA:0,(anonymous_6)
FNDA:0,(anonymous_7)
FNDA:0,(anonymous_8)
FNDA:0,(anonymous_9)
FNDA:0,(anonymous_10)
FNDA:0,(anonymous_11)
DA:15,1
DA:16,1
DA:17,1
DA:18,1
DA:20,1
DA:21,0
DA:22,0
DA:25,0
DA:31,0
DA:32,0
DA:36,1
DA:38,0
DA:39,0
DA:42,0
DA:43,0
DA:46,0
DA:47,0
DA:50,0
DA:51,0
DA:54,0
DA:55,0
DA:58,0
DA:59,0
DA:63,1
DA:64,0
DA:66,0
DA:69,0
DA:73,1
DA:74,0
DA:87,1
LF:30
LH:9
BRDA:21,0,0,0
BRDA:21,0,1,0
BRDA:21,1,0,0
BRDA:21,1,1,0
BRDA:73,2,0,0
BRDA:73,2,1,1
BRDA:73,3,0,1
BRDA:73,3,1,0
BRF:8
BRH:2
end_of_record
TN:
SF:client/src/widgets/relatedProducts/RelatedProductsCard.jsx
FN:14,RelatedProductsCard
FN:25,(anonymous_1)
FNF:2
FNH:0
FNDA:0,RelatedProductsCard
FNDA:0,(anonymous_1)
DA:17,0
DA:18,0
DA:25,0
LF:3
LH:0
BRDA:22,0,0,0
BRDA:22,0,1,0
BRDA:23,1,0,0
BRDA:23,1,1,0
BRDA:36,2,0,0
BRDA:36,2,1,0
BRDA:38,3,0,0
BRDA:38,3,1,0
BRDA:42,4,0,0
BRDA:42,4,1,0
BRF:10
BRH:0
end_of_record
TN:
SF:client/src/widgets/relatedProducts/RelatedProductsList.jsx
FN:15,RelatedProductsList
FN:23,(anonymous_1)
FNF:2
FNH:0
FNDA:0,RelatedProductsList
FNDA:0,(anonymous_1)
DA:18,0
DA:19,0
DA:24,0
LF:3
LH:0
BRF:0
BRH:0
end_of_record
TN:
SF:client/src/widgets/reviews/AddReview.jsx
FN:16,(anonymous_0)
FN:34,(anonymous_1)
FN:38,(anonymous_2)
FN:43,(anonymous_3)
FN:48,(anonymous_4)
FN:68,(anonymous_5)
FN:83,(anonymous_6)
FN:88,(anonymous_7)
FN:92,(anonymous_8)
FN:105,(anonymous_9)
FN:111,(anonymous_10)
FN:115,(anonymous_11)
FN:119,(anonymous_12)
FN:123,(anonymous_13)
FN:127,(anonymous_14)
FN:156,(anonymous_15)
FN:166,(anonymous_16)
FN:168,(anonymous_17)
FN:193,(anonymous_18)
FN:202,(anonymous_19)
FN:217,(anonymous_20)
FN:221,(anonymous_21)
FN:224,(anonymous_22)
FNF:23
FNH:0
FNDA:0,(anonymous_0)
FNDA:0,(anonymous_1)
FNDA:0,(anonymous_2)
FNDA:0,(anonymous_3)
FNDA:0,(anonymous_4)
FNDA:0,(anonymous_5)
FNDA:0,(anonymous_6)
FNDA:0,(anonymous_7)
FNDA:0,(anonymous_8)
FNDA:0,(anonymous_9)
FNDA:0,(anonymous_10)
FNDA:0,(anonymous_11)
FNDA:0,(anonymous_12)
FNDA:0,(anonymous_13)
FNDA:0,(anonymous_14)
FNDA:0,(anonymous_15)
FNDA:0,(anonymous_16)
FNDA:0,(anonymous_17)
FNDA:0,(anonymous_18)
FNDA:0,(anonymous_19)
FNDA:0,(anonymous_20)
FNDA:0,(anonymous_21)
FNDA:0,(anonymous_22)
DA:14,2
DA:16,2
DA:17,0
DA:18,0
DA:21,0
DA:22,0
DA:23,0
DA:24,0
DA:25,0
DA:26,0
DA:27,0
DA:28,0
DA:29,0
DA:30,0
DA:31,0
DA:32,0
DA:34,0
DA:35,0
DA:38,0
DA:39,0
DA:40,0
DA:43,0
DA:44,0
DA:45,0
DA:48,0
DA:49,0
DA:50,0
DA:69,0
DA:84,0
DA:88,0
DA:89,0
DA:92,0
DA:94,0
DA:96,0
DA:105,0
DA:106,0
DA:111,0
DA:115,0
DA:119,0
DA:123,0
DA:127,0
DA:131,0
DA:134,0
DA:156,0
DA:166,0
DA:168,0
DA:193,0
DA:202,0
DA:217,0
DA:221,0
DA:224,0
LF:51
LH:2
BRDA:27,0,0,0
BRDA:27,0,1,0
BRDA:92,1,0,0
BRDA:92,1,1,0
BRDA:94,2,0,0
BRDA:94,2,1,0
BRDA:106,3,0,0
BRDA:106,3,1,0
BRF:8
BRH:0
end_of_record
TN:
SF:client/src/widgets/reviews/IndividualReview.jsx
FN:15,(anonymous_0)
FN:21,(anonymous_1)
FN:33,(anonymous_2)
FN:36,(anonymous_3)
FN:45,(anonymous_4)
FN:76,(anonymous_5)
FN:89,(anonymous_6)
FN:99,(anonymous_7)
FNF:8
FNH:0
FNDA:0,(anonymous_0)
FNDA:0,(anonymous_1)
FNDA:0,(anonymous_2)
FNDA:0,(anonymous_3)
FNDA:0,(anonymous_4)
FNDA:0,(anonymous_5)
FNDA:0,(anonymous_6)
FNDA:0,(anonymous_7)
DA:13,2
DA:15,2
DA:16,0
DA:17,0
DA:18,0
DA:19,0
DA:21,0
DA:22,0
DA:23,0
DA:34,0
DA:37,0
DA:41,0
DA:43,0
DA:45,0
DA:46,0
DA:47,0
DA:48,0
DA:51,0
DA:76,0
DA:89,0
DA:99,0
LF:21
LH:2
BRDA:16,0,0,0
BRDA:16,0,1,0
BRDA:17,1,0,0
BRDA:17,1,1,0
BRDA:18,2,0,0
BRDA:18,2,1,0
BRDA:41,3,0,0
BRDA:41,3,1,0
BRDA:43,4,0,0
BRDA:43,4,1,0
BRF:10
BRH:0
end_of_record
TN:
SF:client/src/widgets/reviews/ProductBreakDown.jsx
FN:6,(anonymous_0)
FNF:1
FNH:0
FNDA:0,(anonymous_0)
DA:6,2
DA:7,0
DA:8,0
DA:9,0
DA:11,0
DA:24,0
DA:37,0
DA:50,0
DA:63,0
DA:77,0
DA:78,0
DA:92,0
LF:12
LH:1
BRDA:11,0,0,0
BRDA:11,0,1,0
BRDA:24,1,0,0
BRDA:24,1,1,0
BRDA:37,2,0,0
BRDA:37,2,1,0
BRDA:50,3,0,0
BRDA:50,3,1,0
BRDA:63,4,0,0
BRDA:63,4,1,0
BRDA:77,5,0,0
BRDA:77,5,1,0
BRF:12
BRH:0
end_of_record
TN:
SF:client/src/widgets/reviews/ReviewBreakDown.jsx
FN:9,(anonymous_0)
FN:21,(anonymous_1)
FN:26,(anonymous_2)
FN:27,(anonymous_3)
FN:32,(anonymous_4)
FN:80,(anonymous_5)
FN:86,(anonymous_6)
FN:92,(anonymous_7)
FN:98,(anonymous_8)
FN:104,(anonymous_9)
FNF:10
FNH:0
FNDA:0,(anonymous_0)
FNDA:0,(anonymous_1)
FNDA:0,(anonymous_2)
FNDA:0,(anonymous_3)
FNDA:0,(anonymous_4)
FNDA:0,(anonymous_5)
FNDA:0,(anonymous_6)
FNDA:0,(anonymous_7)
FNDA:0,(anonymous_8)
FNDA:0,(anonymous_9)
DA:9,2
DA:10,0
DA:11,0
DA:12,0
DA:14,0
DA:17,0
DA:20,0
DA:21,0
DA:22,0
DA:24,0
DA:26,0
DA:27,0
DA:28,0
DA:29,0
DA:32,0
DA:33,0
DA:34,0
DA:35,0
DA:36,0
DA:37,0
DA:38,0
DA:39,0
DA:40,0
DA:41,0
DA:43,0
DA:44,0
DA:47,0
DA:48,0
DA:49,0
DA:53,0
DA:55,0
DA:57,0
DA:59,0
DA:61,0
DA:63,0
DA:66,0
DA:67,0
DA:80,0
DA:86,0
DA:92,0
DA:98,0
DA:104,0
DA:116,0
DA:117,0
DA:119,0
LF:45
LH:1
BRDA:34,0,0,0
BRDA:34,0,1,0
BRDA:37,1,0,0
BRDA:37,1,1,0
BRDA:38,2,0,0
BRDA:38,2,1,0
BRDA:53,3,0,0
BRDA:53,3,1,0
BRDA:55,4,0,0
BRDA:55,4,1,0
BRDA:57,5,0,0
BRDA:57,5,1,0
BRDA:59,6,0,0
BRDA:59,6,1,0
BRDA:61,7,0,0
BRDA:61,7,1,0
BRDA:63,8,0,0
BRDA:63,8,1,0
BRDA:66,9,0,0
BRDA:66,9,1,0
BRDA:116,10,0,0
BRDA:116,10,1,0
BRF:22
BRH:0
end_of_record
TN:
SF:client/src/widgets/reviews/ReviewPhotos.jsx
FN:3,(anonymous_0)
FN:4,(anonymous_1)
FNF:2
FNH:0
FNDA:0,(anonymous_0)
FNDA:0,(anonymous_1)
DA:3,2
DA:4,0
DA:5,0
DA:6,0
DA:8,0
LF:5
LH:1
BRF:0
BRH:0
end_of_record
TN:
SF:client/src/widgets/reviews/ReviewSearch.jsx
FN:5,(anonymous_0)
FN:9,(anonymous_1)
FN:10,(anonymous_2)
FN:15,(anonymous_3)
FN:33,(anonymous_4)
FNF:5
FNH:0
FNDA:0,(anonymous_0)
FNDA:0,(anonymous_1)
FNDA:0,(anonymous_2)
FNDA:0,(anonymous_3)
FNDA:0,(anonymous_4)
DA:5,2
DA:6,0
DA:7,0
DA:9,0
DA:10,0
DA:11,0
DA:12,0
DA:15,0
DA:16,0
DA:18,0
DA:20,0
DA:21,0
DA:23,0
DA:27,0
DA:33,0
LF:15
LH:1
BRDA:20,0,0,0
BRDA:20,0,1,0
BRF:2
BRH:0
end_of_record
TN:
SF:client/src/widgets/reviews/ReviewsList.jsx
FN:15,(anonymous_0)
FN:22,(anonymous_1)
FN:28,(anonymous_2)
FN:32,(anonymous_3)
FN:34,(anonymous_4)
FN:37,(anonymous_5)
FN:42,(anonymous_6)
FN:63,(anonymous_7)
FN:64,(anonymous_8)
FN:65,(anonymous_9)
FN:76,(anonymous_10)
FNF:11
FNH:0
FNDA:0,(anonymous_0)
FNDA:0,(anonymous_1)
FNDA:0,(anonymous_2)
FNDA:0,(anonymous_3)
FNDA:0,(anonymous_4)
FNDA:0,(anonymous_5)
FNDA:0,(anonymous_6)
FNDA:0,(anonymous_7)
FNDA:0,(anonymous_8)
FNDA:0,(anonymous_9)
FNDA:0,(anonymous_10)
DA:15,2
DA:16,0
DA:17,0
DA:18,0
DA:19,0
DA:20,0
DA:22,0
DA:23,0
DA:26,0
DA:28,0
DA:29,0
DA:32,0
DA:33,0
DA:35,0
DA:38,0
DA:42,0
DA:44,0
DA:63,0
DA:64,0
DA:65,0
DA:77,0
LF:21
LH:1
BRDA:42,0,0,0
BRDA:42,0,1,0
BRF:2
BRH:0
end_of_record
TN:
SF:client/src/widgets/reviews/ReviewsRatings.jsx
FN:16,(anonymous_0)
FN:26,(anonymous_1)
FN:28,(anonymous_2)
FN:32,(anonymous_3)
FNF:4
FNH:1
FNDA:3,(anonymous_0)
FNDA:0,(anonymous_1)
FNDA:0,(anonymous_2)
FNDA:0,(anonymous_3)
DA:16,2
DA:17,3
DA:19,2
DA:20,0
DA:21,0
DA:22,0
DA:23,0
DA:24,0
DA:26,0
DA:27,0
DA:29,0
DA:30,0
DA:33,0
DA:37,0
DA:38,0
DA:71,0
LF:16
LH:3
BRDA:37,0,0,0
BRDA:37,0,1,0
BRF:2
BRH:0
end_of_record
TN:
SF:tests/questionsData.js
FNF:0
FNH:0
DA:1,1
LF:1
LH:1
BRF:0
BRH:0
end_of_record
TN:
SF:tests/testconfig.js
FNF:0
FNH:0
DA:2,4
DA:3,4
DA:5,4
LF:3
LH:3
BRF:0
BRH:0
end_of_record
